0 verbose cli E:\developer_tools\nodejs\node.exe E:\developer_tools\nodejs\node_modules\npm\bin\npm-cli.js
1 info using npm@10.9.2
2 info using node@v22.14.0
3 silly config load:file:E:\developer_tools\nodejs\node_modules\npm\npmrc
4 silly config load:file:E:\桌面\javahotel\heqing99\.npmrc
5 silly config load:file:C:\Users\上善若水\.npmrc
6 silly config load:file:E:\桌面\javahotel\heqing99\developer_toolsnodejsnode_global\etc\npmrc
7 verbose title npm run stop
8 verbose argv "run" "stop"
9 verbose logfile logs-max:10 dir:E:\桌面\javahotel\heqing99\developer_toolsnodejsnode_cache\_logs\2025-04-01T09_21_50_497Z-
10 verbose logfile E:\桌面\javahotel\heqing99\developer_toolsnodejsnode_cache\_logs\2025-04-01T09_21_50_497Z-debug-0.log
11 silly logfile start cleaning logs, removing 1 files
12 silly logfile done cleaning log files
13 verbose stack Error: Missing script: "stop"
13 verbose stack
13 verbose stack To see a list of scripts, run:
13 verbose stack   npm run
13 verbose stack     at #run (E:\developer_tools\nodejs\node_modules\npm\lib\commands\run-script.js:111:13)
13 verbose stack     at async RunScript.exec (E:\developer_tools\nodejs\node_modules\npm\lib\commands\run-script.js:40:7)
13 verbose stack     at async Npm.exec (E:\developer_tools\nodejs\node_modules\npm\lib\npm.js:207:9)
13 verbose stack     at async module.exports (E:\developer_tools\nodejs\node_modules\npm\lib\cli\entry.js:74:5)
14 error Missing script: "stop"
14 error
14 error To see a list of scripts, run:
14 error   npm run
15 verbose cwd E:\桌面\javahotel\heqing99
16 verbose os Windows_NT 10.0.22000
17 verbose node v22.14.0
18 verbose npm  v10.9.2
19 verbose exit 1
20 verbose code 1
21 error A complete log of this run can be found in: E:\桌面\javahotel\heqing99\developer_toolsnodejsnode_cache\_logs\2025-04-01T09_21_50_497Z-debug-0.log
