0 verbose cli E:\developer_tools\nodejs\node.exe E:\developer_tools\nodejs\node_modules\npm\bin\npm-cli.js
1 info using npm@10.9.2
2 info using node@v22.14.0
3 silly config load:file:E:\developer_tools\nodejs\node_modules\npm\npmrc
4 silly config load:file:E:\桌面\javahotel\heqing99\.npmrc
5 silly config load:file:C:\Users\上善若水\.npmrc
6 silly config load:file:E:\桌面\javahotel\heqing99\developer_toolsnodejsnode_global\etc\npmrc
7 verbose title npm install
8 verbose argv "install"
9 verbose logfile logs-max:10 dir:E:\桌面\javahotel\heqing99\developer_toolsnodejsnode_cache\_logs\2025-04-01T09_23_49_820Z-
10 verbose logfile E:\桌面\javahotel\heqing99\developer_toolsnodejsnode_cache\_logs\2025-04-01T09_23_49_820Z-debug-0.log
11 silly logfile start cleaning logs, removing 1 files
12 silly packumentCache heap:4345298944 maxSize:1086324736 maxEntrySize:543162368
13 silly logfile done cleaning log files
14 silly idealTree buildDeps
15 silly fetch manifest vue@^3.3.4
16 silly packumentCache full:https://registry.npmmirror.com/vue cache-miss
17 http fetch GET 200 https://registry.npmmirror.com/vue 462ms (cache updated)
18 silly packumentCache full:https://registry.npmmirror.com/vue set size:354916 disposed:false
19 silly fetch manifest typescript@*
20 silly packumentCache full:https://registry.npmmirror.com/typescript cache-miss
21 http fetch GET 200 https://registry.npmmirror.com/typescript 333ms (cache updated)
22 silly packumentCache full:https://registry.npmmirror.com/typescript set size:1534696 disposed:false
23 silly fetch manifest element-plus@^2.3.8
24 silly packumentCache full:https://registry.npmmirror.com/element-plus cache-miss
25 http fetch GET 200 https://registry.npmmirror.com/element-plus 128ms (cache updated)
26 silly packumentCache full:https://registry.npmmirror.com/element-plus set size:151080 disposed:false
27 silly fetch manifest vue-router@^4.2.4
28 silly packumentCache full:https://registry.npmmirror.com/vue-router cache-miss
29 http fetch GET 200 https://registry.npmmirror.com/vue-router 102ms (cache revalidated)
30 silly packumentCache full:https://registry.npmmirror.com/vue-router set size:805539 disposed:false
31 silly fetch manifest @amap/amap-jsapi-loader@^1.0.1
32 silly packumentCache full:https://registry.npmmirror.com/@amap%2famap-jsapi-loader cache-miss
33 http fetch GET 200 https://registry.npmmirror.com/@amap%2famap-jsapi-loader 62ms (cache updated)
34 silly packumentCache full:https://registry.npmmirror.com/@amap%2famap-jsapi-loader set size:4569 disposed:false
35 silly fetch manifest @vitejs/plugin-vue@^4.2.3
36 silly packumentCache full:https://registry.npmmirror.com/@vitejs%2fplugin-vue cache-miss
37 http fetch GET 200 https://registry.npmmirror.com/@vitejs%2fplugin-vue 104ms (cache updated)
38 silly packumentCache full:https://registry.npmmirror.com/@vitejs%2fplugin-vue set size:73147 disposed:false
39 silly fetch manifest vite@^4.4.0
40 silly packumentCache full:https://registry.npmmirror.com/vite cache-miss
41 http fetch GET 200 https://registry.npmmirror.com/vite 896ms (cache updated)
42 silly packumentCache full:https://registry.npmmirror.com/vite set size:6165168 disposed:false
43 silly fetch manifest @types/node@>= 14
44 silly packumentCache full:https://registry.npmmirror.com/@types%2fnode cache-miss
45 http fetch GET 200 https://registry.npmmirror.com/@types%2fnode 321ms (cache updated)
46 silly packumentCache full:https://registry.npmmirror.com/@types%2fnode set size:1010584 disposed:false
47 silly fetch manifest less@*
48 silly packumentCache full:https://registry.npmmirror.com/less cache-miss
49 http fetch GET 200 https://registry.npmmirror.com/less 152ms (cache updated)
50 silly packumentCache full:https://registry.npmmirror.com/less set size:44544 disposed:false
51 silly fetch manifest lightningcss@^1.21.0
52 silly packumentCache full:https://registry.npmmirror.com/lightningcss cache-miss
53 http fetch GET 200 https://registry.npmmirror.com/lightningcss 76ms (cache revalidated)
54 silly packumentCache full:https://registry.npmmirror.com/lightningcss set size:165069 disposed:false
55 silly fetch manifest sass@*
56 silly packumentCache full:https://registry.npmmirror.com/sass cache-miss
57 http fetch GET 200 https://registry.npmmirror.com/sass 84ms (cache updated)
58 silly packumentCache full:https://registry.npmmirror.com/sass set size:115465 disposed:false
59 silly fetch manifest stylus@*
60 silly packumentCache full:https://registry.npmmirror.com/stylus cache-miss
61 http fetch GET 200 https://registry.npmmirror.com/stylus 119ms (cache revalidated)
62 silly packumentCache full:https://registry.npmmirror.com/stylus set size:279674 disposed:false
63 silly fetch manifest sugarss@*
64 silly packumentCache full:https://registry.npmmirror.com/sugarss cache-miss
65 http fetch GET 200 https://registry.npmmirror.com/sugarss 124ms (cache revalidated)
66 silly packumentCache full:https://registry.npmmirror.com/sugarss set size:36386 disposed:false
67 silly fetch manifest postcss@^8.3.3
68 silly packumentCache full:https://registry.npmmirror.com/postcss cache-miss
69 http fetch GET 200 https://registry.npmmirror.com/postcss 128ms (cache revalidated)
70 silly packumentCache full:https://registry.npmmirror.com/postcss set size:602307 disposed:false
71 silly fetch manifest terser@^5.4.0
72 silly packumentCache full:https://registry.npmmirror.com/terser cache-miss
73 http fetch GET 200 https://registry.npmmirror.com/terser 119ms (cache updated)
74 silly packumentCache full:https://registry.npmmirror.com/terser set size:104942 disposed:false
75 silly placeDep ROOT @amap/amap-jsapi-loader@1.0.1 OK for: hotel-frontend@0.0.1 want: ^1.0.1
76 silly placeDep ROOT @vitejs/plugin-vue@4.6.2 OK for: hotel-frontend@0.0.1 want: ^4.2.3
77 silly placeDep ROOT vite@4.5.11 OK for: @vitejs/plugin-vue@4.6.2 want: ^4.0.0 || ^5.0.0
78 silly placeDep ROOT vue@3.5.13 OK for: @vitejs/plugin-vue@4.6.2 want: ^3.2.25
79 silly placeDep ROOT element-plus@2.9.7 OK for: hotel-frontend@0.0.1 want: ^2.3.8
80 silly placeDep ROOT vue-router@4.5.0 OK for: hotel-frontend@0.0.1 want: ^4.2.4
81 silly fetch manifest @vue/shared@3.5.13
82 silly packumentCache full:https://registry.npmmirror.com/@vue%2fshared cache-miss
83 silly fetch manifest @vue/runtime-dom@3.5.13
84 silly packumentCache full:https://registry.npmmirror.com/@vue%2fruntime-dom cache-miss
85 silly fetch manifest @vue/compiler-dom@3.5.13
86 silly packumentCache full:https://registry.npmmirror.com/@vue%2fcompiler-dom cache-miss
87 silly fetch manifest @vue/compiler-sfc@3.5.13
88 silly packumentCache full:https://registry.npmmirror.com/@vue%2fcompiler-sfc cache-miss
89 silly fetch manifest @vue/server-renderer@3.5.13
90 silly packumentCache full:https://registry.npmmirror.com/@vue%2fserver-renderer cache-miss
91 silly fetch manifest esbuild@^0.18.10
92 silly packumentCache full:https://registry.npmmirror.com/esbuild cache-miss
93 silly fetch manifest postcss@^8.4.27
94 silly packumentCache full:https://registry.npmmirror.com/postcss cache-hit
95 silly fetch manifest rollup@^3.27.1
96 silly packumentCache full:https://registry.npmmirror.com/rollup cache-miss
97 silly fetch manifest fsevents@~2.3.2
98 silly packumentCache full:https://registry.npmmirror.com/fsevents cache-miss
99 silly fetch manifest @ctrl/tinycolor@^3.4.1
100 silly packumentCache full:https://registry.npmmirror.com/@ctrl%2ftinycolor cache-miss
101 silly fetch manifest @element-plus/icons-vue@^2.3.1
102 silly packumentCache full:https://registry.npmmirror.com/@element-plus%2ficons-vue cache-miss
103 silly fetch manifest @floating-ui/dom@^1.0.1
104 silly packumentCache full:https://registry.npmmirror.com/@floating-ui%2fdom cache-miss
105 silly fetch manifest @popperjs/core@npm:@sxzz/popperjs-es@^2.11.7
106 silly packumentCache full:https://registry.npmmirror.com/@sxzz%2fpopperjs-es cache-miss
107 silly fetch manifest @types/lodash@^4.14.182
108 silly packumentCache full:https://registry.npmmirror.com/@types%2flodash cache-miss
109 silly fetch manifest @types/lodash-es@^4.17.6
110 silly packumentCache full:https://registry.npmmirror.com/@types%2flodash-es cache-miss
111 silly fetch manifest @vueuse/core@^9.1.0
112 silly packumentCache full:https://registry.npmmirror.com/@vueuse%2fcore cache-miss
113 http fetch GET 200 https://registry.npmmirror.com/@vue%2fcompiler-sfc 202ms (cache revalidated)
114 silly packumentCache full:https://registry.npmmirror.com/@vue%2fcompiler-sfc set size:786552 disposed:false
115 silly fetch manifest async-validator@^4.2.5
116 silly packumentCache full:https://registry.npmmirror.com/async-validator cache-miss
117 http fetch GET 200 https://registry.npmmirror.com/esbuild 228ms (cache revalidated)
118 silly packumentCache full:https://registry.npmmirror.com/esbuild set size:954078 disposed:false
119 silly fetch manifest dayjs@^1.11.13
120 silly packumentCache full:https://registry.npmmirror.com/dayjs cache-miss
121 http fetch GET 200 https://registry.npmmirror.com/@vue%2fruntime-dom 257ms (cache revalidated)
122 silly packumentCache full:https://registry.npmmirror.com/@vue%2fruntime-dom set size:640849 disposed:false
123 silly fetch manifest escape-html@^1.0.3
124 silly packumentCache full:https://registry.npmmirror.com/escape-html cache-miss
125 http fetch GET 200 https://registry.npmmirror.com/@vue%2fserver-renderer 265ms (cache revalidated)
126 silly packumentCache full:https://registry.npmmirror.com/@vue%2fserver-renderer set size:625342 disposed:false
127 silly fetch manifest lodash@^4.17.21
128 silly packumentCache full:https://registry.npmmirror.com/lodash cache-miss
129 http fetch GET 200 https://registry.npmmirror.com/fsevents 293ms (cache revalidated)
130 silly packumentCache full:https://registry.npmmirror.com/fsevents set size:122258 disposed:false
131 silly fetch manifest lodash-es@^4.17.21
132 silly packumentCache full:https://registry.npmmirror.com/lodash-es cache-miss
133 http fetch GET 200 https://registry.npmmirror.com/@ctrl%2ftinycolor 299ms (cache revalidated)
134 silly packumentCache full:https://registry.npmmirror.com/@ctrl%2ftinycolor set size:162568 disposed:false
135 silly fetch manifest lodash-unified@^1.0.2
136 silly packumentCache full:https://registry.npmmirror.com/lodash-unified cache-miss
137 http fetch GET 200 https://registry.npmmirror.com/@vue%2fshared 312ms (cache revalidated)
138 silly packumentCache full:https://registry.npmmirror.com/@vue%2fshared set size:539876 disposed:false
139 silly fetch manifest memoize-one@^6.0.0
140 silly packumentCache full:https://registry.npmmirror.com/memoize-one cache-miss
141 http fetch GET 200 https://registry.npmmirror.com/@types%2flodash-es 311ms (cache revalidated)
142 silly packumentCache full:https://registry.npmmirror.com/@types%2flodash-es set size:34564 disposed:false
143 silly fetch manifest normalize-wheel-es@^1.2.0
144 silly packumentCache full:https://registry.npmmirror.com/normalize-wheel-es cache-miss
145 http fetch GET 200 https://registry.npmmirror.com/@sxzz%2fpopperjs-es 318ms (cache revalidated)
146 silly packumentCache full:https://registry.npmmirror.com/@sxzz%2fpopperjs-es set size:35820 disposed:false
147 silly fetch manifest @vue/devtools-api@^6.6.4
148 silly packumentCache full:https://registry.npmmirror.com/@vue%2fdevtools-api cache-miss
149 http fetch GET 200 https://registry.npmmirror.com/@floating-ui%2fdom 322ms (cache revalidated)
150 silly packumentCache full:https://registry.npmmirror.com/@floating-ui%2fdom set size:236433 disposed:false
151 http fetch GET 200 https://registry.npmmirror.com/@types%2flodash 325ms (cache revalidated)
152 silly packumentCache full:https://registry.npmmirror.com/@types%2flodash set size:411791 disposed:false
153 http fetch GET 200 https://registry.npmmirror.com/@vueuse%2fcore 328ms (cache revalidated)
154 silly packumentCache full:https://registry.npmmirror.com/@vueuse%2fcore set size:891346 disposed:false
155 http fetch GET 200 https://registry.npmmirror.com/@element-plus%2ficons-vue 375ms (cache updated)
156 silly packumentCache full:https://registry.npmmirror.com/@element-plus%2ficons-vue set size:33842 disposed:false
157 http fetch GET 200 https://registry.npmmirror.com/@vue%2fcompiler-dom 383ms (cache revalidated)
158 silly packumentCache full:https://registry.npmmirror.com/@vue%2fcompiler-dom set size:648961 disposed:false
159 http fetch GET 200 https://registry.npmmirror.com/async-validator 177ms (cache revalidated)
160 silly packumentCache full:https://registry.npmmirror.com/async-validator set size:179040 disposed:false
161 http fetch GET 200 https://registry.npmmirror.com/escape-html 149ms (cache revalidated)
162 silly packumentCache full:https://registry.npmmirror.com/escape-html set size:6718 disposed:false
163 http fetch GET 200 https://registry.npmmirror.com/lodash-es 120ms (cache revalidated)
164 silly packumentCache full:https://registry.npmmirror.com/lodash-es set size:125597 disposed:false
165 http fetch GET 200 https://registry.npmmirror.com/memoize-one 128ms (cache revalidated)
166 silly packumentCache full:https://registry.npmmirror.com/memoize-one set size:122790 disposed:false
167 http fetch GET 200 https://registry.npmmirror.com/dayjs 207ms (cache revalidated)
168 silly packumentCache full:https://registry.npmmirror.com/dayjs set size:369695 disposed:false
169 http fetch GET 200 https://registry.npmmirror.com/lodash-unified 149ms (cache revalidated)
170 silly packumentCache full:https://registry.npmmirror.com/lodash-unified set size:9616 disposed:false
171 http fetch GET 200 https://registry.npmmirror.com/@vue%2fdevtools-api 135ms (cache revalidated)
172 silly packumentCache full:https://registry.npmmirror.com/@vue%2fdevtools-api set size:303131 disposed:false
173 http fetch GET 200 https://registry.npmmirror.com/lodash 209ms (cache updated)
174 silly packumentCache full:https://registry.npmmirror.com/lodash set size:27645 disposed:false
175 http fetch GET 200 https://registry.npmmirror.com/rollup 489ms (cache updated)
176 silly packumentCache full:https://registry.npmmirror.com/rollup set size:592835 disposed:false
177 http fetch GET 200 https://registry.npmmirror.com/normalize-wheel-es 226ms (cache revalidated)
178 silly packumentCache full:https://registry.npmmirror.com/normalize-wheel-es set size:16381 disposed:false
179 silly fetch manifest vue@^3.2.0
180 silly packumentCache full:https://registry.npmmirror.com/vue cache-hit
181 silly placeDep ROOT @ctrl/tinycolor@3.6.1 OK for: element-plus@2.9.7 want: ^3.4.1
182 silly placeDep ROOT @element-plus/icons-vue@2.3.1 OK for: element-plus@2.9.7 want: ^2.3.1
183 silly placeDep ROOT @floating-ui/dom@1.6.13 OK for: element-plus@2.9.7 want: ^1.0.1
184 silly placeDep ROOT @popperjs/core@2.11.7 OK for: element-plus@2.9.7 want: npm:@sxzz/popperjs-es@^2.11.7
185 silly placeDep ROOT @types/lodash@4.17.16 OK for: element-plus@2.9.7 want: ^4.14.182
186 silly placeDep ROOT @types/lodash-es@4.17.12 OK for: element-plus@2.9.7 want: ^4.17.6
187 silly placeDep ROOT @vueuse/core@9.13.0 OK for: element-plus@2.9.7 want: ^9.1.0
188 silly placeDep ROOT async-validator@4.2.5 OK for: element-plus@2.9.7 want: ^4.2.5
189 silly placeDep ROOT dayjs@1.11.13 OK for: element-plus@2.9.7 want: ^1.11.13
190 silly placeDep ROOT escape-html@1.0.3 OK for: element-plus@2.9.7 want: ^1.0.3
191 silly placeDep ROOT lodash@4.17.21 OK for: element-plus@2.9.7 want: ^4.17.21
192 silly placeDep ROOT lodash-es@4.17.21 OK for: element-plus@2.9.7 want: ^4.17.21
193 silly placeDep ROOT lodash-unified@1.0.3 OK for: element-plus@2.9.7 want: ^1.0.2
194 silly placeDep ROOT memoize-one@6.0.0 OK for: element-plus@2.9.7 want: ^6.0.0
195 silly placeDep ROOT normalize-wheel-es@1.2.0 OK for: element-plus@2.9.7 want: ^1.2.0
196 silly fetch manifest @floating-ui/core@^1.6.0
197 silly packumentCache full:https://registry.npmmirror.com/@floating-ui%2fcore cache-miss
198 silly fetch manifest @floating-ui/utils@^0.2.9
199 silly packumentCache full:https://registry.npmmirror.com/@floating-ui%2futils cache-miss
200 silly fetch manifest @types/web-bluetooth@^0.0.16
201 silly packumentCache full:https://registry.npmmirror.com/@types%2fweb-bluetooth cache-miss
202 silly fetch manifest @vueuse/metadata@9.13.0
203 silly packumentCache full:https://registry.npmmirror.com/@vueuse%2fmetadata cache-miss
204 silly fetch manifest @vueuse/shared@9.13.0
205 silly packumentCache full:https://registry.npmmirror.com/@vueuse%2fshared cache-miss
206 silly fetch manifest vue-demi@*
207 silly packumentCache full:https://registry.npmmirror.com/vue-demi cache-miss
208 http fetch GET 200 https://registry.npmmirror.com/@floating-ui%2fcore 77ms (cache revalidated)
209 silly packumentCache full:https://registry.npmmirror.com/@floating-ui%2fcore set size:165903 disposed:false
210 http fetch GET 200 https://registry.npmmirror.com/@floating-ui%2futils 91ms (cache revalidated)
211 silly packumentCache full:https://registry.npmmirror.com/@floating-ui%2futils set size:47633 disposed:false
212 http fetch GET 200 https://registry.npmmirror.com/@vueuse%2fmetadata 94ms (cache revalidated)
213 silly packumentCache full:https://registry.npmmirror.com/@vueuse%2fmetadata set size:286039 disposed:false
214 http fetch GET 200 https://registry.npmmirror.com/vue-demi 121ms (cache revalidated)
215 silly packumentCache full:https://registry.npmmirror.com/vue-demi set size:214915 disposed:false
216 http fetch GET 200 https://registry.npmmirror.com/@vueuse%2fshared 127ms (cache revalidated)
217 silly packumentCache full:https://registry.npmmirror.com/@vueuse%2fshared set size:544187 disposed:false
218 http fetch GET 200 https://registry.npmmirror.com/@types%2fweb-bluetooth 156ms (cache revalidated)
219 silly packumentCache full:https://registry.npmmirror.com/@types%2fweb-bluetooth set size:42108 disposed:false
220 silly placeDep ROOT @floating-ui/core@1.6.9 OK for: @floating-ui/dom@1.6.13 want: ^1.6.0
221 silly placeDep ROOT @floating-ui/utils@0.2.9 OK for: @floating-ui/dom@1.6.13 want: ^0.2.9
222 silly fetch manifest @vue/composition-api@^1.0.0-rc.1
223 silly packumentCache full:https://registry.npmmirror.com/@vue%2fcomposition-api cache-miss
224 http fetch GET 200 https://registry.npmmirror.com/@vue%2fcomposition-api 120ms (cache revalidated)
225 silly packumentCache full:https://registry.npmmirror.com/@vue%2fcomposition-api set size:482542 disposed:false
226 silly fetch manifest vue@>= 2.5 < 2.7
227 silly packumentCache full:https://registry.npmmirror.com/vue cache-hit
228 silly placeDep ROOT @types/web-bluetooth@0.0.16 OK for: @vueuse/core@9.13.0 want: ^0.0.16
229 silly placeDep ROOT @vueuse/metadata@9.13.0 OK for: @vueuse/core@9.13.0 want: 9.13.0
230 silly placeDep ROOT @vueuse/shared@9.13.0 OK for: @vueuse/core@9.13.0 want: 9.13.0
231 silly placeDep node_modules/@vueuse/core vue-demi@0.14.10 OK for: @vueuse/core@9.13.0 want: *
232 silly placeDep node_modules/@vueuse/shared vue-demi@0.14.10 OK for: @vueuse/shared@9.13.0 want: *
233 silly placeDep ROOT esbuild@0.18.20 OK for: vite@4.5.11 want: ^0.18.10
234 silly placeDep ROOT fsevents@2.3.3 OK for: vite@4.5.11 want: ~2.3.2
235 silly placeDep ROOT postcss@8.5.3 OK for: vite@4.5.11 want: ^8.4.27
236 silly placeDep ROOT rollup@3.29.5 OK for: vite@4.5.11 want: ^3.27.1
237 silly fetch manifest @esbuild/android-arm@0.18.20
238 silly packumentCache full:https://registry.npmmirror.com/@esbuild%2fandroid-arm cache-miss
239 silly fetch manifest @esbuild/android-arm64@0.18.20
240 silly packumentCache full:https://registry.npmmirror.com/@esbuild%2fandroid-arm64 cache-miss
241 silly fetch manifest @esbuild/android-x64@0.18.20
242 silly packumentCache full:https://registry.npmmirror.com/@esbuild%2fandroid-x64 cache-miss
243 silly fetch manifest @esbuild/darwin-arm64@0.18.20
244 silly packumentCache full:https://registry.npmmirror.com/@esbuild%2fdarwin-arm64 cache-miss
245 silly fetch manifest @esbuild/darwin-x64@0.18.20
246 silly packumentCache full:https://registry.npmmirror.com/@esbuild%2fdarwin-x64 cache-miss
247 silly fetch manifest @esbuild/freebsd-arm64@0.18.20
248 silly packumentCache full:https://registry.npmmirror.com/@esbuild%2ffreebsd-arm64 cache-miss
249 silly fetch manifest @esbuild/freebsd-x64@0.18.20
250 silly packumentCache full:https://registry.npmmirror.com/@esbuild%2ffreebsd-x64 cache-miss
251 silly fetch manifest @esbuild/linux-arm@0.18.20
252 silly packumentCache full:https://registry.npmmirror.com/@esbuild%2flinux-arm cache-miss
253 silly fetch manifest @esbuild/linux-arm64@0.18.20
254 silly packumentCache full:https://registry.npmmirror.com/@esbuild%2flinux-arm64 cache-miss
255 silly fetch manifest @esbuild/linux-ia32@0.18.20
256 silly packumentCache full:https://registry.npmmirror.com/@esbuild%2flinux-ia32 cache-miss
257 silly fetch manifest @esbuild/linux-loong64@0.18.20
258 silly packumentCache full:https://registry.npmmirror.com/@esbuild%2flinux-loong64 cache-miss
259 silly fetch manifest @esbuild/linux-mips64el@0.18.20
260 silly packumentCache full:https://registry.npmmirror.com/@esbuild%2flinux-mips64el cache-miss
261 silly fetch manifest @esbuild/linux-ppc64@0.18.20
262 silly packumentCache full:https://registry.npmmirror.com/@esbuild%2flinux-ppc64 cache-miss
263 silly fetch manifest @esbuild/linux-riscv64@0.18.20
264 silly packumentCache full:https://registry.npmmirror.com/@esbuild%2flinux-riscv64 cache-miss
265 silly fetch manifest @esbuild/linux-s390x@0.18.20
266 silly packumentCache full:https://registry.npmmirror.com/@esbuild%2flinux-s390x cache-miss
267 http fetch GET 200 https://registry.npmmirror.com/@esbuild%2fdarwin-arm64 184ms (cache revalidated)
268 silly packumentCache full:https://registry.npmmirror.com/@esbuild%2fdarwin-arm64 set size:177255 disposed:false
269 silly fetch manifest @esbuild/linux-x64@0.18.20
270 silly packumentCache full:https://registry.npmmirror.com/@esbuild%2flinux-x64 cache-miss
271 http fetch GET 200 https://registry.npmmirror.com/@esbuild%2fandroid-arm 196ms (cache revalidated)
272 silly packumentCache full:https://registry.npmmirror.com/@esbuild%2fandroid-arm set size:202252 disposed:false
273 silly fetch manifest @esbuild/netbsd-x64@0.18.20
274 silly packumentCache full:https://registry.npmmirror.com/@esbuild%2fnetbsd-x64 cache-miss
275 http fetch GET 200 https://registry.npmmirror.com/@esbuild%2ffreebsd-arm64 198ms (cache revalidated)
276 silly packumentCache full:https://registry.npmmirror.com/@esbuild%2ffreebsd-arm64 set size:177983 disposed:false
277 silly fetch manifest @esbuild/openbsd-x64@0.18.20
278 silly packumentCache full:https://registry.npmmirror.com/@esbuild%2fopenbsd-x64 cache-miss
279 http fetch GET 200 https://registry.npmmirror.com/@esbuild%2flinux-loong64 199ms (cache revalidated)
280 silly packumentCache full:https://registry.npmmirror.com/@esbuild%2flinux-loong64 set size:232810 disposed:false
281 silly fetch manifest @esbuild/sunos-x64@0.18.20
282 silly packumentCache full:https://registry.npmmirror.com/@esbuild%2fsunos-x64 cache-miss
283 http fetch GET 200 https://registry.npmmirror.com/@esbuild%2fdarwin-x64 206ms (cache revalidated)
284 silly packumentCache full:https://registry.npmmirror.com/@esbuild%2fdarwin-x64 set size:175819 disposed:false
285 silly fetch manifest @esbuild/win32-arm64@0.18.20
286 silly packumentCache full:https://registry.npmmirror.com/@esbuild%2fwin32-arm64 cache-miss
287 http fetch GET 200 https://registry.npmmirror.com/@esbuild%2fandroid-arm64 212ms (cache revalidated)
288 silly packumentCache full:https://registry.npmmirror.com/@esbuild%2fandroid-arm64 set size:178006 disposed:false
289 silly fetch manifest @esbuild/win32-ia32@0.18.20
290 silly packumentCache full:https://registry.npmmirror.com/@esbuild%2fwin32-ia32 cache-miss
291 http fetch GET 200 https://registry.npmmirror.com/@esbuild%2flinux-arm64 214ms (cache revalidated)
292 silly packumentCache full:https://registry.npmmirror.com/@esbuild%2flinux-arm64 set size:176702 disposed:false
293 silly fetch manifest @esbuild/win32-x64@0.18.20
294 silly packumentCache full:https://registry.npmmirror.com/@esbuild%2fwin32-x64 cache-miss
295 http fetch GET 200 https://registry.npmmirror.com/@esbuild%2flinux-ia32 216ms (cache revalidated)
296 silly packumentCache full:https://registry.npmmirror.com/@esbuild%2flinux-ia32 set size:175787 disposed:false
297 silly fetch manifest nanoid@^3.3.8
298 silly packumentCache full:https://registry.npmmirror.com/nanoid cache-miss
299 http fetch GET 200 https://registry.npmmirror.com/@esbuild%2fandroid-x64 224ms (cache revalidated)
300 silly packumentCache full:https://registry.npmmirror.com/@esbuild%2fandroid-x64 set size:175288 disposed:false
301 silly fetch manifest picocolors@^1.1.1
302 silly packumentCache full:https://registry.npmmirror.com/picocolors cache-miss
303 http fetch GET 200 https://registry.npmmirror.com/@esbuild%2flinux-riscv64 224ms (cache revalidated)
304 silly packumentCache full:https://registry.npmmirror.com/@esbuild%2flinux-riscv64 set size:178083 disposed:false
305 silly fetch manifest source-map-js@^1.2.1
306 silly packumentCache full:https://registry.npmmirror.com/source-map-js cache-miss
307 http fetch GET 200 https://registry.npmmirror.com/@esbuild%2ffreebsd-x64 230ms (cache revalidated)
308 silly packumentCache full:https://registry.npmmirror.com/@esbuild%2ffreebsd-x64 set size:176530 disposed:false
309 http fetch GET 200 https://registry.npmmirror.com/@esbuild%2flinux-ppc64 230ms (cache revalidated)
310 silly packumentCache full:https://registry.npmmirror.com/@esbuild%2flinux-ppc64 set size:178375 disposed:false
311 http fetch GET 200 https://registry.npmmirror.com/@esbuild%2flinux-arm 235ms (cache revalidated)
312 silly packumentCache full:https://registry.npmmirror.com/@esbuild%2flinux-arm set size:174960 disposed:false
313 http fetch GET 200 https://registry.npmmirror.com/@esbuild%2flinux-mips64el 237ms (cache revalidated)
314 silly packumentCache full:https://registry.npmmirror.com/@esbuild%2flinux-mips64el set size:179788 disposed:false
315 http fetch GET 200 https://registry.npmmirror.com/@esbuild%2flinux-s390x 244ms (cache revalidated)
316 silly packumentCache full:https://registry.npmmirror.com/@esbuild%2flinux-s390x set size:177937 disposed:false
317 http fetch GET 200 https://registry.npmmirror.com/@esbuild%2fsunos-x64 132ms (cache revalidated)
318 silly packumentCache full:https://registry.npmmirror.com/@esbuild%2fsunos-x64 set size:175437 disposed:false
319 http fetch GET 200 https://registry.npmmirror.com/@esbuild%2flinux-x64 166ms (cache revalidated)
320 silly packumentCache full:https://registry.npmmirror.com/@esbuild%2flinux-x64 set size:175239 disposed:false
321 http fetch GET 200 https://registry.npmmirror.com/picocolors 136ms (cache revalidated)
322 silly packumentCache full:https://registry.npmmirror.com/picocolors set size:15692 disposed:false
323 http fetch GET 200 https://registry.npmmirror.com/@esbuild%2fnetbsd-x64 166ms (cache revalidated)
324 silly packumentCache full:https://registry.npmmirror.com/@esbuild%2fnetbsd-x64 set size:173970 disposed:false
325 http fetch GET 200 https://registry.npmmirror.com/@esbuild%2fwin32-ia32 152ms (cache revalidated)
326 silly packumentCache full:https://registry.npmmirror.com/@esbuild%2fwin32-ia32 set size:175974 disposed:false
327 http fetch GET 200 https://registry.npmmirror.com/@esbuild%2fwin32-x64 152ms (cache revalidated)
328 silly packumentCache full:https://registry.npmmirror.com/@esbuild%2fwin32-x64 set size:175434 disposed:false
329 http fetch GET 200 https://registry.npmmirror.com/@esbuild%2fopenbsd-x64 172ms (cache revalidated)
330 silly packumentCache full:https://registry.npmmirror.com/@esbuild%2fopenbsd-x64 set size:176535 disposed:false
331 http fetch GET 200 https://registry.npmmirror.com/@esbuild%2fwin32-arm64 167ms (cache revalidated)
332 silly packumentCache full:https://registry.npmmirror.com/@esbuild%2fwin32-arm64 set size:176890 disposed:false
333 http fetch GET 200 https://registry.npmmirror.com/source-map-js 147ms (cache revalidated)
334 silly packumentCache full:https://registry.npmmirror.com/source-map-js set size:61050 disposed:false
335 http fetch GET 200 https://registry.npmmirror.com/nanoid 161ms (cache revalidated)
336 silly packumentCache full:https://registry.npmmirror.com/nanoid set size:233982 disposed:false
337 silly placeDep ROOT @esbuild/android-arm@0.18.20 OK for: esbuild@0.18.20 want: 0.18.20
338 silly placeDep ROOT @esbuild/android-arm64@0.18.20 OK for: esbuild@0.18.20 want: 0.18.20
339 silly placeDep ROOT @esbuild/android-x64@0.18.20 OK for: esbuild@0.18.20 want: 0.18.20
340 silly placeDep ROOT @esbuild/darwin-arm64@0.18.20 OK for: esbuild@0.18.20 want: 0.18.20
341 silly placeDep ROOT @esbuild/darwin-x64@0.18.20 OK for: esbuild@0.18.20 want: 0.18.20
342 silly placeDep ROOT @esbuild/freebsd-arm64@0.18.20 OK for: esbuild@0.18.20 want: 0.18.20
343 silly placeDep ROOT @esbuild/freebsd-x64@0.18.20 OK for: esbuild@0.18.20 want: 0.18.20
344 silly placeDep ROOT @esbuild/linux-arm@0.18.20 OK for: esbuild@0.18.20 want: 0.18.20
345 silly placeDep ROOT @esbuild/linux-arm64@0.18.20 OK for: esbuild@0.18.20 want: 0.18.20
346 silly placeDep ROOT @esbuild/linux-ia32@0.18.20 OK for: esbuild@0.18.20 want: 0.18.20
347 silly placeDep ROOT @esbuild/linux-loong64@0.18.20 OK for: esbuild@0.18.20 want: 0.18.20
348 silly placeDep ROOT @esbuild/linux-mips64el@0.18.20 OK for: esbuild@0.18.20 want: 0.18.20
349 silly placeDep ROOT @esbuild/linux-ppc64@0.18.20 OK for: esbuild@0.18.20 want: 0.18.20
350 silly placeDep ROOT @esbuild/linux-riscv64@0.18.20 OK for: esbuild@0.18.20 want: 0.18.20
351 silly placeDep ROOT @esbuild/linux-s390x@0.18.20 OK for: esbuild@0.18.20 want: 0.18.20
352 silly placeDep ROOT @esbuild/linux-x64@0.18.20 OK for: esbuild@0.18.20 want: 0.18.20
353 silly placeDep ROOT @esbuild/netbsd-x64@0.18.20 OK for: esbuild@0.18.20 want: 0.18.20
354 silly placeDep ROOT @esbuild/openbsd-x64@0.18.20 OK for: esbuild@0.18.20 want: 0.18.20
355 silly placeDep ROOT @esbuild/sunos-x64@0.18.20 OK for: esbuild@0.18.20 want: 0.18.20
356 silly placeDep ROOT @esbuild/win32-arm64@0.18.20 OK for: esbuild@0.18.20 want: 0.18.20
357 silly placeDep ROOT @esbuild/win32-ia32@0.18.20 OK for: esbuild@0.18.20 want: 0.18.20
358 silly placeDep ROOT @esbuild/win32-x64@0.18.20 OK for: esbuild@0.18.20 want: 0.18.20
359 silly placeDep ROOT nanoid@3.3.11 OK for: postcss@8.5.3 want: ^3.3.8
360 silly placeDep ROOT picocolors@1.1.1 OK for: postcss@8.5.3 want: ^1.1.1
361 silly placeDep ROOT source-map-js@1.2.1 OK for: postcss@8.5.3 want: ^1.2.1
362 silly fetch manifest vue@3.5.13
363 silly packumentCache full:https://registry.npmmirror.com/vue cache-hit
364 silly placeDep ROOT @vue/compiler-dom@3.5.13 OK for: vue@3.5.13 want: 3.5.13
365 silly placeDep ROOT @vue/compiler-sfc@3.5.13 OK for: vue@3.5.13 want: 3.5.13
366 silly placeDep ROOT @vue/runtime-dom@3.5.13 OK for: vue@3.5.13 want: 3.5.13
367 silly placeDep ROOT @vue/server-renderer@3.5.13 OK for: vue@3.5.13 want: 3.5.13
368 silly placeDep ROOT @vue/shared@3.5.13 OK for: vue@3.5.13 want: 3.5.13
369 silly fetch manifest @vue/compiler-core@3.5.13
370 silly packumentCache full:https://registry.npmmirror.com/@vue%2fcompiler-core cache-miss
371 silly fetch manifest @babel/parser@^7.25.3
372 silly packumentCache full:https://registry.npmmirror.com/@babel%2fparser cache-miss
373 silly fetch manifest estree-walker@^2.0.2
374 silly packumentCache full:https://registry.npmmirror.com/estree-walker cache-miss
375 silly fetch manifest magic-string@^0.30.11
376 silly packumentCache full:https://registry.npmmirror.com/magic-string cache-miss
377 silly fetch manifest @vue/compiler-core@3.5.13
378 silly packumentCache full:https://registry.npmmirror.com/@vue%2fcompiler-core cache-miss
379 silly fetch manifest @vue/compiler-ssr@3.5.13
380 silly packumentCache full:https://registry.npmmirror.com/@vue%2fcompiler-ssr cache-miss
381 silly fetch manifest csstype@^3.1.3
382 silly packumentCache full:https://registry.npmmirror.com/csstype cache-miss
383 silly fetch manifest @vue/runtime-core@3.5.13
384 silly packumentCache full:https://registry.npmmirror.com/@vue%2fruntime-core cache-miss
385 silly fetch manifest @vue/reactivity@3.5.13
386 silly packumentCache full:https://registry.npmmirror.com/@vue%2freactivity cache-miss
387 silly fetch manifest @vue/compiler-ssr@3.5.13
388 silly packumentCache full:https://registry.npmmirror.com/@vue%2fcompiler-ssr cache-miss
389 http fetch GET 200 https://registry.npmmirror.com/estree-walker 88ms (cache revalidated)
390 silly packumentCache full:https://registry.npmmirror.com/estree-walker set size:48127 disposed:false
391 http fetch GET 200 https://registry.npmmirror.com/csstype 97ms (cache revalidated)
392 silly packumentCache full:https://registry.npmmirror.com/csstype set size:216126 disposed:false
393 http fetch GET 200 https://registry.npmmirror.com/@vue%2fruntime-core 105ms (cache revalidated)
394 silly packumentCache full:https://registry.npmmirror.com/@vue%2fruntime-core set size:622883 disposed:false
395 http fetch GET 200 https://registry.npmmirror.com/@vue%2freactivity 112ms (cache revalidated)
396 silly packumentCache full:https://registry.npmmirror.com/@vue%2freactivity set size:632558 disposed:false
397 http fetch GET 200 https://registry.npmmirror.com/@vue%2fcompiler-ssr 142ms (cache revalidated)
398 silly packumentCache full:https://registry.npmmirror.com/@vue%2fcompiler-ssr set size:546614 disposed:false
399 http fetch GET 200 https://registry.npmmirror.com/@vue%2fcompiler-ssr 147ms (cache revalidated)
400 silly packumentCache full:https://registry.npmmirror.com/@vue%2fcompiler-ssr set size:546614 disposed:false
401 silly packumentCache full:https://registry.npmmirror.com/@vue%2fcompiler-ssr dispose
402 http fetch GET 200 https://registry.npmmirror.com/@vue%2fcompiler-core 162ms (cache revalidated)
403 silly packumentCache full:https://registry.npmmirror.com/@vue%2fcompiler-core set size:643494 disposed:false
404 http fetch GET 200 https://registry.npmmirror.com/@vue%2fcompiler-core 167ms (cache revalidated)
405 silly packumentCache full:https://registry.npmmirror.com/@vue%2fcompiler-core set size:643494 disposed:false
406 silly packumentCache full:https://registry.npmmirror.com/@vue%2fcompiler-core dispose
407 http fetch GET 200 https://registry.npmmirror.com/magic-string 190ms (cache updated)
408 silly packumentCache full:https://registry.npmmirror.com/magic-string set size:54547 disposed:false
409 http fetch GET 200 https://registry.npmmirror.com/@babel%2fparser 237ms (cache updated)
410 silly packumentCache full:https://registry.npmmirror.com/@babel%2fparser set size:99326 disposed:false
411 silly placeDep ROOT @vue/compiler-core@3.5.13 OK for: @vue/compiler-dom@3.5.13 want: 3.5.13
412 silly fetch manifest entities@^4.5.0
413 silly packumentCache full:https://registry.npmmirror.com/entities cache-miss
414 http fetch GET 200 https://registry.npmmirror.com/entities 66ms (cache revalidated)
415 silly packumentCache full:https://registry.npmmirror.com/entities set size:79726 disposed:false
416 silly placeDep ROOT @babel/parser@7.27.0 OK for: @vue/compiler-core@3.5.13 want: ^7.25.3
417 silly placeDep ROOT entities@4.5.0 OK for: @vue/compiler-core@3.5.13 want: ^4.5.0
418 silly placeDep ROOT estree-walker@2.0.2 OK for: @vue/compiler-core@3.5.13 want: ^2.0.2
419 silly fetch manifest @babel/types@^7.27.0
420 silly packumentCache full:https://registry.npmmirror.com/@babel%2ftypes cache-miss
421 http fetch GET 200 https://registry.npmmirror.com/@babel%2ftypes 181ms (cache updated)
422 silly packumentCache full:https://registry.npmmirror.com/@babel%2ftypes set size:74164 disposed:false
423 silly placeDep ROOT @babel/types@7.27.0 OK for: @babel/parser@7.27.0 want: ^7.27.0
424 silly fetch manifest @babel/helper-string-parser@^7.25.9
425 silly packumentCache full:https://registry.npmmirror.com/@babel%2fhelper-string-parser cache-miss
426 silly fetch manifest @babel/helper-validator-identifier@^7.25.9
427 silly packumentCache full:https://registry.npmmirror.com/@babel%2fhelper-validator-identifier cache-miss
428 http fetch GET 200 https://registry.npmmirror.com/@babel%2fhelper-string-parser 73ms (cache revalidated)
429 silly packumentCache full:https://registry.npmmirror.com/@babel%2fhelper-string-parser set size:70455 disposed:false
430 http fetch GET 200 https://registry.npmmirror.com/@babel%2fhelper-validator-identifier 75ms (cache revalidated)
431 silly packumentCache full:https://registry.npmmirror.com/@babel%2fhelper-validator-identifier set size:91853 disposed:false
432 silly placeDep ROOT @babel/helper-string-parser@7.25.9 OK for: @babel/types@7.27.0 want: ^7.25.9
433 silly placeDep ROOT @babel/helper-validator-identifier@7.25.9 OK for: @babel/types@7.27.0 want: ^7.25.9
434 silly placeDep ROOT @vue/compiler-ssr@3.5.13 OK for: @vue/compiler-sfc@3.5.13 want: 3.5.13
435 silly placeDep ROOT magic-string@0.30.17 OK for: @vue/compiler-sfc@3.5.13 want: ^0.30.11
436 silly fetch manifest @jridgewell/sourcemap-codec@^1.5.0
437 silly packumentCache full:https://registry.npmmirror.com/@jridgewell%2fsourcemap-codec cache-miss
438 http fetch GET 200 https://registry.npmmirror.com/@jridgewell%2fsourcemap-codec 75ms (cache revalidated)
439 silly packumentCache full:https://registry.npmmirror.com/@jridgewell%2fsourcemap-codec set size:44427 disposed:false
440 silly placeDep ROOT @vue/reactivity@3.5.13 OK for: @vue/runtime-dom@3.5.13 want: 3.5.13
441 silly placeDep ROOT @vue/runtime-core@3.5.13 OK for: @vue/runtime-dom@3.5.13 want: 3.5.13
442 silly placeDep ROOT csstype@3.1.3 OK for: @vue/runtime-dom@3.5.13 want: ^3.1.3
443 silly placeDep ROOT @jridgewell/sourcemap-codec@1.5.0 OK for: magic-string@0.30.17 want: ^1.5.0
444 silly placeDep ROOT @vue/devtools-api@6.6.4 OK for: vue-router@4.5.0 want: ^6.6.4
445 silly reify moves {}
446 silly audit bulk request {
446 silly audit   '@amap/amap-jsapi-loader': [ '1.0.1' ],
446 silly audit   '@vitejs/plugin-vue': [ '4.6.2' ],
446 silly audit   vite: [ '4.5.11' ],
446 silly audit   vue: [ '3.5.13' ],
446 silly audit   'element-plus': [ '2.9.7' ],
446 silly audit   'vue-router': [ '4.5.0' ],
446 silly audit   '@ctrl/tinycolor': [ '3.6.1' ],
446 silly audit   '@element-plus/icons-vue': [ '2.3.1' ],
446 silly audit   '@floating-ui/dom': [ '1.6.13' ],
446 silly audit   '@sxzz/popperjs-es': [ '2.11.7' ],
446 silly audit   '@types/lodash': [ '4.17.16' ],
446 silly audit   '@types/lodash-es': [ '4.17.12' ],
446 silly audit   '@vueuse/core': [ '9.13.0' ],
446 silly audit   'async-validator': [ '4.2.5' ],
446 silly audit   dayjs: [ '1.11.13' ],
446 silly audit   'escape-html': [ '1.0.3' ],
446 silly audit   lodash: [ '4.17.21' ],
446 silly audit   'lodash-es': [ '4.17.21' ],
446 silly audit   'lodash-unified': [ '1.0.3' ],
446 silly audit   'memoize-one': [ '6.0.0' ],
446 silly audit   'normalize-wheel-es': [ '1.2.0' ],
446 silly audit   '@floating-ui/core': [ '1.6.9' ],
446 silly audit   '@floating-ui/utils': [ '0.2.9' ],
446 silly audit   '@types/web-bluetooth': [ '0.0.16' ],
446 silly audit   '@vueuse/metadata': [ '9.13.0' ],
446 silly audit   '@vueuse/shared': [ '9.13.0' ],
446 silly audit   'vue-demi': [ '0.14.10' ],
446 silly audit   esbuild: [ '0.18.20' ],
446 silly audit   fsevents: [ '2.3.3' ],
446 silly audit   postcss: [ '8.5.3' ],
446 silly audit   rollup: [ '3.29.5' ],
446 silly audit   '@esbuild/android-arm': [ '0.18.20' ],
446 silly audit   '@esbuild/android-arm64': [ '0.18.20' ],
446 silly audit   '@esbuild/android-x64': [ '0.18.20' ],
446 silly audit   '@esbuild/darwin-arm64': [ '0.18.20' ],
446 silly audit   '@esbuild/darwin-x64': [ '0.18.20' ],
446 silly audit   '@esbuild/freebsd-arm64': [ '0.18.20' ],
446 silly audit   '@esbuild/freebsd-x64': [ '0.18.20' ],
446 silly audit   '@esbuild/linux-arm': [ '0.18.20' ],
446 silly audit   '@esbuild/linux-arm64': [ '0.18.20' ],
446 silly audit   '@esbuild/linux-ia32': [ '0.18.20' ],
446 silly audit   '@esbuild/linux-loong64': [ '0.18.20' ],
446 silly audit   '@esbuild/linux-mips64el': [ '0.18.20' ],
446 silly audit   '@esbuild/linux-ppc64': [ '0.18.20' ],
446 silly audit   '@esbuild/linux-riscv64': [ '0.18.20' ],
446 silly audit   '@esbuild/linux-s390x': [ '0.18.20' ],
446 silly audit   '@esbuild/linux-x64': [ '0.18.20' ],
446 silly audit   '@esbuild/netbsd-x64': [ '0.18.20' ],
446 silly audit   '@esbuild/openbsd-x64': [ '0.18.20' ],
446 silly audit   '@esbuild/sunos-x64': [ '0.18.20' ],
446 silly audit   '@esbuild/win32-arm64': [ '0.18.20' ],
446 silly audit   '@esbuild/win32-ia32': [ '0.18.20' ],
446 silly audit   '@esbuild/win32-x64': [ '0.18.20' ],
446 silly audit   nanoid: [ '3.3.11' ],
446 silly audit   picocolors: [ '1.1.1' ],
446 silly audit   'source-map-js': [ '1.2.1' ],
446 silly audit   '@vue/compiler-dom': [ '3.5.13' ],
446 silly audit   '@vue/compiler-sfc': [ '3.5.13' ],
446 silly audit   '@vue/runtime-dom': [ '3.5.13' ],
446 silly audit   '@vue/server-renderer': [ '3.5.13' ],
446 silly audit   '@vue/shared': [ '3.5.13' ],
446 silly audit   '@vue/compiler-core': [ '3.5.13' ],
446 silly audit   '@babel/parser': [ '7.27.0' ],
446 silly audit   entities: [ '4.5.0' ],
446 silly audit   'estree-walker': [ '2.0.2' ],
446 silly audit   '@babel/types': [ '7.27.0' ],
446 silly audit   '@babel/helper-string-parser': [ '7.25.9' ],
446 silly audit   '@babel/helper-validator-identifier': [ '7.25.9' ],
446 silly audit   '@vue/compiler-ssr': [ '3.5.13' ],
446 silly audit   'magic-string': [ '0.30.17' ],
446 silly audit   '@vue/reactivity': [ '3.5.13' ],
446 silly audit   '@vue/runtime-core': [ '3.5.13' ],
446 silly audit   csstype: [ '3.1.3' ],
446 silly audit   '@jridgewell/sourcemap-codec': [ '1.5.0' ],
446 silly audit   '@vue/devtools-api': [ '6.6.4' ]
446 silly audit }
447 verbose reify failed optional dependency E:\桌面\javahotel\heqing99\node_modules\@esbuild\win32-ia32
448 silly reify mark deleted [ 'E:\\桌面\\javahotel\\heqing99\\node_modules\\@esbuild\\win32-ia32' ]
449 verbose reify failed optional dependency E:\桌面\javahotel\heqing99\node_modules\@esbuild\win32-arm64
450 silly reify mark deleted [ 'E:\\桌面\\javahotel\\heqing99\\node_modules\\@esbuild\\win32-arm64' ]
451 verbose reify failed optional dependency E:\桌面\javahotel\heqing99\node_modules\@esbuild\sunos-x64
452 silly reify mark deleted [ 'E:\\桌面\\javahotel\\heqing99\\node_modules\\@esbuild\\sunos-x64' ]
453 verbose reify failed optional dependency E:\桌面\javahotel\heqing99\node_modules\@esbuild\openbsd-x64
454 silly reify mark deleted [ 'E:\\桌面\\javahotel\\heqing99\\node_modules\\@esbuild\\openbsd-x64' ]
455 verbose reify failed optional dependency E:\桌面\javahotel\heqing99\node_modules\@esbuild\netbsd-x64
456 silly reify mark deleted [ 'E:\\桌面\\javahotel\\heqing99\\node_modules\\@esbuild\\netbsd-x64' ]
457 verbose reify failed optional dependency E:\桌面\javahotel\heqing99\node_modules\@esbuild\linux-x64
458 silly reify mark deleted [ 'E:\\桌面\\javahotel\\heqing99\\node_modules\\@esbuild\\linux-x64' ]
459 verbose reify failed optional dependency E:\桌面\javahotel\heqing99\node_modules\@esbuild\linux-s390x
460 silly reify mark deleted [ 'E:\\桌面\\javahotel\\heqing99\\node_modules\\@esbuild\\linux-s390x' ]
461 verbose reify failed optional dependency E:\桌面\javahotel\heqing99\node_modules\@esbuild\linux-riscv64
462 silly reify mark deleted [
462 silly reify   'E:\\桌面\\javahotel\\heqing99\\node_modules\\@esbuild\\linux-riscv64'
462 silly reify ]
463 verbose reify failed optional dependency E:\桌面\javahotel\heqing99\node_modules\@esbuild\linux-ppc64
464 silly reify mark deleted [ 'E:\\桌面\\javahotel\\heqing99\\node_modules\\@esbuild\\linux-ppc64' ]
465 verbose reify failed optional dependency E:\桌面\javahotel\heqing99\node_modules\@esbuild\linux-mips64el
466 silly reify mark deleted [
466 silly reify   'E:\\桌面\\javahotel\\heqing99\\node_modules\\@esbuild\\linux-mips64el'
466 silly reify ]
467 verbose reify failed optional dependency E:\桌面\javahotel\heqing99\node_modules\@esbuild\linux-loong64
468 silly reify mark deleted [
468 silly reify   'E:\\桌面\\javahotel\\heqing99\\node_modules\\@esbuild\\linux-loong64'
468 silly reify ]
469 verbose reify failed optional dependency E:\桌面\javahotel\heqing99\node_modules\@esbuild\linux-ia32
470 silly reify mark deleted [ 'E:\\桌面\\javahotel\\heqing99\\node_modules\\@esbuild\\linux-ia32' ]
471 verbose reify failed optional dependency E:\桌面\javahotel\heqing99\node_modules\@esbuild\linux-arm64
472 silly reify mark deleted [ 'E:\\桌面\\javahotel\\heqing99\\node_modules\\@esbuild\\linux-arm64' ]
473 verbose reify failed optional dependency E:\桌面\javahotel\heqing99\node_modules\@esbuild\linux-arm
474 silly reify mark deleted [ 'E:\\桌面\\javahotel\\heqing99\\node_modules\\@esbuild\\linux-arm' ]
475 verbose reify failed optional dependency E:\桌面\javahotel\heqing99\node_modules\@esbuild\freebsd-x64
476 silly reify mark deleted [ 'E:\\桌面\\javahotel\\heqing99\\node_modules\\@esbuild\\freebsd-x64' ]
477 verbose reify failed optional dependency E:\桌面\javahotel\heqing99\node_modules\@esbuild\freebsd-arm64
478 silly reify mark deleted [
478 silly reify   'E:\\桌面\\javahotel\\heqing99\\node_modules\\@esbuild\\freebsd-arm64'
478 silly reify ]
479 verbose reify failed optional dependency E:\桌面\javahotel\heqing99\node_modules\@esbuild\darwin-x64
480 silly reify mark deleted [ 'E:\\桌面\\javahotel\\heqing99\\node_modules\\@esbuild\\darwin-x64' ]
481 verbose reify failed optional dependency E:\桌面\javahotel\heqing99\node_modules\@esbuild\darwin-arm64
482 silly reify mark deleted [ 'E:\\桌面\\javahotel\\heqing99\\node_modules\\@esbuild\\darwin-arm64' ]
483 verbose reify failed optional dependency E:\桌面\javahotel\heqing99\node_modules\@esbuild\android-x64
484 silly reify mark deleted [ 'E:\\桌面\\javahotel\\heqing99\\node_modules\\@esbuild\\android-x64' ]
485 verbose reify failed optional dependency E:\桌面\javahotel\heqing99\node_modules\@esbuild\android-arm64
486 silly reify mark deleted [
486 silly reify   'E:\\桌面\\javahotel\\heqing99\\node_modules\\@esbuild\\android-arm64'
486 silly reify ]
487 verbose reify failed optional dependency E:\桌面\javahotel\heqing99\node_modules\@esbuild\android-arm
488 silly reify mark deleted [ 'E:\\桌面\\javahotel\\heqing99\\node_modules\\@esbuild\\android-arm' ]
489 verbose reify failed optional dependency E:\桌面\javahotel\heqing99\node_modules\fsevents
490 silly reify mark deleted [ 'E:\\桌面\\javahotel\\heqing99\\node_modules\\fsevents' ]
491 http cache csstype@https://registry.npmmirror.com/csstype/-/csstype-3.1.3.tgz 1ms (cache hit)
492 http cache @vue/runtime-core@https://registry.npmmirror.com/@vue/runtime-core/-/runtime-core-3.5.13.tgz 0ms (cache hit)
493 http cache @vue/devtools-api@https://registry.npmmirror.com/@vue/devtools-api/-/devtools-api-6.6.4.tgz 0ms (cache hit)
494 http cache @vue/reactivity@https://registry.npmmirror.com/@vue/reactivity/-/reactivity-3.5.13.tgz 0ms (cache hit)
495 http cache @vue/compiler-ssr@https://registry.npmmirror.com/@vue/compiler-ssr/-/compiler-ssr-3.5.13.tgz 0ms (cache hit)
496 http cache magic-string@https://registry.npmmirror.com/magic-string/-/magic-string-0.30.17.tgz 0ms (cache hit)
497 http cache estree-walker@https://registry.npmmirror.com/estree-walker/-/estree-walker-2.0.2.tgz 0ms (cache hit)
498 http cache @jridgewell/sourcemap-codec@https://registry.npmmirror.com/@jridgewell/sourcemap-codec/-/sourcemap-codec-1.5.0.tgz 0ms (cache hit)
499 http cache @babel/helper-validator-identifier@https://registry.npmmirror.com/@babel/helper-validator-identifier/-/helper-validator-identifier-7.25.9.tgz 0ms (cache hit)
500 http cache @babel/helper-string-parser@https://registry.npmmirror.com/@babel/helper-string-parser/-/helper-string-parser-7.25.9.tgz 0ms (cache hit)
501 http cache entities@https://registry.npmmirror.com/entities/-/entities-4.5.0.tgz 0ms (cache hit)
502 http cache @vue/compiler-core@https://registry.npmmirror.com/@vue/compiler-core/-/compiler-core-3.5.13.tgz 0ms (cache hit)
503 http cache @babel/types@https://registry.npmmirror.com/@babel/types/-/types-7.27.0.tgz 0ms (cache hit)
504 http cache @vue/runtime-dom@https://registry.npmmirror.com/@vue/runtime-dom/-/runtime-dom-3.5.13.tgz 0ms (cache hit)
505 http cache @vue/server-renderer@https://registry.npmmirror.com/@vue/server-renderer/-/server-renderer-3.5.13.tgz 0ms (cache hit)
506 http cache @babel/parser@https://registry.npmmirror.com/@babel/parser/-/parser-7.27.0.tgz 0ms (cache hit)
507 http cache source-map-js@https://registry.npmmirror.com/source-map-js/-/source-map-js-1.2.1.tgz 0ms (cache hit)
508 http cache @vue/shared@https://registry.npmmirror.com/@vue/shared/-/shared-3.5.13.tgz 0ms (cache hit)
509 http cache @vue/compiler-sfc@https://registry.npmmirror.com/@vue/compiler-sfc/-/compiler-sfc-3.5.13.tgz 0ms (cache hit)
510 http cache picocolors@https://registry.npmmirror.com/picocolors/-/picocolors-1.1.1.tgz 0ms (cache hit)
511 http cache @esbuild/win32-x64@https://registry.npmmirror.com/@esbuild/win32-x64/-/win32-x64-0.18.20.tgz 0ms (cache hit)
512 http cache @vue/compiler-dom@https://registry.npmmirror.com/@vue/compiler-dom/-/compiler-dom-3.5.13.tgz 0ms (cache hit)
513 http cache nanoid@https://registry.npmmirror.com/nanoid/-/nanoid-3.3.11.tgz 0ms (cache hit)
514 http cache @vueuse/metadata@https://registry.npmmirror.com/@vueuse/metadata/-/metadata-9.13.0.tgz 0ms (cache hit)
515 http cache @floating-ui/core@https://registry.npmmirror.com/@floating-ui/core/-/core-1.6.9.tgz 0ms (cache hit)
516 http cache @types/web-bluetooth@https://registry.npmmirror.com/@types/web-bluetooth/-/web-bluetooth-0.0.16.tgz 0ms (cache hit)
517 http cache @vueuse/shared@https://registry.npmmirror.com/@vueuse/shared/-/shared-9.13.0.tgz 0ms (cache hit)
518 http cache @floating-ui/utils@https://registry.npmmirror.com/@floating-ui/utils/-/utils-0.2.9.tgz 0ms (cache hit)
519 http cache esbuild@https://registry.npmmirror.com/esbuild/-/esbuild-0.18.20.tgz 0ms (cache hit)
520 http cache rollup@https://registry.npmmirror.com/rollup/-/rollup-3.29.5.tgz 0ms (cache hit)
521 http cache postcss@https://registry.npmmirror.com/postcss/-/postcss-8.5.3.tgz 0ms (cache hit)
522 http cache lodash-unified@https://registry.npmmirror.com/lodash-unified/-/lodash-unified-1.0.3.tgz 0ms (cache hit)
523 http cache normalize-wheel-es@https://registry.npmmirror.com/normalize-wheel-es/-/normalize-wheel-es-1.2.0.tgz 1ms (cache hit)
524 http cache memoize-one@https://registry.npmmirror.com/memoize-one/-/memoize-one-6.0.0.tgz 0ms (cache hit)
525 http cache dayjs@https://registry.npmmirror.com/dayjs/-/dayjs-1.11.13.tgz 0ms (cache hit)
526 http cache lodash@https://registry.npmmirror.com/lodash/-/lodash-4.17.21.tgz 0ms (cache hit)
527 http cache @vueuse/core@https://registry.npmmirror.com/@vueuse/core/-/core-9.13.0.tgz 0ms (cache hit)
528 http cache escape-html@https://registry.npmmirror.com/escape-html/-/escape-html-1.0.3.tgz 0ms (cache hit)
529 http cache lodash-es@https://registry.npmmirror.com/lodash-es/-/lodash-es-4.17.21.tgz 0ms (cache hit)
530 http cache async-validator@https://registry.npmmirror.com/async-validator/-/async-validator-4.2.5.tgz 0ms (cache hit)
531 http cache @popperjs/core@https://registry.npmmirror.com/@sxzz/popperjs-es/-/popperjs-es-2.11.7.tgz 0ms (cache hit)
532 http cache @types/lodash@https://registry.npmmirror.com/@types/lodash/-/lodash-4.17.16.tgz 0ms (cache hit)
533 http cache @types/lodash-es@https://registry.npmmirror.com/@types/lodash-es/-/lodash-es-4.17.12.tgz 0ms (cache hit)
534 http cache @element-plus/icons-vue@https://registry.npmmirror.com/@element-plus/icons-vue/-/icons-vue-2.3.1.tgz 0ms (cache hit)
535 http cache @floating-ui/dom@https://registry.npmmirror.com/@floating-ui/dom/-/dom-1.6.13.tgz 0ms (cache hit)
536 http cache @ctrl/tinycolor@https://registry.npmmirror.com/@ctrl/tinycolor/-/tinycolor-3.6.1.tgz 0ms (cache hit)
537 http cache vue-router@https://registry.npmmirror.com/vue-router/-/vue-router-4.5.0.tgz 0ms (cache hit)
538 http cache vue@https://registry.npmmirror.com/vue/-/vue-3.5.13.tgz 0ms (cache hit)
539 http cache @amap/amap-jsapi-loader@https://registry.npmmirror.com/@amap/amap-jsapi-loader/-/amap-jsapi-loader-1.0.1.tgz 0ms (cache hit)
540 http cache vite@https://registry.npmmirror.com/vite/-/vite-4.5.11.tgz 0ms (cache hit)
541 http cache @vitejs/plugin-vue@https://registry.npmmirror.com/@vitejs/plugin-vue/-/plugin-vue-4.6.2.tgz 0ms (cache hit)
542 http cache vue-demi@https://registry.npmmirror.com/vue-demi/-/vue-demi-0.14.10.tgz 0ms (cache hit)
543 http cache vue-demi@https://registry.npmmirror.com/vue-demi/-/vue-demi-0.14.10.tgz 0ms (cache hit)
544 http cache element-plus@https://registry.npmmirror.com/element-plus/-/element-plus-2.9.7.tgz 0ms (cache hit)
545 silly tarball no local data for vite@https://registry.npmmirror.com/vite/-/vite-4.5.11.tgz. Extracting by manifest.
546 http fetch POST 404 https://registry.npmmirror.com/-/npm/v1/security/advisories/bulk 95ms
547 silly audit bulk request failed [object Object]
548 http fetch POST 404 https://registry.npmmirror.com/-/npm/v1/security/audits/quick 693ms
549 verbose audit error HttpErrorGeneral: 404 Not Found - POST https://registry.npmmirror.com/-/npm/v1/security/audits/quick - [NOT_IMPLEMENTED] /-/npm/v1/security/* not implemented yet
549 verbose audit error     at E:\developer_tools\nodejs\node_modules\npm\node_modules\npm-registry-fetch\lib\check-response.js:103:15
549 verbose audit error     at process.processTicksAndRejections (node:internal/process/task_queues:105:5)
549 verbose audit error     at async [getReport] (E:\developer_tools\nodejs\node_modules\npm\node_modules\@npmcli\arborist\lib\audit-report.js:336:21)
549 verbose audit error     at async AuditReport.run (E:\developer_tools\nodejs\node_modules\npm\node_modules\@npmcli\arborist\lib\audit-report.js:106:19) {
549 verbose audit error   headers: [Object: null prototype] {
549 verbose audit error     server: [ 'Tengine' ],
549 verbose audit error     date: [ 'Tue, 01 Apr 2025 09:23:58 GMT' ],
549 verbose audit error     'content-type': [ 'application/json' ],
549 verbose audit error     'transfer-encoding': [ 'chunked' ],
549 verbose audit error     connection: [ 'keep-alive' ],
549 verbose audit error     'strict-transport-security': [ 'max-age=5184000' ],
549 verbose audit error     via: [ 'kunlun8.cn1602[,404666]' ],
549 verbose audit error     'timing-allow-origin': [ '*' ],
549 verbose audit error     eagleid: [ '74fd1d1c17434994386062155e' ],
549 verbose audit error     'x-fetch-attempts': [ '1' ]
549 verbose audit error   },
549 verbose audit error   statusCode: 404,
549 verbose audit error   code: 'E404',
549 verbose audit error   method: 'POST',
549 verbose audit error   uri: 'https://registry.npmmirror.com/-/npm/v1/security/audits/quick',
549 verbose audit error   body: {
549 verbose audit error     error: '[NOT_IMPLEMENTED] /-/npm/v1/security/* not implemented yet'
549 verbose audit error   },
549 verbose audit error   pkgid: undefined
549 verbose audit error }
550 silly audit error [object Object]
551 silly audit report null
552 http fetch GET 200 https://cdn.npmmirror.com/packages/vite/4.5.11/vite-4.5.11.tgz 3639ms (cache miss)
553 info run esbuild@0.18.20 postinstall node_modules/esbuild node install.js
554 info run vue-demi@0.14.10 postinstall node_modules/@vueuse/core/node_modules/vue-demi node -e "try{require('./scripts/postinstall.js')}catch(e){}"
555 info run vue-demi@0.14.10 postinstall node_modules/@vueuse/shared/node_modules/vue-demi node -e "try{require('./scripts/postinstall.js')}catch(e){}"
556 info run esbuild@0.18.20 postinstall { code: 0, signal: null }
557 info run vue-demi@0.14.10 postinstall { code: 0, signal: null }
558 info run vue-demi@0.14.10 postinstall { code: 0, signal: null }
559 silly ADD node_modules/@vue/devtools-api
560 silly ADD node_modules/@jridgewell/sourcemap-codec
561 silly ADD node_modules/csstype
562 silly ADD node_modules/@vue/runtime-core
563 silly ADD node_modules/@vue/reactivity
564 silly ADD node_modules/magic-string
565 silly ADD node_modules/@vue/compiler-ssr
566 silly ADD node_modules/@babel/helper-validator-identifier
567 silly ADD node_modules/@babel/helper-string-parser
568 silly ADD node_modules/@babel/types
569 silly ADD node_modules/estree-walker
570 silly ADD node_modules/entities
571 silly ADD node_modules/@babel/parser
572 silly ADD node_modules/@vue/compiler-core
573 silly ADD node_modules/@vue/shared
574 silly ADD node_modules/@vue/server-renderer
575 silly ADD node_modules/@vue/runtime-dom
576 silly ADD node_modules/@vue/compiler-sfc
577 silly ADD node_modules/@vue/compiler-dom
578 silly ADD node_modules/source-map-js
579 silly ADD node_modules/picocolors
580 silly ADD node_modules/nanoid
581 silly ADD node_modules/@esbuild/win32-x64
582 silly ADD
583 silly ADD
584 silly ADD
585 silly ADD
586 silly ADD
587 silly ADD
588 silly ADD
589 silly ADD
590 silly ADD
591 silly ADD
592 silly ADD
593 silly ADD
594 silly ADD
595 silly ADD
596 silly ADD
597 silly ADD
598 silly ADD
599 silly ADD
600 silly ADD
601 silly ADD
602 silly ADD
603 silly ADD node_modules/rollup
604 silly ADD node_modules/postcss
605 silly ADD
606 silly ADD node_modules/esbuild
607 silly ADD node_modules/@vueuse/shared
608 silly ADD node_modules/@vueuse/shared/node_modules/vue-demi
609 silly ADD node_modules/@vueuse/metadata
610 silly ADD node_modules/@types/web-bluetooth
611 silly ADD node_modules/@floating-ui/utils
612 silly ADD node_modules/@floating-ui/core
613 silly ADD node_modules/normalize-wheel-es
614 silly ADD node_modules/memoize-one
615 silly ADD node_modules/lodash-unified
616 silly ADD node_modules/lodash-es
617 silly ADD node_modules/lodash
618 silly ADD node_modules/escape-html
619 silly ADD node_modules/dayjs
620 silly ADD node_modules/async-validator
621 silly ADD node_modules/@vueuse/core
622 silly ADD node_modules/@vueuse/core/node_modules/vue-demi
623 silly ADD node_modules/@types/lodash-es
624 silly ADD node_modules/@types/lodash
625 silly ADD node_modules/@popperjs/core
626 silly ADD node_modules/@floating-ui/dom
627 silly ADD node_modules/@element-plus/icons-vue
628 silly ADD node_modules/@ctrl/tinycolor
629 silly ADD node_modules/vue-router
630 silly ADD node_modules/element-plus
631 silly ADD node_modules/vue
632 silly ADD node_modules/vite
633 silly ADD node_modules/@vitejs/plugin-vue
634 silly ADD node_modules/@amap/amap-jsapi-loader
635 verbose cwd E:\桌面\javahotel\heqing99
636 verbose os Windows_NT 10.0.22000
637 verbose node v22.14.0
638 verbose npm  v10.9.2
639 verbose exit 0
640 info ok
