0 verbose cli E:\developer_tools\nodejs\node.exe E:\developer_tools\nodejs\node_modules\npm\bin\npm-cli.js
1 info using npm@10.9.2
2 info using node@v22.14.0
3 silly config load:file:E:\developer_tools\nodejs\node_modules\npm\npmrc
4 silly config load:file:E:\桌面\javahotel\heqing99\.npmrc
5 silly config load:file:C:\Users\上善若水\.npmrc
6 silly config load:file:E:\桌面\javahotel\heqing99\developer_toolsnodejsnode_global\etc\npmrc
7 verbose title npm list qrcodejs2-fix
8 verbose argv "list" "qrcodejs2-fix"
9 verbose logfile logs-max:10 dir:E:\桌面\javahotel\heqing99\developer_toolsnodejsnode_cache\_logs\2025-04-04T04_33_27_326Z-
10 verbose logfile E:\桌面\javahotel\heqing99\developer_toolsnodejsnode_cache\_logs\2025-04-04T04_33_27_326Z-debug-0.log
11 silly logfile start cleaning logs, removing 1 files
12 silly packumentCache heap:4345298944 maxSize:1086324736 maxEntrySize:543162368
13 silly logfile done cleaning log files
14 verbose cwd E:\桌面\javahotel\heqing99
15 verbose os Windows_NT 10.0.22000
16 verbose node v22.14.0
17 verbose npm  v10.9.2
18 verbose exit 0
19 info ok
