0 verbose cli E:\developer_tools\nodejs\node.exe E:\developer_tools\nodejs\node_modules\npm\bin\npm-cli.js
1 info using npm@10.9.2
2 info using node@v22.14.0
3 silly config load:file:E:\developer_tools\nodejs\node_modules\npm\npmrc
4 silly config load:file:E:\桌面\javahotel\heqing99\.npmrc
5 silly config load:file:C:\Users\上善若水\.npmrc
6 silly config load:file:E:\桌面\javahotel\heqing99\developer_toolsnodejsnode_global\etc\npmrc
7 verbose title npm install qrcodejs2-fix
8 verbose argv "install" "qrcodejs2-fix"
9 verbose logfile logs-max:10 dir:E:\桌面\javahotel\heqing99\developer_toolsnodejsnode_cache\_logs\2025-04-04T04_29_11_040Z-
10 verbose logfile E:\桌面\javahotel\heqing99\developer_toolsnodejsnode_cache\_logs\2025-04-04T04_29_11_040Z-debug-0.log
11 silly logfile start cleaning logs, removing 1 files
12 silly packumentCache heap:4345298944 maxSize:1086324736 maxEntrySize:543162368
13 silly logfile done cleaning log files
14 silly idealTree buildDeps
15 silly fetch manifest qrcodejs2-fix@^0.0.1
16 silly packumentCache full:https://registry.npmmirror.com/qrcodejs2-fix cache-miss
17 http fetch GET 200 https://registry.npmmirror.com/qrcodejs2-fix 345ms (cache miss)
18 silly packumentCache full:https://registry.npmmirror.com/qrcodejs2-fix set size:1662 disposed:false
19 silly placeDep ROOT qrcodejs2-fix@0.0.1 OK for: hotel-frontend@0.0.1 want: ^0.0.1
20 silly reify moves {}
21 silly audit bulk request {
21 silly audit   '@amap/amap-jsapi-loader': [ '1.0.1' ],
21 silly audit   '@babel/helper-string-parser': [ '7.25.9' ],
21 silly audit   '@babel/helper-validator-identifier': [ '7.25.9' ],
21 silly audit   '@babel/parser': [ '7.27.0' ],
21 silly audit   '@babel/types': [ '7.27.0' ],
21 silly audit   '@ctrl/tinycolor': [ '3.6.1' ],
21 silly audit   '@element-plus/icons-vue': [ '2.3.1' ],
21 silly audit   '@esbuild/android-arm': [ '0.18.20' ],
21 silly audit   '@esbuild/android-arm64': [ '0.18.20' ],
21 silly audit   '@esbuild/android-x64': [ '0.18.20' ],
21 silly audit   '@esbuild/darwin-arm64': [ '0.18.20' ],
21 silly audit   '@esbuild/darwin-x64': [ '0.18.20' ],
21 silly audit   '@esbuild/freebsd-arm64': [ '0.18.20' ],
21 silly audit   '@esbuild/freebsd-x64': [ '0.18.20' ],
21 silly audit   '@esbuild/linux-arm': [ '0.18.20' ],
21 silly audit   '@esbuild/linux-arm64': [ '0.18.20' ],
21 silly audit   '@esbuild/linux-ia32': [ '0.18.20' ],
21 silly audit   '@esbuild/linux-loong64': [ '0.18.20' ],
21 silly audit   '@esbuild/linux-mips64el': [ '0.18.20' ],
21 silly audit   '@esbuild/linux-ppc64': [ '0.18.20' ],
21 silly audit   '@esbuild/linux-riscv64': [ '0.18.20' ],
21 silly audit   '@esbuild/linux-s390x': [ '0.18.20' ],
21 silly audit   '@esbuild/linux-x64': [ '0.18.20' ],
21 silly audit   '@esbuild/netbsd-x64': [ '0.18.20' ],
21 silly audit   '@esbuild/openbsd-x64': [ '0.18.20' ],
21 silly audit   '@esbuild/sunos-x64': [ '0.18.20' ],
21 silly audit   '@esbuild/win32-arm64': [ '0.18.20' ],
21 silly audit   '@esbuild/win32-ia32': [ '0.18.20' ],
21 silly audit   '@esbuild/win32-x64': [ '0.18.20' ],
21 silly audit   '@floating-ui/core': [ '1.6.9' ],
21 silly audit   '@floating-ui/dom': [ '1.6.13' ],
21 silly audit   '@floating-ui/utils': [ '0.2.9' ],
21 silly audit   '@jridgewell/sourcemap-codec': [ '1.5.0' ],
21 silly audit   '@sxzz/popperjs-es': [ '2.11.7' ],
21 silly audit   '@types/lodash': [ '4.17.16' ],
21 silly audit   '@types/lodash-es': [ '4.17.12' ],
21 silly audit   '@types/web-bluetooth': [ '0.0.16' ],
21 silly audit   '@vitejs/plugin-vue': [ '4.6.2' ],
21 silly audit   '@vue/compiler-core': [ '3.5.13' ],
21 silly audit   '@vue/compiler-dom': [ '3.5.13' ],
21 silly audit   '@vue/compiler-sfc': [ '3.5.13' ],
21 silly audit   '@vue/compiler-ssr': [ '3.5.13' ],
21 silly audit   '@vue/devtools-api': [ '6.6.4' ],
21 silly audit   '@vue/reactivity': [ '3.5.13' ],
21 silly audit   '@vue/runtime-core': [ '3.5.13' ],
21 silly audit   '@vue/runtime-dom': [ '3.5.13' ],
21 silly audit   '@vue/server-renderer': [ '3.5.13' ],
21 silly audit   '@vue/shared': [ '3.5.13' ],
21 silly audit   '@vueuse/core': [ '9.13.0' ],
21 silly audit   'vue-demi': [ '0.14.10' ],
21 silly audit   '@vueuse/metadata': [ '9.13.0' ],
21 silly audit   '@vueuse/shared': [ '9.13.0' ],
21 silly audit   'async-validator': [ '4.2.5' ],
21 silly audit   csstype: [ '3.1.3' ],
21 silly audit   dayjs: [ '1.11.13' ],
21 silly audit   echarts: [ '5.6.0' ],
21 silly audit   'element-plus': [ '2.9.7' ],
21 silly audit   entities: [ '4.5.0' ],
21 silly audit   esbuild: [ '0.18.20' ],
21 silly audit   'escape-html': [ '1.0.3' ],
21 silly audit   'estree-walker': [ '2.0.2' ],
21 silly audit   fsevents: [ '2.3.3' ],
21 silly audit   lodash: [ '4.17.21' ],
21 silly audit   'lodash-es': [ '4.17.21' ],
21 silly audit   'lodash-unified': [ '1.0.3' ],
21 silly audit   'magic-string': [ '0.30.17' ],
21 silly audit   'memoize-one': [ '6.0.0' ],
21 silly audit   nanoid: [ '3.3.11' ],
21 silly audit   'normalize-wheel-es': [ '1.2.0' ],
21 silly audit   picocolors: [ '1.1.1' ],
21 silly audit   postcss: [ '8.5.3' ],
21 silly audit   rollup: [ '3.29.5' ],
21 silly audit   'source-map-js': [ '1.2.1' ],
21 silly audit   tslib: [ '2.3.0' ],
21 silly audit   vite: [ '4.5.11' ],
21 silly audit   vue: [ '3.5.13' ],
21 silly audit   'vue-router': [ '4.5.0' ],
21 silly audit   zrender: [ '5.6.1' ],
21 silly audit   'qrcodejs2-fix': [ '0.0.1' ]
21 silly audit }
22 verbose reify failed optional dependency E:\桌面\javahotel\heqing99\node_modules\fsevents
23 silly reify mark deleted [ 'E:\\桌面\\javahotel\\heqing99\\node_modules\\fsevents' ]
24 verbose reify failed optional dependency E:\桌面\javahotel\heqing99\node_modules\@esbuild\win32-ia32
25 silly reify mark deleted [ 'E:\\桌面\\javahotel\\heqing99\\node_modules\\@esbuild\\win32-ia32' ]
26 verbose reify failed optional dependency E:\桌面\javahotel\heqing99\node_modules\@esbuild\win32-arm64
27 silly reify mark deleted [ 'E:\\桌面\\javahotel\\heqing99\\node_modules\\@esbuild\\win32-arm64' ]
28 verbose reify failed optional dependency E:\桌面\javahotel\heqing99\node_modules\@esbuild\sunos-x64
29 silly reify mark deleted [ 'E:\\桌面\\javahotel\\heqing99\\node_modules\\@esbuild\\sunos-x64' ]
30 verbose reify failed optional dependency E:\桌面\javahotel\heqing99\node_modules\@esbuild\openbsd-x64
31 silly reify mark deleted [ 'E:\\桌面\\javahotel\\heqing99\\node_modules\\@esbuild\\openbsd-x64' ]
32 verbose reify failed optional dependency E:\桌面\javahotel\heqing99\node_modules\@esbuild\netbsd-x64
33 silly reify mark deleted [ 'E:\\桌面\\javahotel\\heqing99\\node_modules\\@esbuild\\netbsd-x64' ]
34 verbose reify failed optional dependency E:\桌面\javahotel\heqing99\node_modules\@esbuild\linux-x64
35 silly reify mark deleted [ 'E:\\桌面\\javahotel\\heqing99\\node_modules\\@esbuild\\linux-x64' ]
36 verbose reify failed optional dependency E:\桌面\javahotel\heqing99\node_modules\@esbuild\linux-s390x
37 silly reify mark deleted [ 'E:\\桌面\\javahotel\\heqing99\\node_modules\\@esbuild\\linux-s390x' ]
38 verbose reify failed optional dependency E:\桌面\javahotel\heqing99\node_modules\@esbuild\linux-riscv64
39 silly reify mark deleted [
39 silly reify   'E:\\桌面\\javahotel\\heqing99\\node_modules\\@esbuild\\linux-riscv64'
39 silly reify ]
40 verbose reify failed optional dependency E:\桌面\javahotel\heqing99\node_modules\@esbuild\linux-ppc64
41 silly reify mark deleted [ 'E:\\桌面\\javahotel\\heqing99\\node_modules\\@esbuild\\linux-ppc64' ]
42 verbose reify failed optional dependency E:\桌面\javahotel\heqing99\node_modules\@esbuild\linux-mips64el
43 silly reify mark deleted [
43 silly reify   'E:\\桌面\\javahotel\\heqing99\\node_modules\\@esbuild\\linux-mips64el'
43 silly reify ]
44 verbose reify failed optional dependency E:\桌面\javahotel\heqing99\node_modules\@esbuild\linux-loong64
45 silly reify mark deleted [
45 silly reify   'E:\\桌面\\javahotel\\heqing99\\node_modules\\@esbuild\\linux-loong64'
45 silly reify ]
46 verbose reify failed optional dependency E:\桌面\javahotel\heqing99\node_modules\@esbuild\linux-ia32
47 silly reify mark deleted [ 'E:\\桌面\\javahotel\\heqing99\\node_modules\\@esbuild\\linux-ia32' ]
48 verbose reify failed optional dependency E:\桌面\javahotel\heqing99\node_modules\@esbuild\linux-arm64
49 silly reify mark deleted [ 'E:\\桌面\\javahotel\\heqing99\\node_modules\\@esbuild\\linux-arm64' ]
50 verbose reify failed optional dependency E:\桌面\javahotel\heqing99\node_modules\@esbuild\linux-arm
51 silly reify mark deleted [ 'E:\\桌面\\javahotel\\heqing99\\node_modules\\@esbuild\\linux-arm' ]
52 verbose reify failed optional dependency E:\桌面\javahotel\heqing99\node_modules\@esbuild\freebsd-x64
53 silly reify mark deleted [ 'E:\\桌面\\javahotel\\heqing99\\node_modules\\@esbuild\\freebsd-x64' ]
54 verbose reify failed optional dependency E:\桌面\javahotel\heqing99\node_modules\@esbuild\freebsd-arm64
55 silly reify mark deleted [
55 silly reify   'E:\\桌面\\javahotel\\heqing99\\node_modules\\@esbuild\\freebsd-arm64'
55 silly reify ]
56 verbose reify failed optional dependency E:\桌面\javahotel\heqing99\node_modules\@esbuild\darwin-x64
57 silly reify mark deleted [ 'E:\\桌面\\javahotel\\heqing99\\node_modules\\@esbuild\\darwin-x64' ]
58 verbose reify failed optional dependency E:\桌面\javahotel\heqing99\node_modules\@esbuild\darwin-arm64
59 silly reify mark deleted [ 'E:\\桌面\\javahotel\\heqing99\\node_modules\\@esbuild\\darwin-arm64' ]
60 verbose reify failed optional dependency E:\桌面\javahotel\heqing99\node_modules\@esbuild\android-x64
61 silly reify mark deleted [ 'E:\\桌面\\javahotel\\heqing99\\node_modules\\@esbuild\\android-x64' ]
62 verbose reify failed optional dependency E:\桌面\javahotel\heqing99\node_modules\@esbuild\android-arm64
63 silly reify mark deleted [
63 silly reify   'E:\\桌面\\javahotel\\heqing99\\node_modules\\@esbuild\\android-arm64'
63 silly reify ]
64 verbose reify failed optional dependency E:\桌面\javahotel\heqing99\node_modules\@esbuild\android-arm
65 silly reify mark deleted [ 'E:\\桌面\\javahotel\\heqing99\\node_modules\\@esbuild\\android-arm' ]
66 http cache qrcodejs2-fix@https://registry.npmmirror.com/qrcodejs2-fix/-/qrcodejs2-fix-0.0.1.tgz 0ms (cache hit)
67 silly tarball no local data for qrcodejs2-fix@https://registry.npmmirror.com/qrcodejs2-fix/-/qrcodejs2-fix-0.0.1.tgz. Extracting by manifest.
68 http fetch POST 404 https://registry.npmmirror.com/-/npm/v1/security/advisories/bulk 78ms
69 silly audit bulk request failed [object Object]
70 http fetch POST 404 https://registry.npmmirror.com/-/npm/v1/security/audits/quick 56ms
71 verbose audit error HttpErrorGeneral: 404 Not Found - POST https://registry.npmmirror.com/-/npm/v1/security/audits/quick - [NOT_IMPLEMENTED] /-/npm/v1/security/* not implemented yet
71 verbose audit error     at E:\developer_tools\nodejs\node_modules\npm\node_modules\npm-registry-fetch\lib\check-response.js:103:15
71 verbose audit error     at process.processTicksAndRejections (node:internal/process/task_queues:105:5)
71 verbose audit error     at async [getReport] (E:\developer_tools\nodejs\node_modules\npm\node_modules\@npmcli\arborist\lib\audit-report.js:336:21)
71 verbose audit error     at async AuditReport.run (E:\developer_tools\nodejs\node_modules\npm\node_modules\@npmcli\arborist\lib\audit-report.js:106:19) {
71 verbose audit error   headers: [Object: null prototype] {
71 verbose audit error     server: [ 'Tengine' ],
71 verbose audit error     date: [ 'Fri, 04 Apr 2025 04:29:13 GMT' ],
71 verbose audit error     'content-type': [ 'application/json' ],
71 verbose audit error     'transfer-encoding': [ 'chunked' ],
71 verbose audit error     connection: [ 'keep-alive' ],
71 verbose audit error     'strict-transport-security': [ 'max-age=5184000' ],
71 verbose audit error     via: [ 'kunlun9.cn5506[,404666]' ],
71 verbose audit error     'timing-allow-origin': [ '*' ],
71 verbose audit error     eagleid: [ '6f0db51d17437409538386421e' ],
71 verbose audit error     'x-fetch-attempts': [ '1' ]
71 verbose audit error   },
71 verbose audit error   statusCode: 404,
71 verbose audit error   code: 'E404',
71 verbose audit error   method: 'POST',
71 verbose audit error   uri: 'https://registry.npmmirror.com/-/npm/v1/security/audits/quick',
71 verbose audit error   body: {
71 verbose audit error     error: '[NOT_IMPLEMENTED] /-/npm/v1/security/* not implemented yet'
71 verbose audit error   },
71 verbose audit error   pkgid: undefined
71 verbose audit error }
72 silly audit error [object Object]
73 silly audit report null
74 http fetch GET 200 https://cdn.npmmirror.com/packages/qrcodejs2-fix/0.0.1/qrcodejs2-fix-0.0.1.tgz 760ms (cache miss)
75 silly ADD node_modules/qrcodejs2-fix
76 silly ADD
77 silly ADD
78 silly ADD
79 silly ADD
80 silly ADD
81 silly ADD
82 silly ADD
83 silly ADD
84 silly ADD
85 silly ADD
86 silly ADD
87 silly ADD
88 silly ADD
89 silly ADD
90 silly ADD
91 silly ADD
92 silly ADD
93 silly ADD
94 silly ADD
95 silly ADD
96 silly ADD
97 silly ADD
98 verbose cwd E:\桌面\javahotel\heqing99
99 verbose os Windows_NT 10.0.22000
100 verbose node v22.14.0
101 verbose npm  v10.9.2
102 verbose exit 0
103 info ok
