#
# There is insufficient memory for the Java Runtime Environment to continue.
# Native memory allocation (mmap) failed to map 257949696 bytes for G1 virtual space
# Possible reasons:
#   The system is out of physical RAM or swap space
#   The process is running with CompressedOops enabled, and the Java Heap may be blocking the growth of the native heap
# Possible solutions:
#   Reduce memory load on the system
#   Increase physical memory or swap space
#   Check if swap backing store is full
#   Decrease Java heap size (-Xmx/-Xms)
#   Decrease number of Java threads
#   Decrease Java thread stack sizes (-Xss)
#   Set larger code cache with -XX:ReservedCodeCacheSize=
#   JVM is running with Zero Based Compressed Oops mode in which the Java heap is
#     placed in the first 32GB address space. The Java Heap base address is the
#     maximum limit for the native heap growth. Please use -XX:HeapBaseMinAddress
#     to set the Java Heap base and to place the Java Heap above 32GB virtual address.
# This output file may be truncated or incomplete.
#
#  Out of Memory Error (os_windows.cpp:3530), pid=1424, tid=13956
#
# JRE version:  (18.0.2+9) (build )
# Java VM: OpenJDK 64-Bit Server VM (18.0.2+9-FR, mixed mode, emulated-client, sharing, tiered, compressed oops, compressed class ptrs, g1 gc, windows-amd64)
# No core dump will be written. Minidumps are not enabled by default on client versions of Windows
#

---------------  S U M M A R Y ------------

Command Line: -XX:TieredStopAtLevel=1 -Xverify:none -Dspring.output.ansi.enabled=always -Dcom.sun.management.jmxremote -Dspring.jmx.enabled=true -Dspring.liveBeansView.mbeanDomain -Dspring.application.admin.enabled=true -javaagent:E:\developer_tools\IntelliJ IDEA 2021.3.1\lib\idea_rt.jar=65168:E:\developer_tools\IntelliJ IDEA 2021.3.1\bin -Dfile.encoding=UTF-8 com.hotel.HotelManagementApplication

Host: AMD Ryzen 7 4800H with Radeon Graphics         , 16 cores, 15G,  Windows 11 , 64 bit Build 22000 (10.0.22000.2538)
Time: Mon Apr 28 17:57:46 2025  Windows 11 , 64 bit Build 22000 (10.0.22000.2538) elapsed time: 0.040955 seconds (0d 0h 0m 0s)

---------------  T H R E A D  ---------------

Current thread (0x000002cc66109650):  JavaThread "Unknown thread" [_thread_in_vm, id=13956, stack(0x000000e5d6400000,0x000000e5d6500000)]

Stack: [0x000000e5d6400000,0x000000e5d6500000]
Native frames: (J=compiled Java code, j=interpreted, Vv=VM code, C=native code)
V  [jvm.dll+0x685a2a]
V  [jvm.dll+0x82ae8d]
V  [jvm.dll+0x82c75e]
V  [jvm.dll+0x82ce03]
V  [jvm.dll+0x25ef4b]
V  [jvm.dll+0x6828ca]
V  [jvm.dll+0x67745a]
V  [jvm.dll+0x3243f9]
V  [jvm.dll+0x32ba86]
V  [jvm.dll+0x37e00a]
V  [jvm.dll+0x37e24f]
V  [jvm.dll+0x2fb50a]
V  [jvm.dll+0x2fc581]
V  [jvm.dll+0x7fb300]
V  [jvm.dll+0x38af71]
V  [jvm.dll+0x7dab95]
V  [jvm.dll+0x4058f3]
V  [jvm.dll+0x4072b1]
C  [jli.dll+0x519f]
C  [ucrtbase.dll+0x26c0c]
C  [KERNEL32.DLL+0x153e0]
C  [ntdll.dll+0x485b]


---------------  P R O C E S S  ---------------

Threads class SMR info:
_java_thread_list=0x00007ffe883b9610, length=0, elements={
}

Java Threads: ( => current thread )

Other Threads:
  0x000002cc6617d250 WorkerThread "GC Thread#0" [stack: 0x000000e5d6500000,0x000000e5d6600000] [id=35444]
  0x000002cc63f9dcf0 ConcurrentGCThread "G1 Main Marker" [stack: 0x000000e5d6600000,0x000000e5d6700000] [id=39188]
  0x000002cc63f9e4f0 WorkerThread "G1 Conc#0" [stack: 0x000000e5d6700000,0x000000e5d6800000] [id=34768]

[error occurred during error reporting (printing all threads), id 0xc0000005, EXCEPTION_ACCESS_VIOLATION (0xc0000005) at pc=0x00007ffe87b8c5c7]

VM state: not at safepoint (not fully initialized)

VM Mutex/Monitor currently owned by a thread:  ([mutex/lock_event])
[0x000002cc66105d80] Heap_lock - owner thread: 0x000002cc66109650

Heap address: 0x000000070a000000, size: 3936 MB, Compressed Oops mode: Zero based, Oop shift amount: 3

CDS archive(s) mapped at: [0x0000000000000000-0x0000000000000000-0x0000000000000000), size 0, SharedBaseAddress: 0x0000000800000000, ArchiveRelocationMode: 0.
Narrow klass base: 0x0000000000000000, Narrow klass shift: 0, Narrow klass range: 0x0

GC Precious Log:
 CardTable entry size: 512
 Card Set container configuration: InlinePtr #cards 4 size 8 Array Of Cards #cards 16 size 48 Howl #buckets 8 coarsen threshold 3686 Howl Bitmap #cards 512 size 80 coarsen threshold 460 Card regions per heap region 1 cards per card region 4096

Heap:
 garbage-first heap   total 0K, used 0K [0x000000070a000000, 0x0000000800000000)
  region size 2048K, 0 young (0K), 0 survivors (0K)

[error occurred during error reporting (printing heap information), id 0xc0000005, EXCEPTION_ACCESS_VIOLATION (0xc0000005) at pc=0x00007ffe87f5d5a9]

GC Heap History (0 events):
No events

Deoptimization events (0 events):
No events

Classes loaded (0 events):
No events

Classes unloaded (0 events):
No events

Classes redefined (0 events):
No events

Internal exceptions (0 events):
No events

VM Operations (0 events):
No events

Events (1 events):
Event: 0.026 Loaded shared library C:\Users\上善若水\.jdks\corretto-18.0.2\bin\java.dll


Dynamic libraries:
0x00007ff60b340000 - 0x00007ff60b34d000 	C:\Users\上善若水\.jdks\corretto-18.0.2\bin\java.exe
0x00007fff17de0000 - 0x00007fff17fe9000 	C:\WINDOWS\SYSTEM32\ntdll.dll
0x00007fff16b80000 - 0x00007fff16c3d000 	C:\WINDOWS\System32\KERNEL32.DLL
0x00007fff15750000 - 0x00007fff15ad4000 	C:\WINDOWS\System32\KERNELBASE.dll
0x00007fff152e0000 - 0x00007fff153f1000 	C:\WINDOWS\System32\ucrtbase.dll
0x00007fff05490000 - 0x00007fff054a7000 	C:\Users\上善若水\.jdks\corretto-18.0.2\bin\jli.dll
0x00007ffefe820000 - 0x00007ffefe835000 	C:\Users\上善若水\.jdks\corretto-18.0.2\bin\VCRUNTIME140.dll
0x00007fff170b0000 - 0x00007fff1725d000 	C:\WINDOWS\System32\USER32.dll
0x00007fff15ae0000 - 0x00007fff15b06000 	C:\WINDOWS\System32\win32u.dll
0x00007fff16c40000 - 0x00007fff16c6a000 	C:\WINDOWS\System32\GDI32.dll
0x00007fff154c0000 - 0x00007fff155de000 	C:\WINDOWS\System32\gdi32full.dll
0x00007fff15b10000 - 0x00007fff15bad000 	C:\WINDOWS\System32\msvcp_win.dll
0x00007fff056c0000 - 0x00007fff05965000 	C:\WINDOWS\WinSxS\amd64_microsoft.windows.common-controls_6595b64144ccf1df_6.0.22000.120_none_9d947278b86cc467\COMCTL32.dll
0x00007fff16ed0000 - 0x00007fff16f73000 	C:\WINDOWS\System32\msvcrt.dll
0x00007fff15ca0000 - 0x00007fff15cd1000 	C:\WINDOWS\System32\IMM32.DLL
0x00007ffedd790000 - 0x00007ffedd82b000 	C:\Users\上善若水\.jdks\corretto-18.0.2\bin\msvcp140.dll
0x00007ffe87880000 - 0x00007ffe884f1000 	C:\Users\上善若水\.jdks\corretto-18.0.2\bin\server\jvm.dll
0x00007fff16170000 - 0x00007fff1621e000 	C:\WINDOWS\System32\ADVAPI32.dll
0x00007fff16e30000 - 0x00007fff16ece000 	C:\WINDOWS\System32\sechost.dll
0x00007fff16d00000 - 0x00007fff16e21000 	C:\WINDOWS\System32\RPCRT4.dll
0x00007fff16160000 - 0x00007fff16168000 	C:\WINDOWS\System32\PSAPI.DLL
0x00007fff04b40000 - 0x00007fff04b49000 	C:\WINDOWS\SYSTEM32\WSOCK32.dll
0x00007fff10d00000 - 0x00007fff10d33000 	C:\WINDOWS\SYSTEM32\WINMM.dll
0x00007fff164e0000 - 0x00007fff1654f000 	C:\WINDOWS\System32\WS2_32.dll
0x00007fff0cc90000 - 0x00007fff0cc9a000 	C:\WINDOWS\SYSTEM32\VERSION.dll
0x00007fff14240000 - 0x00007fff14258000 	C:\WINDOWS\SYSTEM32\kernel.appcore.dll
0x00007fff0e700000 - 0x00007fff0e70a000 	C:\Users\上善若水\.jdks\corretto-18.0.2\bin\jimage.dll
0x00007fff12990000 - 0x00007fff12bb1000 	C:\WINDOWS\SYSTEM32\DBGHELP.DLL
0x00007fff10c80000 - 0x00007fff10cb1000 	C:\WINDOWS\SYSTEM32\dbgcore.DLL
0x00007fff15bb0000 - 0x00007fff15c2f000 	C:\WINDOWS\System32\bcryptPrimitives.dll
0x00007fff053e0000 - 0x00007fff053ee000 	C:\Users\上善若水\.jdks\corretto-18.0.2\bin\instrument.dll
0x00007ffeeed30000 - 0x00007ffeeed55000 	C:\Users\上善若水\.jdks\corretto-18.0.2\bin\java.dll

dbghelp: loaded successfully - version: 4.0.5 - missing functions: none
symbol engine: initialized successfully - sym options: 0x614 - pdb path: .;C:\Users\上善若水\.jdks\corretto-18.0.2\bin;C:\WINDOWS\SYSTEM32;C:\WINDOWS\WinSxS\amd64_microsoft.windows.common-controls_6595b64144ccf1df_6.0.22000.120_none_9d947278b86cc467;C:\Users\上善若水\.jdks\corretto-18.0.2\bi;C:\Users\上善若水\.jdks\corretto-18.0.

VM Arguments:
jvm_args: -XX:TieredStopAtLevel=1 -Xverify:none -Dspring.output.ansi.enabled=always -Dcom.sun.management.jmxremote -Dspring.jmx.enabled=true -Dspring.liveBeansView.mbeanDomain -Dspring.application.admin.enabled=true -javaagent:E:\developer_tools\IntelliJ IDEA 2021.3.1\lib\idea_rt.jar=65168:E:\developer_tools\IntelliJ IDEA 2021.3.1\bin -Dfile.encoding=UTF-8 
java_command: com.hotel.HotelManagementApplication
java_class_path (initial): E:\桌面\javahotel\heqing99\target\classes;C:\Users\上善若水\.m2\repository\org\springframework\boot\spring-boot-starter-web\2.7.0\spring-boot-starter-web-2.7.0.jar;C:\Users\上善若水\.m2\repository\org\springframework\boot\spring-boot-starter\2.7.0\spring-boot-starter-2.7.0.jar;C:\Users\上善若水\.m2\repository\org\springframework\boot\spring-boot\2.7.0\spring-boot-2.7.0.jar;C:\Users\上善若水\.m2\repository\org\springframework\boot\spring-boot-autoconfigure\2.7.0\spring-boot-autoconfigure-2.7.0.jar;C:\Users\上善若水\.m2\repository\org\springframework\boot\spring-boot-starter-logging\2.7.0\spring-boot-starter-logging-2.7.0.jar;C:\Users\上善若水\.m2\repository\ch\qos\logback\logback-classic\1.2.11\logback-classic-1.2.11.jar;C:\Users\上善若水\.m2\repository\ch\qos\logback\logback-core\1.2.11\logback-core-1.2.11.jar;C:\Users\上善若水\.m2\repository\org\apache\logging\log4j\log4j-to-slf4j\2.17.2\log4j-to-slf4j-2.17.2.jar;C:\Users\上善若水\.m2\repository\org\apache\logging\log4j\log4j-api\2.17.2\log4j-api-2.17.2.jar;C:\Users\上善若水\.m2\repository\org\slf4j\jul-to-slf4j\1.7.36\jul-to-slf4j-1.7.36.jar;C:\Users\上善若水\.m2\repository\jakarta\annotation\jakarta.annotation-api\1.3.5\jakarta.annotation-api-1.3.5.jar;C:\Users\上善若水\.m2\repository\org\yaml\snakeyaml\1.30\snakeyaml-1.30.jar;C:\Users\上善若水\.m2\repository\org\springframework\boot\spring-boot-starter-json\2.7.0\spring-boot-starter-json-2.7.0.jar;C:\Users\上善若水\.m2\repository\com\fasterxml\jackson\datatype\jackson-datatype-jdk8\2.13.3\jackson-datatype-jdk8-2.13.3.jar;C:\Users\上善若水\.m2\repository\com\fasterxml\jackson\datatype\jackson-datatype-jsr310\2.13.3\jackson-datatype-jsr310-2.13.3.jar;C:\Users\上善若水\.m2\repository\com\fasterxml\jackson\module\jackson-module-parameter-names\2.13.3\jackson-module-parameter-names-2.13.3.jar;C:\Users\上善若水\.m2\repository\org\springframework\boot\spring-boot-starter-tomcat\2.7.0\spring-boot-starter-tomcat-2.7.0.jar;C:\Users\上善若水\.m2\repository\org\apache\tomcat\embed\tomcat-embed-core\9.0.63\tomcat-embed-core-9.0.63.jar;C:\Users\上善若水\.m2\repository\org\apache\tomcat\embed\tomcat-embed-websocket\9.0.63\tomcat-embed-websocket-9.0.63.jar;C:\Users\上善若水\.m2\repository\org\springframework\spring-web\5.3.20\spring-web-5.3.20.jar;C:\Users\上善若水\.m2\repository\org\springframework\spring-beans\5.3.20\spring-beans-5.3.20.jar;C:\Users\上善若水\.m2\repository\org\springframework\spring-webmvc\5.3.20\spring-webmvc-5.3.20.jar;C:\Users\上善若水\.m2\repository\org\springframework\spring-context\5.3.20\spring-context-5.3.20.jar;C:\Users\上善若水\.m2\repository\org\springframework\spring-expression\5.3.20\spring-expression-5.3.20.jar;C:\Users\上善若水\.m2\repository\org\springframework\boot\spring-boot-starter-security\2.7.0\spring-boot-starter-security-2.7.0.jar;C:\Users\上善若水\.m2\repository\org\springframework\spring-aop\5.3.20\spring-aop-5.3.20.jar;C:\Users\上善若水\.m2\repository\org\springframework\security\spring-security-config\5.7.1\spring-security-config-5.7.1.jar;C:\Users\上善若水\.m2\repository\org\springframework\security\spring-security-core\5.7.1\spring-security-core-5.7.1.jar;C:\Users\上善若水\.m2\repository\org\springframework\security\spring-security-crypto\5.7.1\spring-security-crypto-5.7.1.jar;C:\Users\上善若水\.m2\repository\org\springframework\security\spring-security-web\5.7.1\spring-security-web-5.7.1.jar;C:\Users\上善若水\.m2\repository\org\springframework\boot\spring-boot-starter-data-jpa\2.7.0\spring-boot-starter-data-jpa-2.7.0.jar;C:\Users\上善若水\.m2\repository\org\springframework\boot\spring-boot-starter-aop\2.7.0\spring-boot-starter-aop-2.7.0.jar;C:\Users\上善若水\.m2\repository\org\aspectj\aspectjweaver\1.9.7\aspectjweaver-1.9.7.jar;C:\Users\上善若水\.m2\repository\org\springframework\boot\spring-boot-starter-jdbc\2.7.0\spring-boot-starter-jdbc-2.7.0.jar;C:\Users\上善若水\.m2\repository\com\zaxxer\HikariCP\4.0.3\HikariCP-4.0.3.jar;C:\Users\上善若水\.m2\repository\org\springframework\spring-jdbc\5.3.20\spring-jdbc-5.3.20.jar;C:\Users\上善若水\.m2\repository\jakarta\transaction\jakarta.transaction-api\1.3.3\jakarta.transaction-api-1.3.3.jar;C:\Users\上善若水\.m2\repository\jakarta\persistence\jakarta.persistence-api\2.2.3\jakarta.persistence-api-2.2.3.jar;C:\Users\上善若水\.m2\repository\org\hibernate\hibernate-core\5.6.9.Final\hibernate-core-5.6.9.Final.jar;C:\Users\上善若水\.m2\repository\org\jboss\logging\jboss-logging\3.4.3.Final\jboss-logging-3.4.3.Final.jar;C:\Users\上善若水\.m2\repository\net\bytebuddy\byte-buddy\1.12.10\byte-buddy-1.12.10.jar;C:\Users\上善若水\.m2\repository\antlr\antlr\2.7.7\antlr-2.7.7.jar;C:\Users\上善若水\.m2\repository\org\jboss\jandex\2.4.2.Final\jandex-2.4.2.Final.jar;C:\Users\上善若水\.m2\repository\com\fasterxml\classmate\1.5.1\classmate-1.5.1.jar;C:\Users\上善若水\.m2\repository\org\hibernate\common\hibernate-commons-annotations\5.1.2.Final\hibernate-commons-annotations-5.1.2.Final.jar;C:\Users\上善若水\.m2\repository\org\glassfish\jaxb\jaxb-runtime\2.3.6\jaxb-runtime-2.3.6.jar;C:\Users\上善若水\.m2\repository\org\glassfish\jaxb\txw2\2.3.6\txw2-2.3.6.jar;C:\Users\上善若水\.m2\repository\com\sun\istack\istack-commons-runtime\3.0.12\istack-commons-runtime-3.0.12.jar;C:\Users\上善若水\.m2\repository\com\sun\activation\jakarta.activation\1.2.2\jakarta.activation-1.2.2.jar;C:\Users\上善若水\.m2\repository\org\springframework\data\spring-data-jpa\2.7.0\spring-data-jpa-2.7.0.jar;C:\Users\上善若水\.m2\repository\org\springframework\data\spring-data-commons\2.7.0\spring-data-commons-2.7.0.jar;C:\Users\上善若水\.m2\repository\org\springframework\spring-orm\5.3.20\spring-orm-5.3.20.jar;C:\Users\上善若水\.m2\repository\org\springframework\spring-tx\5.3.20\spring-tx-5.3.20.jar;C:\Users\上善若水\.m2\repository\org\slf4j\slf4j-api\1.7.36\slf4j-api-1.7.36.jar;C:\Users\上善若水\.m2\repository\org\springframework\spring-aspects\5.3.20\spring-aspects-5.3.20.jar;C:\Users\上善若水\.m2\repository\javax\persistence\javax.persistence-api\2.2\javax.persistence-api-2.2.jar;C:\Users\上善若水\.m2\repository\mysql\mysql-connector-java\8.0.29\mysql-connector-java-8.0.29.jar;C:\Users\上善若水\.m2\repository\org\projectlombok\lombok\1.18.24\lombok-1.18.24.jar;C:\Users\上善若水\.m2\repository\io\jsonwebtoken\jjwt\0.9.1\jjwt-0.9.1.jar;C:\Users\上善若水\.m2\repository\com\fasterxml\jackson\core\jackson-databind\2.13.3\jackson-databind-2.13.3.jar;C:\Users\上善若水\.m2\repository\com\fasterxml\jackson\core\jackson-annotations\2.13.3\jackson-annotations-2.13.3.jar;C:\Users\上善若水\.m2\repository\com\fasterxml\jackson\core\jackson-core\2.13.3\jackson-core-2.13.3.jar;C:\Users\上善若水\.m2\repository\org\springframework\boot\spring-boot-starter-validation\2.7.0\spring-boot-starter-validation-2.7.0.jar;C:\Users\上善若水\.m2\repository\org\apache\tomcat\embed\tomcat-embed-el\9.0.63\tomcat-embed-el-9.0.63.jar;C:\Users\上善若水\.m2\repository\org\hibernate\validator\hibernate-validator\6.2.3.Final\hibernate-validator-6.2.3.Final.jar;C:\Users\上善若水\.m2\repository\jakarta\validation\jakarta.validation-api\2.0.2\jakarta.validation-api-2.0.2.jar;C:\Users\上善若水\.m2\repository\jakarta\xml\bind\jakarta.xml.bind-api\2.3.3\jakarta.xml.bind-api-2.3.3.jar;C:\Users\上善若水\.m2\repository\jakarta\activation\jakarta.activation-api\1.2.2\jakarta.activation-api-1.2.2.jar;C:\Users\上善若水\.m2\repository\org\springframework\spring-core\5.3.20\spring-core-5.3.20.jar;C:\Users\上善若水\.m2\repository\org\springframework\spring-jcl\5.3.20\spring-jcl-5.3.20.jar
Launcher Type: SUN_STANDARD

[Global flags]
     intx CICompilerCount                          = 12                                        {product} {ergonomic}
     uint ConcGCThreads                            = 3                                         {product} {ergonomic}
     uint G1ConcRefinementThreads                  = 13                                        {product} {ergonomic}
   size_t G1HeapRegionSize                         = 2097152                                   {product} {ergonomic}
    uintx GCDrainStackTargetSize                   = 64                                        {product} {ergonomic}
   size_t InitialHeapSize                          = 257949696                                 {product} {ergonomic}
     bool ManagementServer                         = true                                      {product} {command line}
   size_t MarkStackSize                            = 4194304                                   {product} {ergonomic}
   size_t MaxHeapSize                              = 4127195136                                {product} {ergonomic}
   size_t MinHeapDeltaBytes                        = 2097152                                   {product} {ergonomic}
   size_t MinHeapSize                              = 8388608                                   {product} {ergonomic}
    uintx NonProfiledCodeHeapSize                  = 0                                      {pd product} {ergonomic}
     bool ProfileInterpreter                       = false                                  {pd product} {command line}
    uintx ProfiledCodeHeapSize                     = 0                                      {pd product} {ergonomic}
   size_t SoftMaxHeapSize                          = 4127195136                             {manageable} {ergonomic}
     intx TieredStopAtLevel                        = 1                                         {product} {command line}
     bool UseCompressedClassPointers               = true                           {product lp64_product} {ergonomic}
     bool UseCompressedOops                        = true                           {product lp64_product} {ergonomic}
     bool UseG1GC                                  = true                                      {product} {ergonomic}
     bool UseLargePagesIndividualAllocation        = false                                  {pd product} {ergonomic}

Logging:
Log output configuration:
 #0: stdout all=warning uptime,level,tags foldmultilines=false
 #1: stderr all=off uptime,level,tags foldmultilines=false

Environment Variables:
JAVA_HOME=E:\developer_tools\Java\jdk-17.0.2
PATH=C:\Python313\Scripts\;C:\Python313\;C:\Program Files\Common Files\Oracle\Java\javapath;C:\Windows\system32;C:\Windows;C:\Windows\System32\Wbem;C:\Windows\System32\WindowsPowerShell\v1.0\;C:\Windows\System32\OpenSSH\;C:\Program Files (x86)\NVIDIA Corporation\PhysX\Common;C:\Program Files\NVIDIA Corporation\NVIDIA NvDLISR;C:\Program Files\dotnet\;C:\Program Files\Microsoft SQL Server\130\Tools\Binn\;C:\Program Files\Microsoft SQL Server\Client SDK\ODBC\170\Tools\Binn\;C:\WINDOWS\system32;C:\WINDOWS;C:\WINDOWS\System32\Wbem;C:\WINDOWS\System32\WindowsPowerShell\v1.0\;C:\WINDOWS\System32\OpenSSH\;E:\developer_tools\Java\jdk-17.0.2\bin;E:\developer_tools\Java\jdk-17.0.2\jre\bin;E:\developer_tools\mysql-5.7.24-winx64\mysql-5.7.24-winx64\bin;E:\developer_tools\maven\apache-maven-3.6.3\bin;E:\developer_tools\Android\android-sdk_r24.4.1-windows\android-sdk-windows\platform-tools;D:\VS2019\freeglut-3.4.0.tar\freeglut-3.4.0;D:\VS2019\freeglut-3.4.0.tar\freeglut-3.4.0\freeglut-3.4.0;E:\developer_tools\apache-tomcat-8.5.68-windows-x64\apache-tomcat-8.5.68\bin;E:\developer_tools\Git\cmd;E:\developer_tools\Xshell 7\;E:\developer_tools\Xftp 7\;E:\developer_tools\nodejs\node_modules;C:\ProgramData\chocolatey\bin;C:\Program Files\nodejs\;C:\Program Files\Docker\Docker\resources\bin;C:\Program Files\MySQL\MySQL Shell 8.0\bin\;E:\developer_tools\anaconda3;E:\developer_tools\anaconda3\Library\mingw-w64\bin;E:\developer_tools\anaconda3\Library\usr\bin;E:\developer_tools\anaconda3\Library\bin;E:\developer_tools\anaconda3\Scripts;C:\Users\上善若水\AppData\Local\Programs\Python\Launcher\;E:\developer_tools\Python\Python311\Scripts\;E:\developer_tools\Python\Python311\;C:\Users\上善若水\AppData\Local\Programs\Python\Python39\Scripts\;C:\Users\上善若水\AppData\Local\Programs\Python\Python39\;C:\Users\上善若水\AppData\Local\Microsoft\WindowsApps;C:\Users\上善若水\.dotnet\tools;D:\Microsoft VS Code\bin;E:\developer_tools\IntelliJ IDEA Community Edition 2021.3.2\bin;;D:\QQ游戏\QQGameTempest\Hall.57821\;E:\developer_tools\JetBrains\PyCharm Community Edition 2022.2.3\bin;;E:\developer_tools\IntelliJ IDEA 2021.3.1\bin;;E:\developer_tools\PyCharm 2023.2.1\bin;;E:\developer_tools\WebStorm 2023.2.1\bin;;E:\developer_tools\DataGrip 2023.2.1\bin;;C:\Users\上善若水\AppData\Local\GitHubDesktop\bin;C:\Users\上善若水\AppData\Roaming\npm;C:\Users\上善若水\AppData\Local\Programs\cursor\resources\app\bin
USERNAME=上善若水
OS=Windows_NT
PROCESSOR_IDENTIFIER=AMD64 Family 23 Model 96 Stepping 1, AuthenticAMD



---------------  S Y S T E M  ---------------

OS:
 Windows 11 , 64 bit Build 22000 (10.0.22000.2538)
OS uptime: 0 days 9:49 hours
Hyper-V role detected

CPU: total 16 (initial active 16) (16 cores per cpu, 2 threads per core) family 23 model 96 stepping 1 microcode 0x0, cx8, cmov, fxsr, ht, mmx, 3dnowpref, sse, sse2, sse3, ssse3, sse4a, sse4.1, sse4.2, popcnt, lzcnt, tsc, tscinvbit, avx, avx2, aes, clmul, bmi1, bmi2, adx, sha, fma, vzeroupper, clflush, clflushopt, hv

Memory: 4k page, system-wide physical 15742M (1922M free)
TotalPageFile size 41342M (AvailPageFile size 238M)
current process WorkingSet (physical memory assigned to process): 12M, peak: 12M
current process commit charge ("private bytes"): 66M, peak: 311M

vm_info: OpenJDK 64-Bit Server VM (18.0.2+9-FR) for windows-amd64 JRE (18.0.2+9-FR), built on Jul 15 2022 20:03:03 by "Administrator" with MS VC++ 15.9 (VS2017)

END.
