#
# There is insufficient memory for the Java Runtime Environment to continue.
# Native memory allocation (malloc) failed to allocate 1989776 bytes. Error detail: Chunk::new
# Possible reasons:
#   The system is out of physical RAM or swap space
#   This process is running with CompressedOops enabled, and the Java Heap may be blocking the growth of the native heap
# Possible solutions:
#   Reduce memory load on the system
#   Increase physical memory or swap space
#   Check if swap backing store is full
#   Decrease Java heap size (-Xmx/-Xms)
#   Decrease number of Java threads
#   Decrease Java thread stack sizes (-Xss)
#   Set larger code cache with -XX:ReservedCodeCacheSize=
#   JVM is running with Unscaled Compressed Oops mode in which the Java heap is
#     placed in the first 4GB address space. The Java Heap base address is the
#     maximum limit for the native heap growth. Please use -XX:HeapBaseMinAddress
#     to set the Java Heap base and to place the Java Heap above 4GB virtual address.
# This output file may be truncated or incomplete.
#
#  Out of Memory Error (arena.cpp:168), pid=32896, tid=29308
#
# JRE version: OpenJDK Runtime Environment Temurin-21.0.6+7 (21.0.6+7) (build 21.0.6+7-LTS)
# Java VM: OpenJDK 64-Bit Server VM Temurin-21.0.6+7 (21.0.6+7-LTS, mixed mode, sharing, tiered, compressed oops, compressed class ptrs, parallel gc, windows-amd64)
# No core dump will be written. Minidumps are not enabled by default on client versions of Windows
#

---------------  S U M M A R Y ------------

Command Line: --add-modules=ALL-SYSTEM --add-opens=java.base/java.util=ALL-UNNAMED --add-opens=java.base/java.lang=ALL-UNNAMED --add-opens=java.base/sun.nio.fs=ALL-UNNAMED -Declipse.application=org.eclipse.jdt.ls.core.id1 -Dosgi.bundles.defaultStartLevel=4 -Declipse.product=org.eclipse.jdt.ls.core.product -Djava.import.generatesMetadataFilesAtProjectRoot=false -DDetectVMInstallationsJob.disabled=true -Dfile.encoding=utf8 -XX:+UseParallelGC -XX:GCTimeRatio=4 -XX:AdaptiveSizePolicyWeight=90 -Dsun.zip.disableMemoryMapping=true -Xmx1G -Xms100m -Xlog:disable -javaagent:c:\Users\上善若水\.cursor\extensions\redhat.java-1.41.1-win32-x64\lombok\lombok-1.18.36.jar -XX:+HeapDumpOnOutOfMemoryError -XX:HeapDumpPath=c:\Users\上善若水\AppData\Roaming\Cursor\User\workspaceStorage\f08dab1c2772a67700050eea53466200\redhat.java -Daether.dependencyCollector.impl=bf c:\Users\上善若水\.cursor\extensions\redhat.java-1.41.1-win32-x64\server\plugins\org.eclipse.equinox.launcher_1.7.0.v20250331-1702.jar -configuration c:\Users\上善若水\AppData\Roaming\Cursor\User\globalStorage\redhat.java\1.41.1\config_win -data c:\Users\上善若水\AppData\Roaming\Cursor\User\workspaceStorage\f08dab1c2772a67700050eea53466200\redhat.java\jdt_ws --pipe=\\.\pipe\lsp-a0a4738ec5b1abf3044d0b719c16183e-sock

Host: AMD Ryzen 7 4800H with Radeon Graphics         , 16 cores, 15G,  Windows 11 , 64 bit Build 22000 (10.0.22000.2538)
Time: Fri May  2 20:43:27 2025  Windows 11 , 64 bit Build 22000 (10.0.22000.2538) elapsed time: 20.283218 seconds (0d 0h 0m 20s)

---------------  T H R E A D  ---------------

Current thread (0x0000028111aa2bf0):  JavaThread "C2 CompilerThread1" daemon [_thread_in_native, id=29308, stack(0x000000aac2600000,0x000000aac2700000) (1024K)]


Current CompileTask:
C2:20283 11695       4       org.eclipse.jdt.internal.compiler.lookup.Scope$Substitutor::substitute (850 bytes)

Stack: [0x000000aac2600000,0x000000aac2700000]
Native frames: (J=compiled Java code, j=interpreted, Vv=VM code, C=native code)
V  [jvm.dll+0x6cdee9]
V  [jvm.dll+0x8a83d1]
V  [jvm.dll+0x8aa8fe]
V  [jvm.dll+0x8aafe3]
V  [jvm.dll+0x27f706]
V  [jvm.dll+0xc500d]
V  [jvm.dll+0xc5543]
V  [jvm.dll+0x3b6752]
V  [jvm.dll+0x1dfe13]
V  [jvm.dll+0x247b42]
V  [jvm.dll+0x246fcf]
V  [jvm.dll+0x1c75ee]
V  [jvm.dll+0x25685a]
V  [jvm.dll+0x254dfa]
V  [jvm.dll+0x3f0256]
V  [jvm.dll+0x851f8b]
V  [jvm.dll+0x6cc5ed]
C  [ucrtbase.dll+0x26c0c]
C  [KERNEL32.DLL+0x153e0]
C  [ntdll.dll+0x485b]


---------------  P R O C E S S  ---------------

Threads class SMR info:
_java_thread_list=0x00000281143aba30, length=95, elements={
0x00000280b19e40f0, 0x00000280c5dd4480, 0x00000280c5dd5820, 0x00000280c5dd7a20,
0x00000280c5dd8830, 0x00000281084b6f50, 0x00000281084bb4c0, 0x00000281084c96a0,
0x00000281084ca7f0, 0x00000281085bfb90, 0x00000281085ced30, 0x00000281085c0f40,
0x00000281085be7e0, 0x00000281085bee70, 0x00000281085c15d0, 0x00000281085c1c60,
0x00000281085bf500, 0x00000281085c0220, 0x0000028111b3f470, 0x0000028111aa2bf0,
0x0000028111b428f0, 0x0000028111b3e750, 0x0000028111b42f80, 0x0000028111b40190,
0x0000028111aa32c0, 0x0000028111b41540, 0x0000028111b3fb00, 0x0000028111b449c0,
0x0000028111b44330, 0x0000028111b40eb0, 0x0000028111b41bd0, 0x0000028111b43610,
0x0000028111b43ca0, 0x0000028111b3ede0, 0x0000028111b3da30, 0x0000028111b45050,
0x000002811328a380, 0x0000028113287c20, 0x000002811328aa10, 0x000002811328b0a0,
0x0000028113287590, 0x0000028113285b50, 0x0000028113289660, 0x000002811328b730,
0x000002811328bdc0, 0x000002811328c450, 0x0000028113289cf0, 0x000002811328cae0,
0x00000281132861e0, 0x0000028113288940, 0x00000281085c08b0, 0x0000028116c69ed0,
0x0000028116c6ccc0, 0x0000028116c6b910, 0x0000028116c6a560, 0x0000028116c69840,
0x0000028116c6abf0, 0x0000028116c6d9e0, 0x0000028116c68b20, 0x0000028116c6bfa0,
0x0000028116c6c630, 0x0000028116c6d350, 0x0000028116c6b280, 0x0000028116c6e070,
0x0000028116c6e700, 0x0000028116c6ed90, 0x0000028116c67e00, 0x0000028116c6f420,
0x0000028116c68490, 0x0000028116c691b0, 0x0000028113ada710, 0x0000028113ad7920,
0x0000028113ad7fb0, 0x0000028113ad99f0, 0x0000028113adada0, 0x0000028113ada080,
0x0000028113ad9360, 0x0000028113ad8640, 0x0000028113ad8cd0, 0x00000281145e4ec0,
0x00000281145e13b0, 0x00000281145e5550, 0x00000281145e89d0, 0x00000281145e7cb0,
0x00000281145e3b10, 0x00000281145e5be0, 0x00000281145e20d0, 0x00000281145e8340,
0x00000281145e41a0, 0x00000281145e6900, 0x00000281145e6270, 0x00000281145e2df0,
0x00000281145e4830, 0x00000281145e1a40, 0x0000028116a05b50
}

Java Threads: ( => current thread )
  0x00000280b19e40f0 JavaThread "main"                              [_thread_blocked, id=18844, stack(0x000000aac0100000,0x000000aac0200000) (1024K)]
  0x00000280c5dd4480 JavaThread "Reference Handler"          daemon [_thread_blocked, id=8596, stack(0x000000aac0500000,0x000000aac0600000) (1024K)]
  0x00000280c5dd5820 JavaThread "Finalizer"                  daemon [_thread_blocked, id=33720, stack(0x000000aac0600000,0x000000aac0700000) (1024K)]
  0x00000280c5dd7a20 JavaThread "Signal Dispatcher"          daemon [_thread_blocked, id=18016, stack(0x000000aac0700000,0x000000aac0800000) (1024K)]
  0x00000280c5dd8830 JavaThread "Attach Listener"            daemon [_thread_blocked, id=33560, stack(0x000000aac0800000,0x000000aac0900000) (1024K)]
  0x00000281084b6f50 JavaThread "Service Thread"             daemon [_thread_blocked, id=10924, stack(0x000000aac0900000,0x000000aac0a00000) (1024K)]
  0x00000281084bb4c0 JavaThread "Monitor Deflation Thread"   daemon [_thread_blocked, id=33020, stack(0x000000aac0a00000,0x000000aac0b00000) (1024K)]
  0x00000281084c96a0 JavaThread "C2 CompilerThread0"         daemon [_thread_in_native, id=384, stack(0x000000aac0b00000,0x000000aac0c00000) (1024K)]
  0x00000281084ca7f0 JavaThread "C1 CompilerThread0"         daemon [_thread_blocked, id=31816, stack(0x000000aac0c00000,0x000000aac0d00000) (1024K)]
  0x00000281085bfb90 JavaThread "Common-Cleaner"             daemon [_thread_blocked, id=23800, stack(0x000000aac0d00000,0x000000aac0e00000) (1024K)]
  0x00000281085ced30 JavaThread "C1 CompilerThread1"         daemon [_thread_blocked, id=30132, stack(0x000000aac0e00000,0x000000aac0f00000) (1024K)]
  0x00000281085c0f40 JavaThread "Notification Thread"        daemon [_thread_blocked, id=30128, stack(0x000000aac0f00000,0x000000aac1000000) (1024K)]
  0x00000281085be7e0 JavaThread "Active Thread: Equinox Container: 1519a9f5-ab74-40e8-b5c4-48c408465140"        [_thread_blocked, id=33464, stack(0x000000aac1400000,0x000000aac1500000) (1024K)]
  0x00000281085bee70 JavaThread "Refresh Thread: Equinox Container: 1519a9f5-ab74-40e8-b5c4-48c408465140" daemon [_thread_blocked, id=5016, stack(0x000000aac1c00000,0x000000aac1d00000) (1024K)]
  0x00000281085c15d0 JavaThread "Framework Event Dispatcher: Equinox Container: 1519a9f5-ab74-40e8-b5c4-48c408465140" daemon [_thread_blocked, id=30840, stack(0x000000aac1d00000,0x000000aac1e00000) (1024K)]
  0x00000281085c1c60 JavaThread "Start Level: Equinox Container: 1519a9f5-ab74-40e8-b5c4-48c408465140" daemon [_thread_blocked, id=26004, stack(0x000000aac1e00000,0x000000aac1f00000) (1024K)]
  0x00000281085bf500 JavaThread "Bundle File Closer"         daemon [_thread_blocked, id=7952, stack(0x000000aac2200000,0x000000aac2300000) (1024K)]
  0x00000281085c0220 JavaThread "SCR Component Actor"        daemon [_thread_blocked, id=10108, stack(0x000000aac1300000,0x000000aac1400000) (1024K)]
  0x0000028111b3f470 JavaThread "Worker-JM"                         [_thread_blocked, id=19328, stack(0x000000aac2500000,0x000000aac2600000) (1024K)]
=>0x0000028111aa2bf0 JavaThread "C2 CompilerThread1"         daemon [_thread_in_native, id=29308, stack(0x000000aac2600000,0x000000aac2700000) (1024K)]
  0x0000028111b428f0 JavaThread "JNA Cleaner"                daemon [_thread_blocked, id=20736, stack(0x000000aac2800000,0x000000aac2900000) (1024K)]
  0x0000028111b3e750 JavaThread "Worker-0"                          [_thread_blocked, id=33580, stack(0x000000aac2900000,0x000000aac2a00000) (1024K)]
  0x0000028111b42f80 JavaThread "Worker-1: Building"                [_thread_blocked, id=20820, stack(0x000000aac2a00000,0x000000aac2b00000) (1024K)]
  0x0000028111b40190 JavaThread "Java indexing"              daemon [_thread_blocked, id=30788, stack(0x000000aac2b00000,0x000000aac2c00000) (1024K)]
  0x0000028111aa32c0 JavaThread "C2 CompilerThread2"         daemon [_thread_in_native, id=19696, stack(0x000000aac2700000,0x000000aac2800000) (1024K)]
  0x0000028111b41540 JavaThread "Worker-2"                          [_thread_blocked, id=15128, stack(0x000000aac2c00000,0x000000aac2d00000) (1024K)]
  0x0000028111b3fb00 JavaThread "Worker-3"                          [_thread_blocked, id=7516, stack(0x000000aac2d00000,0x000000aac2e00000) (1024K)]
  0x0000028111b449c0 JavaThread "Worker-4: Java indexing... "        [_thread_blocked, id=30504, stack(0x000000aac2e00000,0x000000aac2f00000) (1024K)]
  0x0000028111b44330 JavaThread "Worker-5"                          [_thread_blocked, id=30740, stack(0x000000aac2f00000,0x000000aac3000000) (1024K)]
  0x0000028111b40eb0 JavaThread "Thread-2"                   daemon [_thread_in_native, id=6176, stack(0x000000aac3000000,0x000000aac3100000) (1024K)]
  0x0000028111b41bd0 JavaThread "Thread-3"                   daemon [_thread_in_native, id=28860, stack(0x000000aac3100000,0x000000aac3200000) (1024K)]
  0x0000028111b43610 JavaThread "Thread-4"                   daemon [_thread_in_native, id=21044, stack(0x000000aac3200000,0x000000aac3300000) (1024K)]
  0x0000028111b43ca0 JavaThread "Thread-5"                   daemon [_thread_in_native, id=26264, stack(0x000000aac3300000,0x000000aac3400000) (1024K)]
  0x0000028111b3ede0 JavaThread "Thread-6"                   daemon [_thread_in_native, id=21088, stack(0x000000aac3400000,0x000000aac3500000) (1024K)]
  0x0000028111b3da30 JavaThread "Thread-7"                   daemon [_thread_in_native, id=25612, stack(0x000000aac3500000,0x000000aac3600000) (1024K)]
  0x0000028111b45050 JavaThread "Thread-8"                   daemon [_thread_in_native, id=17516, stack(0x000000aac3600000,0x000000aac3700000) (1024K)]
  0x000002811328a380 JavaThread "Thread-9"                   daemon [_thread_in_native, id=13932, stack(0x000000aac3700000,0x000000aac3800000) (1024K)]
  0x0000028113287c20 JavaThread "Thread-10"                  daemon [_thread_in_native, id=23956, stack(0x000000aac3800000,0x000000aac3900000) (1024K)]
  0x000002811328aa10 JavaThread "Thread-11"                  daemon [_thread_in_native, id=32020, stack(0x000000aac3900000,0x000000aac3a00000) (1024K)]
  0x000002811328b0a0 JavaThread "Thread-12"                  daemon [_thread_in_native, id=32872, stack(0x000000aac3a00000,0x000000aac3b00000) (1024K)]
  0x0000028113287590 JavaThread "Thread-13"                  daemon [_thread_in_native, id=11796, stack(0x000000aac3b00000,0x000000aac3c00000) (1024K)]
  0x0000028113285b50 JavaThread "Thread-14"                  daemon [_thread_in_native, id=3204, stack(0x000000aac3c00000,0x000000aac3d00000) (1024K)]
  0x0000028113289660 JavaThread "Thread-15"                  daemon [_thread_in_native, id=9940, stack(0x000000aac3d00000,0x000000aac3e00000) (1024K)]
  0x000002811328b730 JavaThread "Thread-16"                  daemon [_thread_in_native, id=20656, stack(0x000000aac3e00000,0x000000aac3f00000) (1024K)]
  0x000002811328bdc0 JavaThread "Thread-17"                  daemon [_thread_in_native, id=32008, stack(0x000000aac3f00000,0x000000aac4000000) (1024K)]
  0x000002811328c450 JavaThread "Thread-18"                  daemon [_thread_in_native, id=16416, stack(0x000000aac4000000,0x000000aac4100000) (1024K)]
  0x0000028113289cf0 JavaThread "pool-2-thread-1"                   [_thread_blocked, id=14904, stack(0x000000aac4100000,0x000000aac4200000) (1024K)]
  0x000002811328cae0 JavaThread "WorkspaceEventsHandler"            [_thread_blocked, id=15124, stack(0x000000aac4400000,0x000000aac4500000) (1024K)]
  0x00000281132861e0 JavaThread "pool-1-thread-1"                   [_thread_blocked, id=33068, stack(0x000000aac4500000,0x000000aac4600000) (1024K)]
  0x0000028113288940 JavaThread "LocalFile Deleter"          daemon [_thread_blocked, id=30948, stack(0x000000aac2300000,0x000000aac2400000) (1024K)]
  0x00000281085c08b0 JavaThread "LocalFile Deleter"          daemon [_thread_blocked, id=11696, stack(0x000000aac4300000,0x000000aac4400000) (1024K)]
  0x0000028116c69ed0 JavaThread "LocalFile Deleter"          daemon [_thread_blocked, id=20228, stack(0x000000aac4600000,0x000000aac4700000) (1024K)]
  0x0000028116c6ccc0 JavaThread "LocalFile Deleter"          daemon [_thread_blocked, id=15776, stack(0x000000aac4700000,0x000000aac4800000) (1024K)]
  0x0000028116c6b910 JavaThread "LocalFile Deleter"          daemon [_thread_blocked, id=19968, stack(0x000000aac4800000,0x000000aac4900000) (1024K)]
  0x0000028116c6a560 JavaThread "LocalFile Deleter"          daemon [_thread_blocked, id=24868, stack(0x000000aac4900000,0x000000aac4a00000) (1024K)]
  0x0000028116c69840 JavaThread "LocalFile Deleter"          daemon [_thread_blocked, id=29060, stack(0x000000aac4a00000,0x000000aac4b00000) (1024K)]
  0x0000028116c6abf0 JavaThread "LocalFile Deleter"          daemon [_thread_blocked, id=24828, stack(0x000000aac4b00000,0x000000aac4c00000) (1024K)]
  0x0000028116c6d9e0 JavaThread "LocalFile Deleter"          daemon [_thread_blocked, id=26948, stack(0x000000aac4c00000,0x000000aac4d00000) (1024K)]
  0x0000028116c68b20 JavaThread "LocalFile Deleter"          daemon [_thread_blocked, id=29556, stack(0x000000aac4d00000,0x000000aac4e00000) (1024K)]
  0x0000028116c6bfa0 JavaThread "LocalFile Deleter"          daemon [_thread_blocked, id=26360, stack(0x000000aac4e00000,0x000000aac4f00000) (1024K)]
  0x0000028116c6c630 JavaThread "LocalFile Deleter"          daemon [_thread_blocked, id=27144, stack(0x000000aac4f00000,0x000000aac5000000) (1024K)]
  0x0000028116c6d350 JavaThread "LocalFile Deleter"          daemon [_thread_blocked, id=29752, stack(0x000000aac5000000,0x000000aac5100000) (1024K)]
  0x0000028116c6b280 JavaThread "LocalFile Deleter"          daemon [_thread_blocked, id=3256, stack(0x000000aac5100000,0x000000aac5200000) (1024K)]
  0x0000028116c6e070 JavaThread "LocalFile Deleter"          daemon [_thread_blocked, id=22160, stack(0x000000aac5200000,0x000000aac5300000) (1024K)]
  0x0000028116c6e700 JavaThread "LocalFile Deleter"          daemon [_thread_blocked, id=20544, stack(0x000000aac5300000,0x000000aac5400000) (1024K)]
  0x0000028116c6ed90 JavaThread "Compiler Source File Reader" daemon [_thread_blocked, id=27128, stack(0x000000aac5400000,0x000000aac5500000) (1024K)]
  0x0000028116c67e00 JavaThread "Compiler Source File Reader" daemon [_thread_blocked, id=28184, stack(0x000000aac5500000,0x000000aac5600000) (1024K)]
  0x0000028116c6f420 JavaThread "Compiler Source File Reader" daemon [_thread_blocked, id=31424, stack(0x000000aac5600000,0x000000aac5700000) (1024K)]
  0x0000028116c68490 JavaThread "Compiler Source File Reader" daemon [_thread_blocked, id=15920, stack(0x000000aac5700000,0x000000aac5800000) (1024K)]
  0x0000028116c691b0 JavaThread "Compiler Source File Reader" daemon [_thread_blocked, id=3636, stack(0x000000aac5800000,0x000000aac5900000) (1024K)]
  0x0000028113ada710 JavaThread "Compiler Source File Reader" daemon [_thread_blocked, id=4936, stack(0x000000aac5900000,0x000000aac5a00000) (1024K)]
  0x0000028113ad7920 JavaThread "Compiler Source File Reader" daemon [_thread_blocked, id=30060, stack(0x000000aac5a00000,0x000000aac5b00000) (1024K)]
  0x0000028113ad7fb0 JavaThread "Compiler Source File Reader" daemon [_thread_blocked, id=7848, stack(0x000000aac5b00000,0x000000aac5c00000) (1024K)]
  0x0000028113ad99f0 JavaThread "Compiler Source File Reader" daemon [_thread_blocked, id=31716, stack(0x000000aac5c00000,0x000000aac5d00000) (1024K)]
  0x0000028113adada0 JavaThread "Compiler Source File Reader" daemon [_thread_blocked, id=29984, stack(0x000000aac5d00000,0x000000aac5e00000) (1024K)]
  0x0000028113ada080 JavaThread "Compiler Source File Reader" daemon [_thread_blocked, id=32736, stack(0x000000aac5e00000,0x000000aac5f00000) (1024K)]
  0x0000028113ad9360 JavaThread "Compiler Source File Reader" daemon [_thread_blocked, id=9440, stack(0x000000aac5f00000,0x000000aac6000000) (1024K)]
  0x0000028113ad8640 JavaThread "Compiler Source File Reader" daemon [_thread_blocked, id=4080, stack(0x000000aac6000000,0x000000aac6100000) (1024K)]
  0x0000028113ad8cd0 JavaThread "Compiler Source File Reader" daemon [_thread_blocked, id=26232, stack(0x000000aac6100000,0x000000aac6200000) (1024K)]
  0x00000281145e4ec0 JavaThread "Compiler Processing Task"   daemon [_thread_blocked, id=31580, stack(0x000000aac1000000,0x000000aac1100000) (1024K)]
  0x00000281145e13b0 JavaThread "Compiler Class File Writer" daemon [_thread_blocked, id=28112, stack(0x000000aac1100000,0x000000aac1200000) (1024K)]
  0x00000281145e5550 JavaThread "Compiler Class File Writer" daemon [_thread_blocked, id=16324, stack(0x000000aac4200000,0x000000aac4300000) (1024K)]
  0x00000281145e89d0 JavaThread "Compiler Class File Writer" daemon [_thread_blocked, id=32268, stack(0x000000aac6200000,0x000000aac6300000) (1024K)]
  0x00000281145e7cb0 JavaThread "Compiler Class File Writer" daemon [_thread_blocked, id=17884, stack(0x000000aac6300000,0x000000aac6400000) (1024K)]
  0x00000281145e3b10 JavaThread "Compiler Class File Writer" daemon [_thread_blocked, id=30576, stack(0x000000aac6400000,0x000000aac6500000) (1024K)]
  0x00000281145e5be0 JavaThread "Compiler Class File Writer" daemon [_thread_blocked, id=26492, stack(0x000000aac6500000,0x000000aac6600000) (1024K)]
  0x00000281145e20d0 JavaThread "Compiler Class File Writer" daemon [_thread_blocked, id=11456, stack(0x000000aac6600000,0x000000aac6700000) (1024K)]
  0x00000281145e8340 JavaThread "Compiler Class File Writer" daemon [_thread_blocked, id=19820, stack(0x000000aac6700000,0x000000aac6800000) (1024K)]
  0x00000281145e41a0 JavaThread "Compiler Class File Writer" daemon [_thread_blocked, id=19056, stack(0x000000aac6800000,0x000000aac6900000) (1024K)]
  0x00000281145e6900 JavaThread "Compiler Class File Writer" daemon [_thread_blocked, id=27720, stack(0x000000aac6900000,0x000000aac6a00000) (1024K)]
  0x00000281145e6270 JavaThread "Compiler Class File Writer" daemon [_thread_blocked, id=26352, stack(0x000000aac6a00000,0x000000aac6b00000) (1024K)]
  0x00000281145e2df0 JavaThread "Compiler Class File Writer" daemon [_thread_blocked, id=33760, stack(0x000000aac6b00000,0x000000aac6c00000) (1024K)]
  0x00000281145e4830 JavaThread "Compiler Class File Writer" daemon [_thread_blocked, id=30924, stack(0x000000aac6c00000,0x000000aac6d00000) (1024K)]
  0x00000281145e1a40 JavaThread "Compiler Class File Writer" daemon [_thread_blocked, id=29380, stack(0x000000aac6d00000,0x000000aac6e00000) (1024K)]
  0x0000028116a05b50 JavaThread "C1 CompilerThread2"         daemon [_thread_blocked, id=26564, stack(0x000000aac6e00000,0x000000aac6f00000) (1024K)]
Total: 95

Other Threads:
  0x00000281084b2220 VMThread "VM Thread"                           [id=31236, stack(0x000000aac0400000,0x000000aac0500000) (1024K)]
  0x00000280c5cbca00 WatcherThread "VM Periodic Task Thread"        [id=24480, stack(0x000000aac0300000,0x000000aac0400000) (1024K)]
  0x00000280b1a01890 WorkerThread "GC Thread#0"                     [id=1960, stack(0x000000aac0200000,0x000000aac0300000) (1024K)]
  0x000002811192df90 WorkerThread "GC Thread#1"                     [id=30324, stack(0x000000aac1500000,0x000000aac1600000) (1024K)]
  0x0000028111ac6aa0 WorkerThread "GC Thread#2"                     [id=30188, stack(0x000000aac1600000,0x000000aac1700000) (1024K)]
  0x0000028111ac5880 WorkerThread "GC Thread#3"                     [id=32884, stack(0x000000aac1700000,0x000000aac1800000) (1024K)]
  0x0000028111ac5fc0 WorkerThread "GC Thread#4"                     [id=18680, stack(0x000000aac1800000,0x000000aac1900000) (1024K)]
  0x0000028111ac6700 WorkerThread "GC Thread#5"                     [id=33108, stack(0x000000aac1900000,0x000000aac1a00000) (1024K)]
  0x0000028111ac6e40 WorkerThread "GC Thread#6"                     [id=30280, stack(0x000000aac1a00000,0x000000aac1b00000) (1024K)]
  0x0000028111ac6360 WorkerThread "GC Thread#7"                     [id=33028, stack(0x000000aac1b00000,0x000000aac1c00000) (1024K)]
  0x0000028111ac5c20 WorkerThread "GC Thread#8"                     [id=5876, stack(0x000000aac1f00000,0x000000aac2000000) (1024K)]
  0x00000281121235b0 WorkerThread "GC Thread#9"                     [id=32136, stack(0x000000aac2000000,0x000000aac2100000) (1024K)]
  0x0000028112122ad0 WorkerThread "GC Thread#10"                    [id=30264, stack(0x000000aac2100000,0x000000aac2200000) (1024K)]
  0x0000028112121510 WorkerThread "GC Thread#11"                    [id=28760, stack(0x000000aac2400000,0x000000aac2500000) (1024K)]
  0x0000028112123950 WorkerThread "GC Thread#12"                    [id=29688, stack(0x000000aac1200000,0x000000aac1300000) (1024K)]
Total: 15

Threads with active compile tasks:
C2 CompilerThread0  20439 11963       4       lombok.core.AST::buildWithField (21 bytes)
C2 CompilerThread1  20439 11695       4       org.eclipse.jdt.internal.compiler.lookup.Scope$Substitutor::substitute (850 bytes)
C2 CompilerThread2  20439 12152   !   4       lombok.core.AST::buildWithField0 (121 bytes)
Total: 3

VM state: at safepoint (normal execution)

VM Mutex/Monitor currently owned by a thread:  ([mutex/lock_event])
[0x00007ffb4a49e380] Threads_lock - owner thread: 0x00000281084b2220
[0x00007ffb4a49e480] Heap_lock - owner thread: 0x00000281145e4ec0

Heap address: 0x00000000c0000000, size: 1024 MB, Compressed Oops mode: 32-bit

CDS archive(s) mapped at: [0x00000280c6000000-0x00000280c6ba0000-0x00000280c6ba0000), size 12189696, SharedBaseAddress: 0x00000280c6000000, ArchiveRelocationMode: 1.
Compressed class space mapped at: 0x00000280c7000000-0x0000028107000000, reserved size: 1073741824
Narrow klass base: 0x00000280c6000000, Narrow klass shift: 0, Narrow klass range: 0x100000000

GC Precious Log:
 CardTable entry size: 512
 CPUs: 16 total, 16 available
 Memory: 15742M
 Large Page Support: Disabled
 NUMA Support: Disabled
 Compressed Oops: Enabled (32-bit)
 Alignments: Space 512K, Generation 512K, Heap 2M
 Heap Min Capacity: 100M
 Heap Initial Capacity: 100M
 Heap Max Capacity: 1G
 Pre-touch: Disabled
 Parallel Workers: 13

Heap:
 PSYoungGen      total 6656K, used 6341K [0x00000000eab00000, 0x00000000eb300000, 0x0000000100000000)
  eden space 5120K, 100% used [0x00000000eab00000,0x00000000eb000000,0x00000000eb000000)
  from space 1536K, 79% used [0x00000000eb180000,0x00000000eb2b1610,0x00000000eb300000)
  to   space 1536K, 80% used [0x00000000eb000000,0x00000000eb135b88,0x00000000eb180000)
 ParOldGen       total 244736K, used 244371K [0x00000000c0000000, 0x00000000cef00000, 0x00000000eab00000)
  object space 244736K, 99% used [0x00000000c0000000,0x00000000ceea4fe8,0x00000000cef00000)
 Metaspace       used 61257K, committed 62656K, reserved 1114112K
  class space    used 6062K, committed 6720K, reserved 1048576K

Card table byte_map: [0x00000280b1390000,0x00000280b15a0000] _byte_map_base: 0x00000280b0d90000

Marking Bits: (ParMarkBitMap*) 0x00007ffb4a4a3260
 Begin Bits: [0x00000280c3be0000, 0x00000280c4be0000)
 End Bits:   [0x00000280c4be0000, 0x00000280c5be0000)

Polling page: 0x00000280af960000

Metaspace:

Usage:
  Non-class:     53.90 MB used.
      Class:      5.92 MB used.
       Both:     59.82 MB used.

Virtual space:
  Non-class space:       64.00 MB reserved,      54.62 MB ( 85%) committed,  1 nodes.
      Class space:        1.00 GB reserved,       6.56 MB ( <1%) committed,  1 nodes.
             Both:        1.06 GB reserved,      61.19 MB (  6%) committed. 

Chunk freelists:
   Non-Class:  8.89 MB
       Class:  9.43 MB
        Both:  18.32 MB

MaxMetaspaceSize: unlimited
CompressedClassSpaceSize: 1.00 GB
Initial GC threshold: 21.00 MB
Current GC threshold: 97.31 MB
CDS: on
 - commit_granule_bytes: 65536.
 - commit_granule_words: 8192.
 - virtual_space_node_default_size: 8388608.
 - enlarge_chunks_in_place: 1.
 - use_allocation_guard: 0.


Internal statistics:

num_allocs_failed_limit: 9.
num_arena_births: 1184.
num_arena_deaths: 14.
num_vsnodes_births: 2.
num_vsnodes_deaths: 0.
num_space_committed: 978.
num_space_uncommitted: 0.
num_chunks_returned_to_freelist: 23.
num_chunks_taken_from_freelist: 4125.
num_chunk_merges: 10.
num_chunk_splits: 2513.
num_chunks_enlarged: 1365.
num_inconsistent_stats: 0.

CodeHeap 'non-profiled nmethods': size=119168Kb used=8362Kb max_used=8362Kb free=110806Kb
 bounds [0x00000280bc780000, 0x00000280bcfb0000, 0x00000280c3be0000]
CodeHeap 'profiled nmethods': size=119104Kb used=29243Kb max_used=29243Kb free=89861Kb
 bounds [0x00000280b4be0000, 0x00000280b6870000, 0x00000280bc030000]
CodeHeap 'non-nmethods': size=7488Kb used=2550Kb max_used=3165Kb free=4937Kb
 bounds [0x00000280bc030000, 0x00000280bc350000, 0x00000280bc780000]
 total_blobs=12135 nmethods=11398 adapters=640
 compilation: enabled
              stopped_count=0, restarted_count=0
 full_count=0

Compilation events (20 events):
Event: 20.263 Thread 0x00000281084ca7f0 12262       3       org.eclipse.jdt.internal.compiler.ast.FieldReference::generateAssignment (109 bytes)
Event: 20.263 Thread 0x0000028116a05b50 nmethod 12258 0x00000280b6837f10 code [0x00000280b6838400, 0x00000280b683b200]
Event: 20.263 Thread 0x0000028116a05b50 12260       3       org.eclipse.jdt.internal.compiler.lookup.TypeConstants$DangerousMethod::detectSelector (236 bytes)
Event: 20.264 Thread 0x00000281084ca7f0 nmethod 12262 0x00000280b683be10 code [0x00000280b683c060, 0x00000280b683ca50]
Event: 20.264 Thread 0x00000281084ca7f0 12261       3       org.eclipse.jdt.internal.compiler.flow.FlowInfo::asNegatedCondition (2 bytes)
Event: 20.264 Thread 0x00000281084ca7f0 nmethod 12261 0x00000280b683ce10 code [0x00000280b683cfa0, 0x00000280b683d0b0]
Event: 20.264 Thread 0x0000028116a05b50 nmethod 12260 0x00000280b683d190 code [0x00000280b683d4e0, 0x00000280b683e268]
Event: 20.265 Thread 0x0000028116a05b50 12264       3       org.eclipse.jdt.internal.compiler.codegen.BranchLabel::forwardReferenceCount (20 bytes)
Event: 20.265 Thread 0x0000028116a05b50 nmethod 12264 0x00000280b683e690 code [0x00000280b683e860, 0x00000280b683ebc8]
Event: 20.271 Thread 0x0000028116a05b50 12266   !   3       org.eclipse.jdt.internal.compiler.lookup.SourceTypeBinding::fields (376 bytes)
Event: 20.271 Thread 0x00000281084ca7f0 12267       3       org.eclipse.jdt.internal.compiler.flow.UnconditionalFlowInfo::addInfoFrom (2009 bytes)
Event: 20.272 Thread 0x0000028116a05b50 nmethod 12266 0x00000280b683ed10 code [0x00000280b683f020, 0x00000280b6840740]
Event: 20.272 Thread 0x0000028116a05b50 12268       3       org.eclipse.jdt.internal.compiler.lookup.LocalVariableBinding::clearEffectiveFinality (23 bytes)
Event: 20.273 Thread 0x00000281085ced30 nmethod 12255 0x00000280b6840e90 code [0x00000280b6841a60, 0x00000280b684bca8]
Event: 20.273 Thread 0x00000281085ced30 12269       3       org.eclipse.core.filesystem.provider.FileInfo::getAttribute (65 bytes)
Event: 20.273 Thread 0x0000028116a05b50 nmethod 12268 0x00000280b6851190 code [0x00000280b6851340, 0x00000280b6851548]
Event: 20.274 Thread 0x00000281084ca7f0 nmethod 12267 0x00000280b6851610 code [0x00000280b6851ae0, 0x00000280b6854b40]
Event: 20.274 Thread 0x00000281085ced30 nmethod 12269 0x00000280b6856890 code [0x00000280b6856a80, 0x00000280b6856f20]
Event: 20.276 Thread 0x00000281085ced30 12271       3       org.eclipse.jdt.internal.compiler.codegen.CodeStream::iload_2 (102 bytes)
Event: 20.277 Thread 0x00000281085ced30 nmethod 12271 0x00000280b6857110 code [0x00000280b68572e0, 0x00000280b6857610]

GC Heap History (20 events):
Event: 19.751 GC heap before
{Heap before GC invocations=131 (full 3):
 PSYoungGen      total 7168K, used 7154K [0x00000000eab00000, 0x00000000eb480000, 0x0000000100000000)
  eden space 5632K, 100% used [0x00000000eab00000,0x00000000eb080000,0x00000000eb080000)
  from space 1536K, 99% used [0x00000000eb080000,0x00000000eb1fc800,0x00000000eb200000)
  to   space 2048K, 0% used [0x00000000eb280000,0x00000000eb280000,0x00000000eb480000)
 ParOldGen       total 228864K, used 228803K [0x00000000c0000000, 0x00000000cdf80000, 0x00000000eab00000)
  object space 228864K, 99% used [0x00000000c0000000,0x00000000cdf70cc8,0x00000000cdf80000)
 Metaspace       used 60715K, committed 62080K, reserved 1114112K
  class space    used 6061K, committed 6720K, reserved 1048576K
}
Event: 19.754 GC heap after
{Heap after GC invocations=131 (full 3):
 PSYoungGen      total 7680K, used 1624K [0x00000000eab00000, 0x00000000eb480000, 0x0000000100000000)
  eden space 5632K, 0% used [0x00000000eab00000,0x00000000eab00000,0x00000000eb080000)
  from space 2048K, 79% used [0x00000000eb280000,0x00000000eb4161a8,0x00000000eb480000)
  to   space 2048K, 0% used [0x00000000eb080000,0x00000000eb080000,0x00000000eb280000)
 ParOldGen       total 230400K, used 229966K [0x00000000c0000000, 0x00000000ce100000, 0x00000000eab00000)
  object space 230400K, 99% used [0x00000000c0000000,0x00000000ce093a40,0x00000000ce100000)
 Metaspace       used 60715K, committed 62080K, reserved 1114112K
  class space    used 6061K, committed 6720K, reserved 1048576K
}
Event: 19.796 GC heap before
{Heap before GC invocations=132 (full 3):
 PSYoungGen      total 7680K, used 7256K [0x00000000eab00000, 0x00000000eb480000, 0x0000000100000000)
  eden space 5632K, 100% used [0x00000000eab00000,0x00000000eb080000,0x00000000eb080000)
  from space 2048K, 79% used [0x00000000eb280000,0x00000000eb4161a8,0x00000000eb480000)
  to   space 2048K, 0% used [0x00000000eb080000,0x00000000eb080000,0x00000000eb280000)
 ParOldGen       total 230400K, used 229966K [0x00000000c0000000, 0x00000000ce100000, 0x00000000eab00000)
  object space 230400K, 99% used [0x00000000c0000000,0x00000000ce093a40,0x00000000ce100000)
 Metaspace       used 60739K, committed 62080K, reserved 1114112K
  class space    used 6061K, committed 6720K, reserved 1048576K
}
Event: 19.799 GC heap after
{Heap after GC invocations=132 (full 3):
 PSYoungGen      total 7680K, used 1691K [0x00000000eab00000, 0x00000000eb480000, 0x0000000100000000)
  eden space 5632K, 0% used [0x00000000eab00000,0x00000000eab00000,0x00000000eb080000)
  from space 2048K, 82% used [0x00000000eb080000,0x00000000eb226d60,0x00000000eb280000)
  to   space 2048K, 0% used [0x00000000eb280000,0x00000000eb280000,0x00000000eb480000)
 ParOldGen       total 231424K, used 231407K [0x00000000c0000000, 0x00000000ce200000, 0x00000000eab00000)
  object space 231424K, 99% used [0x00000000c0000000,0x00000000ce1fbf68,0x00000000ce200000)
 Metaspace       used 60739K, committed 62080K, reserved 1114112K
  class space    used 6061K, committed 6720K, reserved 1048576K
}
Event: 19.888 GC heap before
{Heap before GC invocations=133 (full 3):
 PSYoungGen      total 7680K, used 7323K [0x00000000eab00000, 0x00000000eb480000, 0x0000000100000000)
  eden space 5632K, 100% used [0x00000000eab00000,0x00000000eb080000,0x00000000eb080000)
  from space 2048K, 82% used [0x00000000eb080000,0x00000000eb226d60,0x00000000eb280000)
  to   space 2048K, 0% used [0x00000000eb280000,0x00000000eb280000,0x00000000eb480000)
 ParOldGen       total 231424K, used 231407K [0x00000000c0000000, 0x00000000ce200000, 0x00000000eab00000)
  object space 231424K, 99% used [0x00000000c0000000,0x00000000ce1fbf68,0x00000000ce200000)
 Metaspace       used 60750K, committed 62080K, reserved 1114112K
  class space    used 6061K, committed 6720K, reserved 1048576K
}
Event: 19.892 GC heap after
{Heap after GC invocations=133 (full 3):
 PSYoungGen      total 7680K, used 1489K [0x00000000eab00000, 0x00000000eb480000, 0x0000000100000000)
  eden space 5632K, 0% used [0x00000000eab00000,0x00000000eab00000,0x00000000eb080000)
  from space 2048K, 72% used [0x00000000eb280000,0x00000000eb3f4590,0x00000000eb480000)
  to   space 2048K, 0% used [0x00000000eb080000,0x00000000eb080000,0x00000000eb280000)
 ParOldGen       total 232960K, used 232847K [0x00000000c0000000, 0x00000000ce380000, 0x00000000eab00000)
  object space 232960K, 99% used [0x00000000c0000000,0x00000000ce363d58,0x00000000ce380000)
 Metaspace       used 60750K, committed 62080K, reserved 1114112K
  class space    used 6061K, committed 6720K, reserved 1048576K
}
Event: 19.938 GC heap before
{Heap before GC invocations=134 (full 3):
 PSYoungGen      total 7680K, used 7121K [0x00000000eab00000, 0x00000000eb480000, 0x0000000100000000)
  eden space 5632K, 100% used [0x00000000eab00000,0x00000000eb080000,0x00000000eb080000)
  from space 2048K, 72% used [0x00000000eb280000,0x00000000eb3f4590,0x00000000eb480000)
  to   space 2048K, 0% used [0x00000000eb080000,0x00000000eb080000,0x00000000eb280000)
 ParOldGen       total 232960K, used 232847K [0x00000000c0000000, 0x00000000ce380000, 0x00000000eab00000)
  object space 232960K, 99% used [0x00000000c0000000,0x00000000ce363d58,0x00000000ce380000)
 Metaspace       used 60783K, committed 62144K, reserved 1114112K
  class space    used 6061K, committed 6720K, reserved 1048576K
}
Event: 19.941 GC heap after
{Heap after GC invocations=134 (full 3):
 PSYoungGen      total 7168K, used 1421K [0x00000000eab00000, 0x00000000eb380000, 0x0000000100000000)
  eden space 5632K, 0% used [0x00000000eab00000,0x00000000eab00000,0x00000000eb080000)
  from space 1536K, 92% used [0x00000000eb080000,0x00000000eb1e3790,0x00000000eb200000)
  to   space 1536K, 0% used [0x00000000eb200000,0x00000000eb200000,0x00000000eb380000)
 ParOldGen       total 233984K, used 233939K [0x00000000c0000000, 0x00000000ce480000, 0x00000000eab00000)
  object space 233984K, 99% used [0x00000000c0000000,0x00000000ce474c58,0x00000000ce480000)
 Metaspace       used 60783K, committed 62144K, reserved 1114112K
  class space    used 6061K, committed 6720K, reserved 1048576K
}
Event: 19.982 GC heap before
{Heap before GC invocations=135 (full 3):
 PSYoungGen      total 7168K, used 7053K [0x00000000eab00000, 0x00000000eb380000, 0x0000000100000000)
  eden space 5632K, 100% used [0x00000000eab00000,0x00000000eb080000,0x00000000eb080000)
  from space 1536K, 92% used [0x00000000eb080000,0x00000000eb1e3790,0x00000000eb200000)
  to   space 1536K, 0% used [0x00000000eb200000,0x00000000eb200000,0x00000000eb380000)
 ParOldGen       total 233984K, used 233939K [0x00000000c0000000, 0x00000000ce480000, 0x00000000eab00000)
  object space 233984K, 99% used [0x00000000c0000000,0x00000000ce474c58,0x00000000ce480000)
 Metaspace       used 60908K, committed 62272K, reserved 1114112K
  class space    used 6061K, committed 6720K, reserved 1048576K
}
Event: 19.985 GC heap after
{Heap after GC invocations=135 (full 3):
 PSYoungGen      total 6656K, used 1518K [0x00000000eab00000, 0x00000000eb480000, 0x0000000100000000)
  eden space 5120K, 0% used [0x00000000eab00000,0x00000000eab00000,0x00000000eb000000)
  from space 1536K, 98% used [0x00000000eb200000,0x00000000eb37bbc0,0x00000000eb380000)
  to   space 2048K, 0% used [0x00000000eb000000,0x00000000eb000000,0x00000000eb200000)
 ParOldGen       total 235520K, used 235039K [0x00000000c0000000, 0x00000000ce600000, 0x00000000eab00000)
  object space 235520K, 99% used [0x00000000c0000000,0x00000000ce587e90,0x00000000ce600000)
 Metaspace       used 60908K, committed 62272K, reserved 1114112K
  class space    used 6061K, committed 6720K, reserved 1048576K
}
Event: 20.047 GC heap before
{Heap before GC invocations=136 (full 3):
 PSYoungGen      total 6656K, used 6638K [0x00000000eab00000, 0x00000000eb480000, 0x0000000100000000)
  eden space 5120K, 100% used [0x00000000eab00000,0x00000000eb000000,0x00000000eb000000)
  from space 1536K, 98% used [0x00000000eb200000,0x00000000eb37bbc0,0x00000000eb380000)
  to   space 2048K, 0% used [0x00000000eb000000,0x00000000eb000000,0x00000000eb200000)
 ParOldGen       total 235520K, used 235039K [0x00000000c0000000, 0x00000000ce600000, 0x00000000eab00000)
  object space 235520K, 99% used [0x00000000c0000000,0x00000000ce587e90,0x00000000ce600000)
 Metaspace       used 61028K, committed 62400K, reserved 1114112K
  class space    used 6061K, committed 6720K, reserved 1048576K
}
Event: 20.050 GC heap after
{Heap after GC invocations=136 (full 3):
 PSYoungGen      total 6656K, used 1182K [0x00000000eab00000, 0x00000000eb300000, 0x0000000100000000)
  eden space 5120K, 0% used [0x00000000eab00000,0x00000000eab00000,0x00000000eb000000)
  from space 1536K, 76% used [0x00000000eb000000,0x00000000eb127930,0x00000000eb180000)
  to   space 1536K, 0% used [0x00000000eb180000,0x00000000eb180000,0x00000000eb300000)
 ParOldGen       total 236544K, used 236341K [0x00000000c0000000, 0x00000000ce700000, 0x00000000eab00000)
  object space 236544K, 99% used [0x00000000c0000000,0x00000000ce6cd640,0x00000000ce700000)
 Metaspace       used 61028K, committed 62400K, reserved 1114112K
  class space    used 6061K, committed 6720K, reserved 1048576K
}
Event: 20.083 GC heap before
{Heap before GC invocations=137 (full 3):
 PSYoungGen      total 6656K, used 6302K [0x00000000eab00000, 0x00000000eb300000, 0x0000000100000000)
  eden space 5120K, 100% used [0x00000000eab00000,0x00000000eb000000,0x00000000eb000000)
  from space 1536K, 76% used [0x00000000eb000000,0x00000000eb127930,0x00000000eb180000)
  to   space 1536K, 0% used [0x00000000eb180000,0x00000000eb180000,0x00000000eb300000)
 ParOldGen       total 236544K, used 236341K [0x00000000c0000000, 0x00000000ce700000, 0x00000000eab00000)
  object space 236544K, 99% used [0x00000000c0000000,0x00000000ce6cd640,0x00000000ce700000)
 Metaspace       used 61054K, committed 62400K, reserved 1114112K
  class space    used 6061K, committed 6720K, reserved 1048576K
}
Event: 20.085 GC heap after
{Heap after GC invocations=137 (full 3):
 PSYoungGen      total 6656K, used 1216K [0x00000000eab00000, 0x00000000eb300000, 0x0000000100000000)
  eden space 5120K, 0% used [0x00000000eab00000,0x00000000eab00000,0x00000000eb000000)
  from space 1536K, 79% used [0x00000000eb180000,0x00000000eb2b0000,0x00000000eb300000)
  to   space 1536K, 0% used [0x00000000eb000000,0x00000000eb000000,0x00000000eb180000)
 ParOldGen       total 237568K, used 237312K [0x00000000c0000000, 0x00000000ce800000, 0x00000000eab00000)
  object space 237568K, 99% used [0x00000000c0000000,0x00000000ce7c0230,0x00000000ce800000)
 Metaspace       used 61054K, committed 62400K, reserved 1114112K
  class space    used 6061K, committed 6720K, reserved 1048576K
}
Event: 20.139 GC heap before
{Heap before GC invocations=138 (full 3):
 PSYoungGen      total 6656K, used 6336K [0x00000000eab00000, 0x00000000eb300000, 0x0000000100000000)
  eden space 5120K, 100% used [0x00000000eab00000,0x00000000eb000000,0x00000000eb000000)
  from space 1536K, 79% used [0x00000000eb180000,0x00000000eb2b0000,0x00000000eb300000)
  to   space 1536K, 0% used [0x00000000eb000000,0x00000000eb000000,0x00000000eb180000)
 ParOldGen       total 237568K, used 237312K [0x00000000c0000000, 0x00000000ce800000, 0x00000000eab00000)
  object space 237568K, 99% used [0x00000000c0000000,0x00000000ce7c0230,0x00000000ce800000)
 Metaspace       used 61105K, committed 62464K, reserved 1114112K
  class space    used 6061K, committed 6720K, reserved 1048576K
}
Event: 20.143 GC heap after
{Heap after GC invocations=138 (full 3):
 PSYoungGen      total 6656K, used 1152K [0x00000000eab00000, 0x00000000eb300000, 0x0000000100000000)
  eden space 5120K, 0% used [0x00000000eab00000,0x00000000eab00000,0x00000000eb000000)
  from space 1536K, 75% used [0x00000000eb000000,0x00000000eb120000,0x00000000eb180000)
  to   space 1536K, 0% used [0x00000000eb180000,0x00000000eb180000,0x00000000eb300000)
 ParOldGen       total 238592K, used 238354K [0x00000000c0000000, 0x00000000ce900000, 0x00000000eab00000)
  object space 238592K, 99% used [0x00000000c0000000,0x00000000ce8c4968,0x00000000ce900000)
 Metaspace       used 61105K, committed 62464K, reserved 1114112K
  class space    used 6061K, committed 6720K, reserved 1048576K
}
Event: 20.201 GC heap before
{Heap before GC invocations=139 (full 3):
 PSYoungGen      total 6656K, used 6272K [0x00000000eab00000, 0x00000000eb300000, 0x0000000100000000)
  eden space 5120K, 100% used [0x00000000eab00000,0x00000000eb000000,0x00000000eb000000)
  from space 1536K, 75% used [0x00000000eb000000,0x00000000eb120000,0x00000000eb180000)
  to   space 1536K, 0% used [0x00000000eb180000,0x00000000eb180000,0x00000000eb300000)
 ParOldGen       total 238592K, used 238354K [0x00000000c0000000, 0x00000000ce900000, 0x00000000eab00000)
  object space 238592K, 99% used [0x00000000c0000000,0x00000000ce8c4968,0x00000000ce900000)
 Metaspace       used 61133K, committed 62464K, reserved 1114112K
  class space    used 6061K, committed 6720K, reserved 1048576K
}
Event: 20.204 GC heap after
{Heap after GC invocations=139 (full 3):
 PSYoungGen      total 6656K, used 1329K [0x00000000eab00000, 0x00000000eb300000, 0x0000000100000000)
  eden space 5120K, 0% used [0x00000000eab00000,0x00000000eab00000,0x00000000eb000000)
  from space 1536K, 86% used [0x00000000eb180000,0x00000000eb2cc7d8,0x00000000eb300000)
  to   space 1536K, 0% used [0x00000000eb000000,0x00000000eb000000,0x00000000eb180000)
 ParOldGen       total 239616K, used 239366K [0x00000000c0000000, 0x00000000cea00000, 0x00000000eab00000)
  object space 239616K, 99% used [0x00000000c0000000,0x00000000ce9c1bd8,0x00000000cea00000)
 Metaspace       used 61133K, committed 62464K, reserved 1114112K
  class space    used 6061K, committed 6720K, reserved 1048576K
}
Event: 20.250 GC heap before
{Heap before GC invocations=140 (full 3):
 PSYoungGen      total 6656K, used 6449K [0x00000000eab00000, 0x00000000eb300000, 0x0000000100000000)
  eden space 5120K, 100% used [0x00000000eab00000,0x00000000eb000000,0x00000000eb000000)
  from space 1536K, 86% used [0x00000000eb180000,0x00000000eb2cc7d8,0x00000000eb300000)
  to   space 1536K, 0% used [0x00000000eb000000,0x00000000eb000000,0x00000000eb180000)
 ParOldGen       total 239616K, used 239366K [0x00000000c0000000, 0x00000000cea00000, 0x00000000eab00000)
  object space 239616K, 99% used [0x00000000c0000000,0x00000000ce9c1bd8,0x00000000cea00000)
 Metaspace       used 61199K, committed 62592K, reserved 1114112K
  class space    used 6061K, committed 6720K, reserved 1048576K
}
Event: 20.253 GC heap after
{Heap after GC invocations=140 (full 3):
 PSYoungGen      total 6656K, used 1066K [0x00000000eab00000, 0x00000000eb300000, 0x0000000100000000)
  eden space 5120K, 0% used [0x00000000eab00000,0x00000000eab00000,0x00000000eb000000)
  from space 1536K, 69% used [0x00000000eb000000,0x00000000eb10aab8,0x00000000eb180000)
  to   space 1536K, 0% used [0x00000000eb180000,0x00000000eb180000,0x00000000eb300000)
 ParOldGen       total 240640K, used 240473K [0x00000000c0000000, 0x00000000ceb00000, 0x00000000eab00000)
  object space 240640K, 99% used [0x00000000c0000000,0x00000000cead66a8,0x00000000ceb00000)
 Metaspace       used 61199K, committed 62592K, reserved 1114112K
  class space    used 6061K, committed 6720K, reserved 1048576K
}

Dll operation events (10 events):
Event: 0.012 Loaded shared library c:\Users\上善若水\.cursor\extensions\redhat.java-1.41.1-win32-x64\jre\21.0.6-win32-x86_64\bin\java.dll
Event: 0.037 Loaded shared library c:\Users\上善若水\.cursor\extensions\redhat.java-1.41.1-win32-x64\jre\21.0.6-win32-x86_64\bin\zip.dll
Event: 0.101 Loaded shared library C:\Users\上善若水\.cursor\extensions\redhat.java-1.41.1-win32-x64\jre\21.0.6-win32-x86_64\bin\instrument.dll
Event: 0.107 Loaded shared library C:\Users\上善若水\.cursor\extensions\redhat.java-1.41.1-win32-x64\jre\21.0.6-win32-x86_64\bin\net.dll
Event: 0.112 Loaded shared library C:\Users\上善若水\.cursor\extensions\redhat.java-1.41.1-win32-x64\jre\21.0.6-win32-x86_64\bin\nio.dll
Event: 0.119 Loaded shared library C:\Users\上善若水\.cursor\extensions\redhat.java-1.41.1-win32-x64\jre\21.0.6-win32-x86_64\bin\zip.dll
Event: 0.142 Loaded shared library C:\Users\上善若水\.cursor\extensions\redhat.java-1.41.1-win32-x64\jre\21.0.6-win32-x86_64\bin\jimage.dll
Event: 0.296 Loaded shared library c:\Users\上善若水\.cursor\extensions\redhat.java-1.41.1-win32-x64\jre\21.0.6-win32-x86_64\bin\verify.dll
Event: 2.156 Loaded shared library C:\Users\上善若水\AppData\Roaming\Cursor\User\globalStorage\redhat.java\1.41.1\config_win\org.eclipse.equinox.launcher\org.eclipse.equinox.launcher.win32.win32.x86_64_1.2.1300.v20250331-1702\eclipse_11911.dll
Event: 3.841 Loaded shared library C:\Users\上善若水\AppData\Local\Temp\jna-617269289\jna18132123266917811449.dll

Deoptimization events (20 events):
Event: 20.061 Thread 0x00000281145e4ec0 Uncommon trap: trap_request=0xffffff3d fr.pc=0x00000280bcecfbd8 relative=0x0000000000000a58
Event: 20.061 Thread 0x00000281145e4ec0 Uncommon trap: reason=unstable_fused_if action=reinterpret pc=0x00000280bcecfbd8 method=org.eclipse.jdt.internal.compiler.codegen.ConstantPool.literalIndex([C)I @ 162 c2
Event: 20.061 Thread 0x00000281145e4ec0 DEOPT PACKING pc=0x00000280bcecfbd8 sp=0x000000aac10fe9a0
Event: 20.061 Thread 0x00000281145e4ec0 DEOPT UNPACKING pc=0x00000280bc083aa2 sp=0x000000aac10fe940 mode 2
Event: 20.063 Thread 0x00000281145e4ec0 Uncommon trap: trap_request=0xffffff45 fr.pc=0x00000280bceeb290 relative=0x0000000000000070
Event: 20.063 Thread 0x00000281145e4ec0 Uncommon trap: reason=unstable_if action=reinterpret pc=0x00000280bceeb290 method=org.eclipse.jdt.internal.compiler.lookup.SourceTypeBinding.isPrototype()Z @ 5 c2
Event: 20.063 Thread 0x00000281145e4ec0 DEOPT PACKING pc=0x00000280bceeb290 sp=0x000000aac10fed10
Event: 20.063 Thread 0x00000281145e4ec0 DEOPT UNPACKING pc=0x00000280bc083aa2 sp=0x000000aac10feca8 mode 2
Event: 20.111 Thread 0x00000281145e4ec0 Uncommon trap: trap_request=0xffffff45 fr.pc=0x00000280bcfa4afc relative=0x00000000000008fc
Event: 20.111 Thread 0x00000281145e4ec0 Uncommon trap: reason=unstable_if action=reinterpret pc=0x00000280bcfa4afc method=org.eclipse.jdt.internal.compiler.codegen.StackMapFrame.getCachedValue(Ljava/util/Map;Lorg/eclipse/jdt/internal/compiler/codegen/VerificationTypeInfo;)Lorg/eclipse/jdt/inter
Event: 20.111 Thread 0x00000281145e4ec0 DEOPT PACKING pc=0x00000280bcfa4afc sp=0x000000aac10fe3f0
Event: 20.111 Thread 0x00000281145e4ec0 DEOPT UNPACKING pc=0x00000280bc083aa2 sp=0x000000aac10fe318 mode 2
Event: 20.124 Thread 0x00000281145e4ec0 Uncommon trap: trap_request=0xffffff45 fr.pc=0x00000280bcee7ca0 relative=0x0000000000002720
Event: 20.124 Thread 0x00000281145e4ec0 Uncommon trap: reason=unstable_if action=reinterpret pc=0x00000280bcee7ca0 method=org.eclipse.jdt.internal.compiler.lookup.Scope.getTypeOrPackage([CIZ)Lorg/eclipse/jdt/internal/compiler/lookup/Binding; @ 517 c2
Event: 20.124 Thread 0x00000281145e4ec0 DEOPT PACKING pc=0x00000280bcee7ca0 sp=0x000000aac10fe340
Event: 20.124 Thread 0x00000281145e4ec0 DEOPT UNPACKING pc=0x00000280bc083aa2 sp=0x000000aac10fe2a8 mode 2
Event: 20.228 Thread 0x00000281145e4ec0 Uncommon trap: trap_request=0xffffff45 fr.pc=0x00000280bcf9b5e0 relative=0x00000000000013c0
Event: 20.228 Thread 0x00000281145e4ec0 Uncommon trap: reason=unstable_if action=reinterpret pc=0x00000280bcf9b5e0 method=org.eclipse.jdt.internal.compiler.lookup.Scope.getBinding([CILorg/eclipse/jdt/internal/compiler/lookup/InvocationSite;Z)Lorg/eclipse/jdt/internal/compiler/lookup/Binding; @ 
Event: 20.228 Thread 0x00000281145e4ec0 DEOPT PACKING pc=0x00000280bcf9b5e0 sp=0x000000aac10fec80
Event: 20.228 Thread 0x00000281145e4ec0 DEOPT UNPACKING pc=0x00000280bc083aa2 sp=0x000000aac10feba0 mode 2

Classes loaded (20 events):
Event: 18.033 Loading class java/util/stream/IntPipeline
Event: 18.033 Loading class java/util/stream/IntStream
Event: 18.034 Loading class java/util/stream/IntStream done
Event: 18.034 Loading class java/util/stream/IntPipeline done
Event: 18.034 Loading class java/util/stream/IntPipeline$StatelessOp done
Event: 18.034 Loading class java/util/stream/ReferencePipeline$4 done
Event: 18.035 Loading class java/util/stream/Nodes$IntFixedNodeBuilder
Event: 18.036 Loading class java/util/stream/Node$Builder$OfInt
Event: 18.036 Loading class java/util/stream/Sink$OfInt
Event: 18.037 Loading class java/util/stream/Sink$OfInt done
Event: 18.037 Loading class java/util/stream/Node$Builder$OfInt done
Event: 18.037 Loading class java/util/stream/Nodes$IntArrayNode
Event: 18.037 Loading class java/util/stream/Nodes$IntArrayNode done
Event: 18.037 Loading class java/util/stream/Nodes$IntFixedNodeBuilder done
Event: 18.038 Loading class java/util/stream/ReferencePipeline$4$1
Event: 18.039 Loading class java/util/stream/ReferencePipeline$4$1 done
Event: 18.039 Loading class java/util/concurrent/ConcurrentHashMap$KeySpliterator
Event: 18.040 Loading class java/util/concurrent/ConcurrentHashMap$KeySpliterator done
Event: 18.050 Loading class sun/nio/ch/ChannelOutputStream
Event: 18.050 Loading class sun/nio/ch/ChannelOutputStream done

Classes unloaded (7 events):
Event: 4.557 Thread 0x00000281084b2220 Unloading class 0x00000280c719b000 'java/lang/invoke/LambdaForm$MH+0x00000280c719b000'
Event: 4.557 Thread 0x00000281084b2220 Unloading class 0x00000280c719ac00 'java/lang/invoke/LambdaForm$MH+0x00000280c719ac00'
Event: 4.557 Thread 0x00000281084b2220 Unloading class 0x00000280c719a800 'java/lang/invoke/LambdaForm$MH+0x00000280c719a800'
Event: 4.557 Thread 0x00000281084b2220 Unloading class 0x00000280c719a400 'java/lang/invoke/LambdaForm$MH+0x00000280c719a400'
Event: 4.557 Thread 0x00000281084b2220 Unloading class 0x00000280c719a000 'java/lang/invoke/LambdaForm$BMH+0x00000280c719a000'
Event: 4.557 Thread 0x00000281084b2220 Unloading class 0x00000280c7199c00 'java/lang/invoke/LambdaForm$DMH+0x00000280c7199c00'
Event: 4.557 Thread 0x00000281084b2220 Unloading class 0x00000280c7198c00 'java/lang/invoke/LambdaForm$DMH+0x00000280c7198c00'

Classes redefined (0 events):
No events

Internal exceptions (20 events):
Event: 11.774 Thread 0x0000028116c6a560 Exception <a 'sun/nio/fs/WindowsException'{0x00000000eac95568}> (0x00000000eac95568) 
thrown [s\src\hotspot\share\prims\jni.cpp, line 520]
Event: 11.775 Thread 0x0000028116c6bfa0 Exception <a 'sun/nio/fs/WindowsException'{0x00000000eac8cde8}> (0x00000000eac8cde8) 
thrown [s\src\hotspot\share\prims\jni.cpp, line 520]
Event: 11.795 Thread 0x00000281085c08b0 Exception <a 'sun/nio/fs/WindowsException'{0x00000000eacf1998}> (0x00000000eacf1998) 
thrown [s\src\hotspot\share\prims\jni.cpp, line 520]
Event: 11.870 Thread 0x0000028111b42f80 Exception <a 'sun/nio/fs/WindowsException'{0x00000000eb000718}> (0x00000000eb000718) 
thrown [s\src\hotspot\share\prims\jni.cpp, line 520]
Event: 11.882 Thread 0x0000028111b42f80 Exception <a 'sun/nio/fs/WindowsException'{0x00000000eb0549d8}> (0x00000000eb0549d8) 
thrown [s\src\hotspot\share\prims\jni.cpp, line 520]
Event: 11.910 Thread 0x0000028111b42f80 Exception <a 'sun/nio/fs/WindowsException'{0x00000000eb069998}> (0x00000000eb069998) 
thrown [s\src\hotspot\share\prims\jni.cpp, line 520]
Event: 11.924 Thread 0x0000028111b42f80 Exception <a 'sun/nio/fs/WindowsException'{0x00000000eb0fae88}> (0x00000000eb0fae88) 
thrown [s\src\hotspot\share\prims\jni.cpp, line 520]
Event: 11.956 Thread 0x0000028111b42f80 Exception <a 'sun/nio/fs/WindowsException'{0x00000000eb107ea8}> (0x00000000eb107ea8) 
thrown [s\src\hotspot\share\prims\jni.cpp, line 520]
Event: 13.225 Thread 0x00000281132861e0 Exception <a 'java/lang/IncompatibleClassChangeError'{0x00000000ead882d0}: Found class java.lang.Object, but interface was expected> (0x00000000ead882d0) 
thrown [s\src\hotspot\share\interpreter\linkResolver.cpp, line 840]
Event: 15.313 Thread 0x0000028111b42f80 Exception <a 'java/lang/NoSuchMethodError'{0x00000000eaed0330}: 'java.lang.Object java.lang.invoke.DirectMethodHandle$Holder.invokeStatic(java.lang.Object, java.lang.Object, int, int)'> (0x00000000eaed0330) 
thrown [s\src\hotspot\share\interpreter\linkResolver.cpp, line 773]
Event: 15.314 Thread 0x0000028111b42f80 Exception <a 'java/lang/NoSuchMethodError'{0x00000000eaed4640}: 'java.lang.Object java.lang.invoke.DirectMethodHandle$Holder.invokeSpecial(java.lang.Object, java.lang.Object, java.lang.Object, int, int)'> (0x00000000eaed4640) 
thrown [s\src\hotspot\share\interpreter\linkResolver.cpp, line 773]
Event: 15.761 Thread 0x0000028111b42f80 Implicit null exception at 0x00000280bcd308da to 0x00000280bcd30933
Event: 16.147 Thread 0x0000028111b42f80 Implicit null exception at 0x00000280bcd7a923 to 0x00000280bcd7ac8c
Event: 16.650 Thread 0x0000028111b42f80 Exception <a 'java/lang/NoSuchMethodError'{0x00000000eab0e048}: 'int java.lang.invoke.DirectMethodHandle$Holder.invokeSpecialIFC(java.lang.Object, java.lang.Object, java.lang.Object)'> (0x00000000eab0e048) 
thrown [s\src\hotspot\share\interpreter\linkResolver.cpp, line 773]
Event: 17.863 Thread 0x00000281145e4ec0 Exception <a 'java/lang/NoSuchMethodError'{0x00000000eac171b8}: 'void java.lang.invoke.DirectMethodHandle$Holder.invokeStatic(java.lang.Object, int, java.lang.Object)'> (0x00000000eac171b8) 
thrown [s\src\hotspot\share\interpreter\linkResolver.cpp, line 773]
Event: 18.043 Thread 0x0000028111b42f80 Exception <a 'java/lang/NoSuchMethodError'{0x00000000eaf997b8}: 'java.lang.Object java.lang.invoke.DirectMethodHandle$Holder.newInvokeSpecial(java.lang.Object, java.lang.Object, int, int, java.lang.Object)'> (0x00000000eaf997b8) 
thrown [s\src\hotspot\share\interpreter\linkResolver.cpp, line 773]
Event: 18.771 Thread 0x00000281145e4ec0 Implicit null exception at 0x00000280bc97c464 to 0x00000280bc97cad8
Event: 19.633 Thread 0x00000281145e4ec0 Exception <a 'java/lang/NoSuchMethodError'{0x00000000eae7a758}: 'java.lang.Object java.lang.invoke.DirectMethodHandle$Holder.newInvokeSpecial(java.lang.Object, java.lang.Object, java.lang.Object, java.lang.Object, int)'> (0x00000000eae7a758) 
thrown [s\src\hotspot\share\interpreter\linkResolver.cpp, line 773]
Event: 19.635 Thread 0x00000281145e4ec0 Exception <a 'java/lang/NoSuchMethodError'{0x00000000eae7eaf0}: 'java.lang.Object java.lang.invoke.DirectMethodHandle$Holder.invokeSpecial(java.lang.Object, java.lang.Object, java.lang.Object, java.lang.Object, java.lang.Object, int)'> (0x00000000eae7eaf0) 
thrown [s\src\hotspot\share\interpreter\linkResolver.cpp, line 773]
Event: 19.636 Thread 0x00000281145e4ec0 Exception <a 'java/lang/NoSuchMethodError'{0x00000000eae98860}: 'java.lang.Object java.lang.invoke.Invokers$Holder.linkToTargetMethod(java.lang.Object, java.lang.Object, java.lang.Object, int, java.lang.Object)'> (0x00000000eae98860) 
thrown [s\src\hotspot\share\interpreter\linkResolver.cpp, line 773]

ZGC Phase Switch (0 events):
No events

VM Operations (20 events):
Event: 19.750 Executing VM operation: ParallelGCFailedAllocation (Allocation Failure)
Event: 19.754 Executing VM operation: ParallelGCFailedAllocation (Allocation Failure) done
Event: 19.796 Executing VM operation: ParallelGCFailedAllocation (Allocation Failure)
Event: 19.799 Executing VM operation: ParallelGCFailedAllocation (Allocation Failure) done
Event: 19.888 Executing VM operation: ParallelGCFailedAllocation (Allocation Failure)
Event: 19.892 Executing VM operation: ParallelGCFailedAllocation (Allocation Failure) done
Event: 19.938 Executing VM operation: ParallelGCFailedAllocation (Allocation Failure)
Event: 19.941 Executing VM operation: ParallelGCFailedAllocation (Allocation Failure) done
Event: 19.982 Executing VM operation: ParallelGCFailedAllocation (Allocation Failure)
Event: 19.985 Executing VM operation: ParallelGCFailedAllocation (Allocation Failure) done
Event: 20.046 Executing VM operation: ParallelGCFailedAllocation (Allocation Failure)
Event: 20.050 Executing VM operation: ParallelGCFailedAllocation (Allocation Failure) done
Event: 20.083 Executing VM operation: ParallelGCFailedAllocation (Allocation Failure)
Event: 20.085 Executing VM operation: ParallelGCFailedAllocation (Allocation Failure) done
Event: 20.139 Executing VM operation: ParallelGCFailedAllocation (Allocation Failure)
Event: 20.143 Executing VM operation: ParallelGCFailedAllocation (Allocation Failure) done
Event: 20.190 Executing VM operation: ParallelGCFailedAllocation (Allocation Failure)
Event: 20.204 Executing VM operation: ParallelGCFailedAllocation (Allocation Failure) done
Event: 20.250 Executing VM operation: ParallelGCFailedAllocation (Allocation Failure)
Event: 20.253 Executing VM operation: ParallelGCFailedAllocation (Allocation Failure) done

Memory protections (0 events):
No events

Nmethod flushes (20 events):
Event: 17.926 Thread 0x00000281084b2220 flushing  nmethod 0x00000280b55f0a90
Event: 17.926 Thread 0x00000281084b2220 flushing  nmethod 0x00000280b55f1090
Event: 17.926 Thread 0x00000281084b2220 flushing  nmethod 0x00000280b55f1910
Event: 17.926 Thread 0x00000281084b2220 flushing  nmethod 0x00000280b55f2890
Event: 17.926 Thread 0x00000281084b2220 flushing  nmethod 0x00000280b55f2c10
Event: 17.926 Thread 0x00000281084b2220 flushing  nmethod 0x00000280b55f6690
Event: 17.926 Thread 0x00000281084b2220 flushing  nmethod 0x00000280b55fa290
Event: 17.926 Thread 0x00000281084b2220 flushing  nmethod 0x00000280b5603710
Event: 17.926 Thread 0x00000281084b2220 flushing  nmethod 0x00000280b5609410
Event: 17.926 Thread 0x00000281084b2220 flushing  nmethod 0x00000280b5666d90
Event: 17.926 Thread 0x00000281084b2220 flushing  nmethod 0x00000280b56b5790
Event: 17.926 Thread 0x00000281084b2220 flushing  nmethod 0x00000280b56b6490
Event: 17.926 Thread 0x00000281084b2220 flushing  nmethod 0x00000280b56f5b90
Event: 17.926 Thread 0x00000281084b2220 flushing  nmethod 0x00000280b56f6c10
Event: 17.926 Thread 0x00000281084b2220 flushing  nmethod 0x00000280b56f8510
Event: 17.926 Thread 0x00000281084b2220 flushing  nmethod 0x00000280b56fa010
Event: 17.926 Thread 0x00000281084b2220 flushing  nmethod 0x00000280b56fa490
Event: 17.926 Thread 0x00000281084b2220 flushing  nmethod 0x00000280b56fa810
Event: 17.926 Thread 0x00000281084b2220 flushing  nmethod 0x00000280b56fde90
Event: 17.926 Thread 0x00000281084b2220 flushing  nmethod 0x00000280b5709510

Events (20 events):
Event: 12.072 Thread 0x0000028111b42f80 Thread added: 0x0000028113ad8cd0
Event: 12.924 Thread 0x00000281086ea4b0 Thread exited: 0x00000281086ea4b0
Event: 12.924 Thread 0x00000281086e8ae0 Thread exited: 0x00000281086e8ae0
Event: 14.258 Thread 0x0000028111aa2520 Thread exited: 0x0000028111aa2520
Event: 17.780 Thread 0x0000028111b42f80 Thread added: 0x00000281145e4ec0
Event: 18.045 Thread 0x0000028111b42f80 Thread added: 0x00000281145e13b0
Event: 18.185 Thread 0x0000028111b42f80 Thread added: 0x00000281145e5550
Event: 18.191 Thread 0x0000028111b42f80 Thread added: 0x00000281145e89d0
Event: 18.199 Thread 0x0000028111b42f80 Thread added: 0x00000281145e7cb0
Event: 18.199 Thread 0x0000028111b42f80 Thread added: 0x00000281145e3b10
Event: 18.222 Thread 0x0000028111b42f80 Thread added: 0x00000281145e5be0
Event: 18.229 Thread 0x0000028111b42f80 Thread added: 0x00000281145e20d0
Event: 18.229 Thread 0x0000028111b42f80 Thread added: 0x00000281145e8340
Event: 18.283 Thread 0x0000028111b42f80 Thread added: 0x00000281145e41a0
Event: 18.344 Thread 0x0000028111b42f80 Thread added: 0x00000281145e6900
Event: 18.353 Thread 0x0000028111b42f80 Thread added: 0x00000281145e6270
Event: 18.366 Thread 0x0000028111b42f80 Thread added: 0x00000281145e2df0
Event: 18.390 Thread 0x0000028111b42f80 Thread added: 0x00000281145e4830
Event: 18.528 Thread 0x0000028111b42f80 Thread added: 0x00000281145e1a40
Event: 20.021 Thread 0x00000281084ca7f0 Thread added: 0x0000028116a05b50


Dynamic libraries:
0x00007ff6ce250000 - 0x00007ff6ce25e000 	c:\Users\上善若水\.cursor\extensions\redhat.java-1.41.1-win32-x64\jre\21.0.6-win32-x86_64\bin\java.exe
0x00007ffbade20000 - 0x00007ffbae029000 	C:\WINDOWS\SYSTEM32\ntdll.dll
0x00007ffbad070000 - 0x00007ffbad12d000 	C:\WINDOWS\System32\KERNEL32.DLL
0x00007ffbab5b0000 - 0x00007ffbab934000 	C:\WINDOWS\System32\KERNELBASE.dll
0x00007ffbab360000 - 0x00007ffbab471000 	C:\WINDOWS\System32\ucrtbase.dll
0x00007ffba21a0000 - 0x00007ffba21b8000 	c:\Users\上善若水\.cursor\extensions\redhat.java-1.41.1-win32-x64\jre\21.0.6-win32-x86_64\bin\jli.dll
0x00007ffb9b5b0000 - 0x00007ffb9b5ce000 	c:\Users\上善若水\.cursor\extensions\redhat.java-1.41.1-win32-x64\jre\21.0.6-win32-x86_64\bin\VCRUNTIME140.dll
0x00007ffbad470000 - 0x00007ffbad61d000 	C:\WINDOWS\System32\USER32.dll
0x00007ffbab330000 - 0x00007ffbab356000 	C:\WINDOWS\System32\win32u.dll
0x00007ffb91a60000 - 0x00007ffb91d05000 	C:\WINDOWS\WinSxS\amd64_microsoft.windows.common-controls_6595b64144ccf1df_6.0.22000.120_none_9d947278b86cc467\COMCTL32.dll
0x00007ffbacb50000 - 0x00007ffbacb7a000 	C:\WINDOWS\System32\GDI32.dll
0x00007ffbabc70000 - 0x00007ffbabd13000 	C:\WINDOWS\System32\msvcrt.dll
0x00007ffbab9e0000 - 0x00007ffbabafe000 	C:\WINDOWS\System32\gdi32full.dll
0x00007ffbab940000 - 0x00007ffbab9dd000 	C:\WINDOWS\System32\msvcp_win.dll
0x00007ffbadda0000 - 0x00007ffbaddd1000 	C:\WINDOWS\System32\IMM32.DLL
0x00007ffba28f0000 - 0x00007ffba28fc000 	c:\Users\上善若水\.cursor\extensions\redhat.java-1.41.1-win32-x64\jre\21.0.6-win32-x86_64\bin\vcruntime140_1.dll
0x00007ffb834f0000 - 0x00007ffb8357d000 	c:\Users\上善若水\.cursor\extensions\redhat.java-1.41.1-win32-x64\jre\21.0.6-win32-x86_64\bin\msvcp140.dll
0x00007ffb497f0000 - 0x00007ffb4a580000 	c:\Users\上善若水\.cursor\extensions\redhat.java-1.41.1-win32-x64\jre\21.0.6-win32-x86_64\bin\server\jvm.dll
0x00007ffbac4f0000 - 0x00007ffbac59e000 	C:\WINDOWS\System32\ADVAPI32.dll
0x00007ffbad210000 - 0x00007ffbad2ae000 	C:\WINDOWS\System32\sechost.dll
0x00007ffbaca10000 - 0x00007ffbacb31000 	C:\WINDOWS\System32\RPCRT4.dll
0x00007ffbacc80000 - 0x00007ffbaccef000 	C:\WINDOWS\System32\WS2_32.dll
0x00007ffbab060000 - 0x00007ffbab0ad000 	C:\WINDOWS\SYSTEM32\POWRPROF.dll
0x00007ffba52b0000 - 0x00007ffba52e3000 	C:\WINDOWS\SYSTEM32\WINMM.dll
0x00007ffba3a10000 - 0x00007ffba3a1a000 	C:\WINDOWS\SYSTEM32\VERSION.dll
0x00007ffbaaf50000 - 0x00007ffbaaf63000 	C:\WINDOWS\SYSTEM32\UMPDC.dll
0x00007ffbaa280000 - 0x00007ffbaa298000 	C:\WINDOWS\SYSTEM32\kernel.appcore.dll
0x00007ffba2260000 - 0x00007ffba226a000 	c:\Users\上善若水\.cursor\extensions\redhat.java-1.41.1-win32-x64\jre\21.0.6-win32-x86_64\bin\jimage.dll
0x00007ffba89e0000 - 0x00007ffba8c01000 	C:\WINDOWS\SYSTEM32\DBGHELP.DLL
0x00007ffba5250000 - 0x00007ffba5281000 	C:\WINDOWS\SYSTEM32\dbgcore.DLL
0x00007ffbab2b0000 - 0x00007ffbab32f000 	C:\WINDOWS\System32\bcryptPrimitives.dll
0x00007ffb98d70000 - 0x00007ffb98d7f000 	c:\Users\上善若水\.cursor\extensions\redhat.java-1.41.1-win32-x64\jre\21.0.6-win32-x86_64\bin\instrument.dll
0x00007ffb98c90000 - 0x00007ffb98caf000 	c:\Users\上善若水\.cursor\extensions\redhat.java-1.41.1-win32-x64\jre\21.0.6-win32-x86_64\bin\java.dll
0x00007ffbabd20000 - 0x00007ffbac4e5000 	C:\WINDOWS\System32\SHELL32.dll
0x00007ffba92d0000 - 0x00007ffba9b32000 	C:\WINDOWS\SYSTEM32\windows.storage.dll
0x00007ffbaccf0000 - 0x00007ffbad066000 	C:\WINDOWS\System32\combase.dll
0x00007ffba9160000 - 0x00007ffba92c7000 	C:\WINDOWS\SYSTEM32\wintypes.dll
0x00007ffbac890000 - 0x00007ffbac97a000 	C:\WINDOWS\System32\SHCORE.dll
0x00007ffbad640000 - 0x00007ffbad69d000 	C:\WINDOWS\System32\shlwapi.dll
0x00007ffbab170000 - 0x00007ffbab195000 	C:\WINDOWS\SYSTEM32\profapi.dll
0x00007ffb92110000 - 0x00007ffb92128000 	c:\Users\上善若水\.cursor\extensions\redhat.java-1.41.1-win32-x64\jre\21.0.6-win32-x86_64\bin\zip.dll
0x00007ffb98d60000 - 0x00007ffb98d70000 	C:\Users\上善若水\.cursor\extensions\redhat.java-1.41.1-win32-x64\jre\21.0.6-win32-x86_64\bin\net.dll
0x00007ffba5970000 - 0x00007ffba5a84000 	C:\WINDOWS\SYSTEM32\WINHTTP.dll
0x00007ffbaa760000 - 0x00007ffbaa7c7000 	C:\WINDOWS\system32\mswsock.dll
0x00007ffb916f0000 - 0x00007ffb91706000 	C:\Users\上善若水\.cursor\extensions\redhat.java-1.41.1-win32-x64\jre\21.0.6-win32-x86_64\bin\nio.dll
0x00007ffb946f0000 - 0x00007ffb94700000 	c:\Users\上善若水\.cursor\extensions\redhat.java-1.41.1-win32-x64\jre\21.0.6-win32-x86_64\bin\verify.dll
0x00007ffb8ca00000 - 0x00007ffb8ca45000 	C:\Users\上善若水\AppData\Roaming\Cursor\User\globalStorage\redhat.java\1.41.1\config_win\org.eclipse.equinox.launcher\org.eclipse.equinox.launcher.win32.win32.x86_64_1.2.1300.v20250331-1702\eclipse_11911.dll
0x00007ffbad710000 - 0x00007ffbad8aa000 	C:\WINDOWS\System32\ole32.dll
0x00007ffbaa9b0000 - 0x00007ffbaa9c8000 	C:\WINDOWS\SYSTEM32\CRYPTSP.dll
0x00007ffbaa1e0000 - 0x00007ffbaa215000 	C:\WINDOWS\system32\rsaenh.dll
0x00007ffbaa850000 - 0x00007ffbaa87c000 	C:\WINDOWS\SYSTEM32\USERENV.dll
0x00007ffbaab20000 - 0x00007ffbaab47000 	C:\WINDOWS\SYSTEM32\bcrypt.dll
0x00007ffbaa9a0000 - 0x00007ffbaa9ac000 	C:\WINDOWS\SYSTEM32\CRYPTBASE.dll
0x00007ffba9d90000 - 0x00007ffba9dbd000 	C:\WINDOWS\SYSTEM32\IPHLPAPI.DLL
0x00007ffbacc70000 - 0x00007ffbacc79000 	C:\WINDOWS\System32\NSI.dll
0x00007ffb88fb0000 - 0x00007ffb88ff9000 	C:\Users\上善若水\AppData\Local\Temp\jna-617269289\jna18132123266917811449.dll
0x00007ffbadd90000 - 0x00007ffbadd98000 	C:\WINDOWS\System32\PSAPI.DLL
0x00007ffba5ba0000 - 0x00007ffba5bb9000 	C:\WINDOWS\SYSTEM32\dhcpcsvc6.DLL
0x00007ffba5fd0000 - 0x00007ffba5fee000 	C:\WINDOWS\SYSTEM32\dhcpcsvc.DLL

dbghelp: loaded successfully - version: 4.0.5 - missing functions: none
symbol engine: initialized successfully - sym options: 0x614 - pdb path: .;c:\Users\上善若水\.cursor\extensions\redhat.java-1.41.1-win32-x64\jre\21.0.6-win32-x86_64\bin;C:\WINDOWS\SYSTEM32;C:\WINDOWS\WinSxS\amd64_microsoft.windows.common-controls_6595b64144ccf1df_6.0.22000.120_none_9d947278b86cc467;c:\Users\上善若水\.cursor\extensions\redhat.java-1.41.1-win32-x64\jre\21.0.6-win32-x86_64\bi;c:\Users\上善若水\.cursor\extensions\redhat.java-1.41.1-win32-x64\jre\21.0.6-win32-x86_6;c:\Users\上善若水\.cursor\extensions\redhat.java-1.41.1-win32-x64\jre\21.0.6-win32-x;c:\Users\上善若水\.cursor\extensions\redhat.java-1.41.1-win32-x64\jre\21.0.6-win;c:\Users\上善若水\.cursor\extensions\redhat.java-1.41.1-win32-x64\jre\21.0.6;c:\Users\上善若水\.cursor\extensions\redhat.java-1.41.1-win32-x64\jre\21;c:\Users\上善若水\.cursor\extensions\redhat.java-1.41.1-win32-x64\jre\21.0.6-win32-x86_64\bin\server;C:\Users\上善若水\AppData\Roaming\Cursor\User\globalStorage\redhat.java\1.41.1\config_win\org.eclipse.equinox.launcher\org.eclipse.equinox.launcher.win32.;C:\Users\上善若水\AppData\Roaming\Cursor\User\globalStorage\redhat.java\1.41.1\config_win\org.eclipse.equinox.launcher\org.eclipse.equinox.launcher.win32.win32.x86_64_1.2.1300.v20250331-1702;C:\Use;C:\Use

VM Arguments:
jvm_args: --add-modules=ALL-SYSTEM --add-opens=java.base/java.util=ALL-UNNAMED --add-opens=java.base/java.lang=ALL-UNNAMED --add-opens=java.base/sun.nio.fs=ALL-UNNAMED -Declipse.application=org.eclipse.jdt.ls.core.id1 -Dosgi.bundles.defaultStartLevel=4 -Declipse.product=org.eclipse.jdt.ls.core.product -Djava.import.generatesMetadataFilesAtProjectRoot=false -DDetectVMInstallationsJob.disabled=true -Dfile.encoding=utf8 -XX:+UseParallelGC -XX:GCTimeRatio=4 -XX:AdaptiveSizePolicyWeight=90 -Dsun.zip.disableMemoryMapping=true -Xmx1G -Xms100m -Xlog:disable -javaagent:c:\Users\上善若水\.cursor\extensions\redhat.java-1.41.1-win32-x64\lombok\lombok-1.18.36.jar -XX:+HeapDumpOnOutOfMemoryError -XX:HeapDumpPath=c:\Users\上善若水\AppData\Roaming\Cursor\User\workspaceStorage\f08dab1c2772a67700050eea53466200\redhat.java -Daether.dependencyCollector.impl=bf 
java_command: c:\Users\上善若水\.cursor\extensions\redhat.java-1.41.1-win32-x64\server\plugins\org.eclipse.equinox.launcher_1.7.0.v20250331-1702.jar -configuration c:\Users\上善若水\AppData\Roaming\Cursor\User\globalStorage\redhat.java\1.41.1\config_win -data c:\Users\上善若水\AppData\Roaming\Cursor\User\workspaceStorage\f08dab1c2772a67700050eea53466200\redhat.java\jdt_ws --pipe=\\.\pipe\lsp-a0a4738ec5b1abf3044d0b719c16183e-sock
java_class_path (initial): c:\Users\上善若水\.cursor\extensions\redhat.java-1.41.1-win32-x64\server\plugins\org.eclipse.equinox.launcher_1.7.0.v20250331-1702.jar
Launcher Type: SUN_STANDARD

[Global flags]
    uintx AdaptiveSizePolicyWeight                 = 90                                        {product} {command line}
     intx CICompilerCount                          = 12                                        {product} {ergonomic}
    uintx GCTimeRatio                              = 4                                         {product} {command line}
     bool HeapDumpOnOutOfMemoryError               = true                                   {manageable} {command line}
    ccstr HeapDumpPath                             = c:\Users\上善若水\AppData\Roaming\Cursor\User\workspaceStorage\f08dab1c2772a67700050eea53466200\redhat.java         {manageable} {command line}
   size_t InitialHeapSize                          = 104857600                                 {product} {command line}
   size_t MaxHeapSize                              = 1073741824                                {product} {command line}
   size_t MaxNewSize                               = 357564416                                 {product} {ergonomic}
   size_t MinHeapDeltaBytes                        = 524288                                    {product} {ergonomic}
   size_t MinHeapSize                              = 104857600                                 {product} {command line}
   size_t NewSize                                  = 34603008                                  {product} {ergonomic}
    uintx NonNMethodCodeHeapSize                   = 7602480                                {pd product} {ergonomic}
    uintx NonProfiledCodeHeapSize                  = 122027880                              {pd product} {ergonomic}
   size_t OldSize                                  = 70254592                                  {product} {ergonomic}
    uintx ProfiledCodeHeapSize                     = 122027880                              {pd product} {ergonomic}
    uintx ReservedCodeCacheSize                    = 251658240                              {pd product} {ergonomic}
     bool SegmentedCodeCache                       = true                                      {product} {ergonomic}
   size_t SoftMaxHeapSize                          = 1073741824                             {manageable} {ergonomic}
     bool UseCompressedOops                        = true                           {product lp64_product} {ergonomic}
     bool UseLargePagesIndividualAllocation        = false                                  {pd product} {ergonomic}
     bool UseParallelGC                            = true                                      {product} {command line}

Logging:
Log output configuration:
 #0: stdout all=off uptime,level,tags foldmultilines=false
 #1: stderr all=off uptime,level,tags foldmultilines=false

Environment Variables:
JAVA_HOME=E:\developer_tools\Java\jdk-17.0.2
PATH=C:\Python313\Scripts\;C:\Python313\;C:\Program Files\Common Files\Oracle\Java\javapath;C:\Windows\system32;C:\Windows;C:\Windows\System32\Wbem;C:\Windows\System32\WindowsPowerShell\v1.0\;C:\Windows\System32\OpenSSH\;C:\Program Files (x86)\NVIDIA Corporation\PhysX\Common;C:\Program Files\NVIDIA Corporation\NVIDIA NvDLISR;C:\Program Files\dotnet\;C:\Program Files\Microsoft SQL Server\130\Tools\Binn\;C:\Program Files\Microsoft SQL Server\Client SDK\ODBC\170\Tools\Binn\;C:\WINDOWS\system32;C:\WINDOWS;C:\WINDOWS\System32\Wbem;C:\WINDOWS\System32\WindowsPowerShell\v1.0\;C:\WINDOWS\System32\OpenSSH\;E:\developer_tools\Java\jdk-17.0.2\bin;E:\developer_tools\Java\jdk-17.0.2\jre\bin;E:\developer_tools\mysql-5.7.24-winx64\mysql-5.7.24-winx64\bin;E:\developer_tools\maven\apache-maven-3.6.3\bin;E:\developer_tools\Android\android-sdk_r24.4.1-windows\android-sdk-windows\platform-tools;D:\VS2019\freeglut-3.4.0.tar\freeglut-3.4.0;D:\VS2019\freeglut-3.4.0.tar\freeglut-3.4.0\freeglut-3.4.0;E:\developer_tools\apache-tomcat-8.5.68-windows-x64\apache-tomcat-8.5.68\bin;E:\developer_tools\Xshell 7\;E:\developer_tools\Xftp 7\;E:\developer_tools\nodejs\node_modules;C:\ProgramData\chocolatey\bin;C:\Program Files\nodejs\;C:\Program Files\Docker\Docker\resources\bin;E:\developer_tools\Git\cmd;C:\Program Files\MySQL\MySQL Shell 8.0\bin\;E:\developer_tools\anaconda3;E:\developer_tools\anaconda3\Library\mingw-w64\bin;E:\developer_tools\anaconda3\Library\usr\bin;E:\developer_tools\anaconda3\Library\bin;E:\developer_tools\anaconda3\Scripts;C:\Users\上善若水\AppData\Local\Programs\Python\Launcher\;E:\developer_tools\Python\Python311\Scripts\;E:\developer_tools\Python\Python311\;C:\Users\上善若水\AppData\Local\Programs\Python\Python39\Scripts\;C:\Users\上善若水\AppData\Local\Programs\Python\Python39\;C:\Users\上善若水\AppData\Local\Microsoft\WindowsApps;C:\Users\上善若水\.dotnet\tools;D:\Microsoft VS Code\bin;E:\developer_tools\IntelliJ IDEA Community Edition 2021.3.2\bin;;D:\QQ游戏\QQGameTempest\Hall.57821\;E:\developer_tools\JetBrains\PyCharm Community Edition 2022.2.3\bin;;E:\developer_tools\IntelliJ IDEA 2021.3.1\bin;;E:\developer_tools\PyCharm 2023.2.1\bin;;E:\developer_tools\WebStorm 2023.2.1\bin;;E:\developer_tools\DataGrip 2023.2.1\bin;;C:\Users\上善若水\AppData\Local\GitHubDesktop\bin;C:\Users\上善若水\AppData\Roaming\npm;C:\Users\上善若水\AppData\Local\Programs\cursor\resources\app\bin
USERNAME=上善若水
OS=Windows_NT
PROCESSOR_IDENTIFIER=AMD64 Family 23 Model 96 Stepping 1, AuthenticAMD
TMP=C:\Users\上善若水\AppData\Local\Temp
TEMP=C:\Users\上善若水\AppData\Local\Temp




Periodic native trim disabled

---------------  S Y S T E M  ---------------

OS:
 Windows 11 , 64 bit Build 22000 (10.0.22000.2538)
OS uptime: 0 days 10:33 hours
Hyper-V role detected

CPU: total 16 (initial active 16) (16 cores per cpu, 2 threads per core) family 23 model 96 stepping 1 microcode 0x0, cx8, cmov, fxsr, ht, mmx, 3dnowpref, sse, sse2, sse3, ssse3, sse4a, sse4.1, sse4.2, popcnt, lzcnt, tsc, tscinvbit, avx, avx2, aes, clmul, bmi1, bmi2, adx, sha, fma, vzeroupper, clflush, clflushopt, hv, rdtscp, rdpid, f16c
Processor Information for the first 16 processors :
  Max Mhz: 2900, Current Mhz: 2900, Mhz Limit: 2900

Memory: 4k page, system-wide physical 15742M (422M free)
TotalPageFile size 51030M (AvailPageFile size 35M)
current process WorkingSet (physical memory assigned to process): 591M, peak: 591M
current process commit charge ("private bytes"): 561M, peak: 1005M

vm_info: OpenJDK 64-Bit Server VM (21.0.6+7-LTS) for windows-amd64 JRE (21.0.6+7-LTS), built on 2025-01-21T00:00:00Z by "admin" with MS VC++ 17.7 (VS2022)

END.
