#
# There is insufficient memory for the Java Runtime Environment to continue.
# Native memory allocation (malloc) failed to allocate 1912080 bytes for Chunk::new
# Possible reasons:
#   The system is out of physical RAM or swap space
#   The process is running with CompressedOops enabled, and the Java Heap may be blocking the growth of the native heap
# Possible solutions:
#   Reduce memory load on the system
#   Increase physical memory or swap space
#   Check if swap backing store is full
#   Decrease Java heap size (-Xmx/-Xms)
#   Decrease number of Java threads
#   Decrease Java thread stack sizes (-Xss)
#   Set larger code cache with -XX:ReservedCodeCacheSize=
#   JVM is running with Zero Based Compressed Oops mode in which the Java heap is
#     placed in the first 32GB address space. The Java Heap base address is the
#     maximum limit for the native heap growth. Please use -XX:HeapBaseMinAddress
#     to set the Java Heap base and to place the Java Heap above 32GB virtual address.
# This output file may be truncated or incomplete.
#
#  Out of Memory Error (arena.cpp:189), pid=20704, tid=15524
#
# JRE version: Java(TM) SE Runtime Environment (17.0.2+8) (build 17.0.2+8-LTS-86)
# Java VM: Java HotSpot(TM) 64-Bit Server VM (17.0.2+8-LTS-86, mixed mode, sharing, tiered, compressed oops, compressed class ptrs, g1 gc, windows-amd64)
# No core dump will be written. Minidumps are not enabled by default on client versions of Windows
#

---------------  S U M M A R Y ------------

Command Line: -Dclassworlds.conf=E:\developer_tools\maven\apache-maven-3.6.3\bin\..\bin\m2.conf -Dmaven.home=E:\developer_tools\maven\apache-maven-3.6.3\bin\.. -Dlibrary.jansi.path=E:\developer_tools\maven\apache-maven-3.6.3\bin\..\lib\jansi-native -Dmaven.multiModuleProjectDirectory=E:\×ÀÃæ\javahotel\heqing99 org.codehaus.plexus.classworlds.launcher.Launcher clean compile

Host: AMD Ryzen 7 4800H with Radeon Graphics         , 16 cores, 15G,  Windows 11 , 64 bit Build 22000 (10.0.22000.2538)
Time: Tue Apr 29 22:22:40 2025  Windows 11 , 64 bit Build 22000 (10.0.22000.2538) elapsed time: 18.264955 seconds (0d 0h 0m 18s)

---------------  T H R E A D  ---------------

Current thread (0x00000267b11807b0):  JavaThread "C2 CompilerThread6" daemon [_thread_in_native, id=15524, stack(0x0000008efe900000,0x0000008efea00000)]


Current CompileTask:
C2:  18265 10098       4       com.sun.tools.javac.comp.Resolve::rawInstantiate (508 bytes)

Stack: [0x0000008efe900000,0x0000008efea00000]
Native frames: (J=compiled Java code, j=interpreted, Vv=VM code, C=native code)
V  [jvm.dll+0x670baa]
V  [jvm.dll+0x7cfcb4]
V  [jvm.dll+0x7d145e]
V  [jvm.dll+0x7d1ac3]
V  [jvm.dll+0x242bc5]
V  [jvm.dll+0xaa57b]
V  [jvm.dll+0xaab0c]
V  [jvm.dll+0x35fd07]
V  [jvm.dll+0x1b9b68]
V  [jvm.dll+0x215de9]
V  [jvm.dll+0x2150b1]
V  [jvm.dll+0x1a1bbd]
V  [jvm.dll+0x224908]
V  [jvm.dll+0x222a6c]
V  [jvm.dll+0x7859bb]
V  [jvm.dll+0x77ff7a]
V  [jvm.dll+0x66fa35]
C  [ucrtbase.dll+0x26c0c]
C  [KERNEL32.DLL+0x153e0]
C  [ntdll.dll+0x485b]


---------------  P R O C E S S  ---------------

Threads class SMR info:
_java_thread_list=0x00000267b819ee50, length=22, elements={
0x000002678cd387f0, 0x00000267affcad50, 0x00000267affcb9c0, 0x00000267affe5d70,
0x00000267affe7730, 0x00000267affe80e0, 0x00000267affe8a90, 0x00000267affe9820,
0x00000267affea2c0, 0x00000267affeccc0, 0x00000267b098c230, 0x00000267b09a77f0,
0x00000267b09b0e90, 0x00000267b10b84c0, 0x00000267b0e89e00, 0x00000267b1a1d030,
0x00000267b3b21860, 0x00000267b5e7c450, 0x00000267b117f880, 0x00000267b117fd90,
0x00000267b11807b0, 0x00000267b117da20
}

Java Threads: ( => current thread )
  0x000002678cd387f0 JavaThread "main" [_thread_in_Java, id=2796, stack(0x0000008efbc00000,0x0000008efbd00000)]
  0x00000267affcad50 JavaThread "Reference Handler" daemon [_thread_blocked, id=30484, stack(0x0000008efc300000,0x0000008efc400000)]
  0x00000267affcb9c0 JavaThread "Finalizer" daemon [_thread_blocked, id=24456, stack(0x0000008efc400000,0x0000008efc500000)]
  0x00000267affe5d70 JavaThread "Signal Dispatcher" daemon [_thread_blocked, id=35984, stack(0x0000008efc500000,0x0000008efc600000)]
  0x00000267affe7730 JavaThread "Attach Listener" daemon [_thread_blocked, id=31692, stack(0x0000008efc600000,0x0000008efc700000)]
  0x00000267affe80e0 JavaThread "Service Thread" daemon [_thread_blocked, id=28824, stack(0x0000008efc700000,0x0000008efc800000)]
  0x00000267affe8a90 JavaThread "Monitor Deflation Thread" daemon [_thread_blocked, id=7500, stack(0x0000008efc800000,0x0000008efc900000)]
  0x00000267affe9820 JavaThread "C2 CompilerThread0" daemon [_thread_in_native, id=33060, stack(0x0000008efc900000,0x0000008efca00000)]
  0x00000267affea2c0 JavaThread "C1 CompilerThread0" daemon [_thread_blocked, id=1636, stack(0x0000008efca00000,0x0000008efcb00000)]
  0x00000267affeccc0 JavaThread "Sweeper thread" daemon [_thread_blocked, id=23964, stack(0x0000008efcb00000,0x0000008efcc00000)]
  0x00000267b098c230 JavaThread "C1 CompilerThread1" daemon [_thread_blocked, id=31012, stack(0x0000008efcc00000,0x0000008efcd00000)]
  0x00000267b09a77f0 JavaThread "Notification Thread" daemon [_thread_blocked, id=36352, stack(0x0000008efcd00000,0x0000008efce00000)]
  0x00000267b09b0e90 JavaThread "Common-Cleaner" daemon [_thread_blocked, id=32944, stack(0x0000008efcf00000,0x0000008efd000000)]
  0x00000267b10b84c0 JavaThread "C1 CompilerThread2" daemon [_thread_blocked, id=28240, stack(0x0000008efd000000,0x0000008efd100000)]
  0x00000267b0e89e00 JavaThread "C1 CompilerThread3" daemon [_thread_blocked, id=30480, stack(0x0000008efd100000,0x0000008efd200000)]
  0x00000267b1a1d030 JavaThread "C2 CompilerThread1" daemon [_thread_in_native, id=36092, stack(0x0000008efd200000,0x0000008efd300000)]
  0x00000267b3b21860 JavaThread "C2 CompilerThread2" daemon [_thread_in_native, id=34588, stack(0x0000008efe100000,0x0000008efe200000)]
  0x00000267b5e7c450 JavaThread "C2 CompilerThread3" daemon [_thread_in_native, id=3968, stack(0x0000008efe200000,0x0000008efe300000)]
  0x00000267b117f880 JavaThread "C2 CompilerThread4" daemon [_thread_in_native, id=1320, stack(0x0000008efe300000,0x0000008efe400000)]
  0x00000267b117fd90 JavaThread "C2 CompilerThread5" daemon [_thread_in_native, id=23508, stack(0x0000008efe400000,0x0000008efe500000)]
=>0x00000267b11807b0 JavaThread "C2 CompilerThread6" daemon [_thread_in_native, id=15524, stack(0x0000008efe900000,0x0000008efea00000)]
  0x00000267b117da20 JavaThread "C2 CompilerThread7" daemon [_thread_in_native, id=35272, stack(0x0000008efea00000,0x0000008efeb00000)]

Other Threads:
  0x00000267affc3680 VMThread "VM Thread" [stack: 0x0000008efc200000,0x0000008efc300000] [id=36380]
  0x00000267b09ae390 WatcherThread [stack: 0x0000008efce00000,0x0000008efcf00000] [id=25512]
  0x000002678cd8bc80 GCTaskThread "GC Thread#0" [stack: 0x0000008efbd00000,0x0000008efbe00000] [id=17704]
  0x00000267b17f03b0 GCTaskThread "GC Thread#1" [stack: 0x0000008efd600000,0x0000008efd700000] [id=11504]
  0x00000267b15c4490 GCTaskThread "GC Thread#2" [stack: 0x0000008efd700000,0x0000008efd800000] [id=18016]
  0x00000267b1642d30 GCTaskThread "GC Thread#3" [stack: 0x0000008efd800000,0x0000008efd900000] [id=33344]
  0x00000267b16cdde0 GCTaskThread "GC Thread#4" [stack: 0x0000008efd900000,0x0000008efda00000] [id=27564]
  0x00000267b1382ce0 GCTaskThread "GC Thread#5" [stack: 0x0000008efda00000,0x0000008efdb00000] [id=27548]
  0x00000267b15f2a10 GCTaskThread "GC Thread#6" [stack: 0x0000008efdb00000,0x0000008efdc00000] [id=27416]
  0x00000267b11f97e0 GCTaskThread "GC Thread#7" [stack: 0x0000008efdc00000,0x0000008efdd00000] [id=34980]
  0x00000267b11f9a90 GCTaskThread "GC Thread#8" [stack: 0x0000008efdd00000,0x0000008efde00000] [id=27052]
  0x00000267b1e44750 GCTaskThread "GC Thread#9" [stack: 0x0000008efd300000,0x0000008efd400000] [id=13076]
  0x00000267b1e441f0 GCTaskThread "GC Thread#10" [stack: 0x0000008efd400000,0x0000008efd500000] [id=14092]
  0x00000267b1e444a0 GCTaskThread "GC Thread#11" [stack: 0x0000008efd500000,0x0000008efd600000] [id=6716]
  0x00000267b1e44cb0 GCTaskThread "GC Thread#12" [stack: 0x0000008efde00000,0x0000008efdf00000] [id=36112]
  0x000002678cd9d870 ConcurrentGCThread "G1 Main Marker" [stack: 0x0000008efbe00000,0x0000008efbf00000] [id=26224]
  0x000002678cd9e180 ConcurrentGCThread "G1 Conc#0" [stack: 0x0000008efbf00000,0x0000008efc000000] [id=13248]
  0x00000267b1e44f60 ConcurrentGCThread "G1 Conc#1" [stack: 0x0000008efdf00000,0x0000008efe000000] [id=23928]
  0x00000267b1e45210 ConcurrentGCThread "G1 Conc#2" [stack: 0x0000008efe000000,0x0000008efe100000] [id=30240]
  0x000002678ce07010 ConcurrentGCThread "G1 Refine#0" [stack: 0x0000008efc000000,0x0000008efc100000] [id=9512]
  0x00000267b37b8cd0 ConcurrentGCThread "G1 Refine#1" [stack: 0x0000008efe500000,0x0000008efe600000] [id=17252]
  0x00000267b1569a20 ConcurrentGCThread "G1 Refine#2" [stack: 0x0000008efe600000,0x0000008efe700000] [id=36504]
  0x00000267b3173370 ConcurrentGCThread "G1 Refine#3" [stack: 0x0000008efe700000,0x0000008efe800000] [id=16440]
  0x00000267b1b2bdb0 ConcurrentGCThread "G1 Refine#4" [stack: 0x0000008efe800000,0x0000008efe900000] [id=26516]
  0x000002678ce07930 ConcurrentGCThread "G1 Service" [stack: 0x0000008efc100000,0x0000008efc200000] [id=8868]

Threads with active compile tasks:
C2 CompilerThread0    18333 10285       4       com.sun.tools.javac.code.Types::isSubtypeUncheckedInternal (163 bytes)
C2 CompilerThread1    18333 10289       4       com.sun.tools.javac.code.Lint$AugmentVisitor::augment (64 bytes)
C2 CompilerThread2    18333 10286       4       com.sun.tools.javac.code.Type::filter (59 bytes)
C2 CompilerThread3    18334 10272       4       com.sun.tools.javac.comp.Lower::access (770 bytes)
C2 CompilerThread4    18334 10117       4       com.sun.tools.javac.comp.Resolve$4::argumentsAcceptable (69 bytes)
C2 CompilerThread5    18334 9947       4       com.sun.tools.javac.comp.Resolve::findVar (558 bytes)
C2 CompilerThread6    18334 10098       4       com.sun.tools.javac.comp.Resolve::rawInstantiate (508 bytes)
C2 CompilerThread7    18334 10118       4       com.sun.tools.javac.comp.Resolve$AbstractMethodCheck::argumentsAcceptable (288 bytes)

VM state: not at safepoint (normal execution)

VM Mutex/Monitor currently owned by a thread: None

Heap address: 0x000000070a000000, size: 3936 MB, Compressed Oops mode: Zero based, Oop shift amount: 3

CDS archive(s) mapped at: [0x0000000800000000-0x0000000800bc0000-0x0000000800bc0000), size 12320768, SharedBaseAddress: 0x0000000800000000, ArchiveRelocationMode: 0.
Compressed class space mapped at: 0x0000000800c00000-0x0000000840c00000, reserved size: 1073741824
Narrow klass base: 0x0000000800000000, Narrow klass shift: 0, Narrow klass range: 0x100000000

GC Precious Log:
 CPUs: 16 total, 16 available
 Memory: 15742M
 Large Page Support: Disabled
 NUMA Support: Disabled
 Compressed Oops: Enabled (Zero based)
 Heap Region Size: 2M
 Heap Min Capacity: 8M
 Heap Initial Capacity: 246M
 Heap Max Capacity: 3936M
 Pre-touch: Disabled
 Parallel Workers: 13
 Concurrent Workers: 3
 Concurrent Refinement Workers: 13
 Periodic GC: Disabled

Heap:
 garbage-first heap   total 217088K, used 111184K [0x000000070a000000, 0x0000000800000000)
  region size 2048K, 33 young (67584K), 4 survivors (8192K)
 Metaspace       used 29938K, committed 30272K, reserved 1081344K
  class space    used 3142K, committed 3328K, reserved 1048576K

Heap Regions: E=young(eden), S=young(survivor), O=old, HS=humongous(starts), HC=humongous(continues), CS=collection set, F=free, OA=open archive, CA=closed archive, TAMS=top-at-mark-start (previous, next)
|   0|0x000000070a000000, 0x000000070a200000, 0x000000070a200000|100%| O|  |TAMS 0x000000070a200000, 0x000000070a000000| Untracked 
|   1|0x000000070a200000, 0x000000070a400000, 0x000000070a400000|100%| O|  |TAMS 0x000000070a400000, 0x000000070a200000| Untracked 
|   2|0x000000070a400000, 0x000000070a600000, 0x000000070a600000|100%| O|  |TAMS 0x000000070a600000, 0x000000070a400000| Untracked 
|   3|0x000000070a600000, 0x000000070a800000, 0x000000070a800000|100%| O|  |TAMS 0x000000070a800000, 0x000000070a600000| Untracked 
|   4|0x000000070a800000, 0x000000070aa00000, 0x000000070aa00000|100%| O|  |TAMS 0x000000070aa00000, 0x000000070a800000| Untracked 
|   5|0x000000070aa00000, 0x000000070ac00000, 0x000000070ac00000|100%| O|  |TAMS 0x000000070ac00000, 0x000000070aa00000| Untracked 
|   6|0x000000070ac00000, 0x000000070ae00000, 0x000000070ae00000|100%| O|  |TAMS 0x000000070ae00000, 0x000000070ac00000| Untracked 
|   7|0x000000070ae00000, 0x000000070b000000, 0x000000070b000000|100%| O|  |TAMS 0x000000070b000000, 0x000000070ae00000| Untracked 
|   8|0x000000070b000000, 0x000000070b200000, 0x000000070b200000|100%| O|  |TAMS 0x000000070b200000, 0x000000070b000000| Untracked 
|   9|0x000000070b200000, 0x000000070b400000, 0x000000070b400000|100%| O|  |TAMS 0x000000070b2b7200, 0x000000070b200000| Untracked 
|  10|0x000000070b400000, 0x000000070b600000, 0x000000070b600000|100%| O|  |TAMS 0x000000070b400000, 0x000000070b400000| Untracked 
|  11|0x000000070b600000, 0x000000070b800000, 0x000000070b800000|100%| O|  |TAMS 0x000000070b600000, 0x000000070b600000| Untracked 
|  12|0x000000070b800000, 0x000000070ba00000, 0x000000070ba00000|100%| O|  |TAMS 0x000000070ba00000, 0x000000070b800000| Untracked 
|  13|0x000000070ba00000, 0x000000070bc00000, 0x000000070bc00000|100%| O|  |TAMS 0x000000070bc00000, 0x000000070ba00000| Untracked 
|  14|0x000000070bc00000, 0x000000070be00000, 0x000000070be00000|100%| O|  |TAMS 0x000000070be00000, 0x000000070bc00000| Untracked 
|  15|0x000000070be00000, 0x000000070c000000, 0x000000070c000000|100%| O|  |TAMS 0x000000070c000000, 0x000000070be00000| Untracked 
|  16|0x000000070c000000, 0x000000070c055400, 0x000000070c200000| 16%| O|  |TAMS 0x000000070c000000, 0x000000070c000000| Untracked 
|  17|0x000000070c200000, 0x000000070c400000, 0x000000070c400000|100%|HS|  |TAMS 0x000000070c200000, 0x000000070c200000| Complete 
|  18|0x000000070c400000, 0x000000070c600000, 0x000000070c600000|100%| O|  |TAMS 0x000000070c400000, 0x000000070c400000| Untracked 
|  19|0x000000070c600000, 0x000000070c800000, 0x000000070c800000|100%| O|  |TAMS 0x000000070c600000, 0x000000070c600000| Untracked 
|  20|0x000000070c800000, 0x000000070ca00000, 0x000000070ca00000|100%| O|  |TAMS 0x000000070c800000, 0x000000070c800000| Untracked 
|  21|0x000000070ca00000, 0x000000070cc00000, 0x000000070cc00000|100%| O|  |TAMS 0x000000070ca00000, 0x000000070ca00000| Untracked 
|  22|0x000000070cc00000, 0x000000070ce00000, 0x000000070ce00000|100%| O|  |TAMS 0x000000070cc00000, 0x000000070cc00000| Untracked 
|  23|0x000000070ce00000, 0x000000070cf0b600, 0x000000070d000000| 52%| O|  |TAMS 0x000000070ce00000, 0x000000070ce00000| Untracked 
|  24|0x000000070d000000, 0x000000070d000000, 0x000000070d200000|  0%| F|  |TAMS 0x000000070d000000, 0x000000070d000000| Untracked 
|  25|0x000000070d200000, 0x000000070d200000, 0x000000070d400000|  0%| F|  |TAMS 0x000000070d200000, 0x000000070d200000| Untracked 
|  26|0x000000070d400000, 0x000000070d400000, 0x000000070d600000|  0%| F|  |TAMS 0x000000070d400000, 0x000000070d400000| Untracked 
|  27|0x000000070d600000, 0x000000070d600000, 0x000000070d800000|  0%| F|  |TAMS 0x000000070d600000, 0x000000070d600000| Untracked 
|  28|0x000000070d800000, 0x000000070d800000, 0x000000070da00000|  0%| F|  |TAMS 0x000000070d800000, 0x000000070d800000| Untracked 
|  29|0x000000070da00000, 0x000000070da00000, 0x000000070dc00000|  0%| F|  |TAMS 0x000000070da00000, 0x000000070da00000| Untracked 
|  30|0x000000070dc00000, 0x000000070dc00000, 0x000000070de00000|  0%| F|  |TAMS 0x000000070dc00000, 0x000000070dc00000| Untracked 
|  31|0x000000070de00000, 0x000000070de00000, 0x000000070e000000|  0%| F|  |TAMS 0x000000070de00000, 0x000000070de00000| Untracked 
|  32|0x000000070e000000, 0x000000070e000000, 0x000000070e200000|  0%| F|  |TAMS 0x000000070e000000, 0x000000070e000000| Untracked 
|  33|0x000000070e200000, 0x000000070e200000, 0x000000070e400000|  0%| F|  |TAMS 0x000000070e200000, 0x000000070e200000| Untracked 
|  34|0x000000070e400000, 0x000000070e400000, 0x000000070e600000|  0%| F|  |TAMS 0x000000070e400000, 0x000000070e400000| Untracked 
|  35|0x000000070e600000, 0x000000070e733650, 0x000000070e800000| 60%| S|CS|TAMS 0x000000070e600000, 0x000000070e600000| Complete 
|  36|0x000000070e800000, 0x000000070ea00000, 0x000000070ea00000|100%| S|CS|TAMS 0x000000070e800000, 0x000000070e800000| Complete 
|  37|0x000000070ea00000, 0x000000070ec00000, 0x000000070ec00000|100%| S|CS|TAMS 0x000000070ea00000, 0x000000070ea00000| Complete 
|  38|0x000000070ec00000, 0x000000070ec00000, 0x000000070ee00000|  0%| F|  |TAMS 0x000000070ec00000, 0x000000070ec00000| Untracked 
|  39|0x000000070ee00000, 0x000000070ee00000, 0x000000070f000000|  0%| F|  |TAMS 0x000000070ee00000, 0x000000070ee00000| Untracked 
|  40|0x000000070f000000, 0x000000070f000000, 0x000000070f200000|  0%| F|  |TAMS 0x000000070f000000, 0x000000070f000000| Untracked 
|  41|0x000000070f200000, 0x000000070f400000, 0x000000070f400000|100%| S|CS|TAMS 0x000000070f200000, 0x000000070f200000| Complete 
|  42|0x000000070f400000, 0x000000070f400000, 0x000000070f600000|  0%| F|  |TAMS 0x000000070f400000, 0x000000070f400000| Untracked 
|  43|0x000000070f600000, 0x000000070f600000, 0x000000070f800000|  0%| F|  |TAMS 0x000000070f600000, 0x000000070f600000| Untracked 
|  44|0x000000070f800000, 0x000000070f800000, 0x000000070fa00000|  0%| F|  |TAMS 0x000000070f800000, 0x000000070f800000| Untracked 
|  45|0x000000070fa00000, 0x000000070fa00000, 0x000000070fc00000|  0%| F|  |TAMS 0x000000070fa00000, 0x000000070fa00000| Untracked 
|  46|0x000000070fc00000, 0x000000070fc00000, 0x000000070fe00000|  0%| F|  |TAMS 0x000000070fc00000, 0x000000070fc00000| Untracked 
|  47|0x000000070fe00000, 0x000000070fe00000, 0x0000000710000000|  0%| F|  |TAMS 0x000000070fe00000, 0x000000070fe00000| Untracked 
|  48|0x0000000710000000, 0x0000000710000000, 0x0000000710200000|  0%| F|  |TAMS 0x0000000710000000, 0x0000000710000000| Untracked 
|  49|0x0000000710200000, 0x0000000710200000, 0x0000000710400000|  0%| F|  |TAMS 0x0000000710200000, 0x0000000710200000| Untracked 
|  50|0x0000000710400000, 0x0000000710400000, 0x0000000710600000|  0%| F|  |TAMS 0x0000000710400000, 0x0000000710400000| Untracked 
|  51|0x0000000710600000, 0x0000000710600000, 0x0000000710800000|  0%| F|  |TAMS 0x0000000710600000, 0x0000000710600000| Untracked 
|  52|0x0000000710800000, 0x0000000710800000, 0x0000000710a00000|  0%| F|  |TAMS 0x0000000710800000, 0x0000000710800000| Untracked 
|  53|0x0000000710a00000, 0x0000000710a00000, 0x0000000710c00000|  0%| F|  |TAMS 0x0000000710a00000, 0x0000000710a00000| Untracked 
|  54|0x0000000710c00000, 0x0000000710c00000, 0x0000000710e00000|  0%| F|  |TAMS 0x0000000710c00000, 0x0000000710c00000| Untracked 
|  55|0x0000000710e00000, 0x0000000710e00000, 0x0000000711000000|  0%| F|  |TAMS 0x0000000710e00000, 0x0000000710e00000| Untracked 
|  56|0x0000000711000000, 0x0000000711000000, 0x0000000711200000|  0%| F|  |TAMS 0x0000000711000000, 0x0000000711000000| Untracked 
|  57|0x0000000711200000, 0x0000000711200000, 0x0000000711400000|  0%| F|  |TAMS 0x0000000711200000, 0x0000000711200000| Untracked 
|  58|0x0000000711400000, 0x0000000711400000, 0x0000000711600000|  0%| F|  |TAMS 0x0000000711400000, 0x0000000711400000| Untracked 
|  59|0x0000000711600000, 0x0000000711600000, 0x0000000711800000|  0%| F|  |TAMS 0x0000000711600000, 0x0000000711600000| Untracked 
|  60|0x0000000711800000, 0x0000000711800000, 0x0000000711a00000|  0%| F|  |TAMS 0x0000000711800000, 0x0000000711800000| Untracked 
|  61|0x0000000711a00000, 0x0000000711a00000, 0x0000000711c00000|  0%| F|  |TAMS 0x0000000711a00000, 0x0000000711a00000| Untracked 
|  62|0x0000000711c00000, 0x0000000711c00000, 0x0000000711e00000|  0%| F|  |TAMS 0x0000000711c00000, 0x0000000711c00000| Untracked 
|  63|0x0000000711e00000, 0x0000000711e00000, 0x0000000712000000|  0%| F|  |TAMS 0x0000000711e00000, 0x0000000711e00000| Untracked 
|  64|0x0000000712000000, 0x0000000712000000, 0x0000000712200000|  0%| F|  |TAMS 0x0000000712000000, 0x0000000712000000| Untracked 
|  65|0x0000000712200000, 0x0000000712200000, 0x0000000712400000|  0%| F|  |TAMS 0x0000000712200000, 0x0000000712200000| Untracked 
|  66|0x0000000712400000, 0x0000000712400000, 0x0000000712600000|  0%| F|  |TAMS 0x0000000712400000, 0x0000000712400000| Untracked 
|  67|0x0000000712600000, 0x0000000712600000, 0x0000000712800000|  0%| F|  |TAMS 0x0000000712600000, 0x0000000712600000| Untracked 
|  68|0x0000000712800000, 0x0000000712800000, 0x0000000712a00000|  0%| F|  |TAMS 0x0000000712800000, 0x0000000712800000| Untracked 
|  69|0x0000000712a00000, 0x0000000712a00000, 0x0000000712c00000|  0%| F|  |TAMS 0x0000000712a00000, 0x0000000712a00000| Untracked 
|  70|0x0000000712c00000, 0x0000000712c00000, 0x0000000712e00000|  0%| F|  |TAMS 0x0000000712c00000, 0x0000000712c00000| Untracked 
|  71|0x0000000712e00000, 0x0000000712e00000, 0x0000000713000000|  0%| F|  |TAMS 0x0000000712e00000, 0x0000000712e00000| Untracked 
|  72|0x0000000713000000, 0x0000000713000000, 0x0000000713200000|  0%| F|  |TAMS 0x0000000713000000, 0x0000000713000000| Untracked 
|  73|0x0000000713200000, 0x0000000713200000, 0x0000000713400000|  0%| F|  |TAMS 0x0000000713200000, 0x0000000713200000| Untracked 
|  74|0x0000000713400000, 0x0000000713400000, 0x0000000713600000|  0%| F|  |TAMS 0x0000000713400000, 0x0000000713400000| Untracked 
|  75|0x0000000713600000, 0x0000000713600000, 0x0000000713800000|  0%| F|  |TAMS 0x0000000713600000, 0x0000000713600000| Untracked 
|  76|0x0000000713800000, 0x0000000713800000, 0x0000000713a00000|  0%| F|  |TAMS 0x0000000713800000, 0x0000000713800000| Untracked 
|  77|0x0000000713a00000, 0x0000000713b00800, 0x0000000713c00000| 50%| E|  |TAMS 0x0000000713a00000, 0x0000000713a00000| Complete 
|  78|0x0000000713c00000, 0x0000000713e00000, 0x0000000713e00000|100%| E|CS|TAMS 0x0000000713c00000, 0x0000000713c00000| Complete 
|  79|0x0000000713e00000, 0x0000000714000000, 0x0000000714000000|100%| E|CS|TAMS 0x0000000713e00000, 0x0000000713e00000| Complete 
|  80|0x0000000714000000, 0x0000000714200000, 0x0000000714200000|100%| E|CS|TAMS 0x0000000714000000, 0x0000000714000000| Complete 
|  81|0x0000000714200000, 0x0000000714400000, 0x0000000714400000|100%| E|CS|TAMS 0x0000000714200000, 0x0000000714200000| Complete 
|  82|0x0000000714400000, 0x0000000714600000, 0x0000000714600000|100%| E|CS|TAMS 0x0000000714400000, 0x0000000714400000| Complete 
|  83|0x0000000714600000, 0x0000000714800000, 0x0000000714800000|100%| E|CS|TAMS 0x0000000714600000, 0x0000000714600000| Complete 
|  84|0x0000000714800000, 0x0000000714a00000, 0x0000000714a00000|100%| E|CS|TAMS 0x0000000714800000, 0x0000000714800000| Complete 
|  85|0x0000000714a00000, 0x0000000714c00000, 0x0000000714c00000|100%| E|CS|TAMS 0x0000000714a00000, 0x0000000714a00000| Complete 
|  86|0x0000000714c00000, 0x0000000714e00000, 0x0000000714e00000|100%| E|CS|TAMS 0x0000000714c00000, 0x0000000714c00000| Complete 
|  87|0x0000000714e00000, 0x0000000715000000, 0x0000000715000000|100%| E|CS|TAMS 0x0000000714e00000, 0x0000000714e00000| Complete 
|  88|0x0000000715000000, 0x0000000715200000, 0x0000000715200000|100%| E|CS|TAMS 0x0000000715000000, 0x0000000715000000| Complete 
|  89|0x0000000715200000, 0x0000000715400000, 0x0000000715400000|100%| E|CS|TAMS 0x0000000715200000, 0x0000000715200000| Complete 
|  90|0x0000000715400000, 0x0000000715600000, 0x0000000715600000|100%| E|CS|TAMS 0x0000000715400000, 0x0000000715400000| Complete 
|  91|0x0000000715600000, 0x0000000715800000, 0x0000000715800000|100%| E|CS|TAMS 0x0000000715600000, 0x0000000715600000| Complete 
|  92|0x0000000715800000, 0x0000000715a00000, 0x0000000715a00000|100%| E|CS|TAMS 0x0000000715800000, 0x0000000715800000| Complete 
|  93|0x0000000715a00000, 0x0000000715c00000, 0x0000000715c00000|100%| E|CS|TAMS 0x0000000715a00000, 0x0000000715a00000| Complete 
|  94|0x0000000715c00000, 0x0000000715e00000, 0x0000000715e00000|100%| E|CS|TAMS 0x0000000715c00000, 0x0000000715c00000| Complete 
|  95|0x0000000715e00000, 0x0000000716000000, 0x0000000716000000|100%| E|CS|TAMS 0x0000000715e00000, 0x0000000715e00000| Complete 
|  96|0x0000000716000000, 0x0000000716200000, 0x0000000716200000|100%| E|CS|TAMS 0x0000000716000000, 0x0000000716000000| Complete 
|  97|0x0000000716200000, 0x0000000716400000, 0x0000000716400000|100%| E|CS|TAMS 0x0000000716200000, 0x0000000716200000| Complete 
|  98|0x0000000716400000, 0x0000000716600000, 0x0000000716600000|100%| E|CS|TAMS 0x0000000716400000, 0x0000000716400000| Complete 
|  99|0x0000000716600000, 0x0000000716800000, 0x0000000716800000|100%| E|CS|TAMS 0x0000000716600000, 0x0000000716600000| Complete 
| 100|0x0000000716800000, 0x0000000716a00000, 0x0000000716a00000|100%| E|CS|TAMS 0x0000000716800000, 0x0000000716800000| Complete 
| 101|0x0000000716a00000, 0x0000000716c00000, 0x0000000716c00000|100%| E|CS|TAMS 0x0000000716a00000, 0x0000000716a00000| Complete 
| 102|0x0000000716c00000, 0x0000000716e00000, 0x0000000716e00000|100%| E|CS|TAMS 0x0000000716c00000, 0x0000000716c00000| Complete 
| 103|0x0000000716e00000, 0x0000000717000000, 0x0000000717000000|100%| E|CS|TAMS 0x0000000716e00000, 0x0000000716e00000| Complete 
| 104|0x0000000717000000, 0x0000000717200000, 0x0000000717200000|100%| E|CS|TAMS 0x0000000717000000, 0x0000000717000000| Complete 
| 122|0x0000000719400000, 0x0000000719600000, 0x0000000719600000|100%| E|CS|TAMS 0x0000000719400000, 0x0000000719400000| Complete 

Card table byte_map: [0x00000267a45c0000,0x00000267a4d70000] _byte_map_base: 0x00000267a0d70000

Marking Bits (Prev, Next): (CMBitMap*) 0x000002678cd8c190, (CMBitMap*) 0x000002678cd8c1d0
 Prev Bits: [0x00000267a5520000, 0x00000267a92a0000)
 Next Bits: [0x00000267a92a0000, 0x00000267ad020000)

Polling page: 0x000002678ad40000

Metaspace:

Usage:
  Non-class:     26.17 MB used.
      Class:      3.07 MB used.
       Both:     29.24 MB used.

Virtual space:
  Non-class space:       32.00 MB reserved,      26.31 MB ( 82%) committed,  4 nodes.
      Class space:        1.00 GB reserved,       3.25 MB ( <1%) committed,  1 nodes.
             Both:        1.03 GB reserved,      29.56 MB (  3%) committed. 

Chunk freelists:
   Non-Class:  1.46 MB
       Class:  734.00 KB
        Both:  2.17 MB

MaxMetaspaceSize: unlimited
CompressedClassSpaceSize: 1.00 GB
Initial GC threshold: 21.00 MB
Current GC threshold: 38.69 MB
CDS: on
MetaspaceReclaimPolicy: balanced
 - commit_granule_bytes: 65536.
 - commit_granule_words: 8192.
 - virtual_space_node_default_size: 1048576.
 - enlarge_chunks_in_place: 1.
 - new_chunks_are_fully_committed: 0.
 - uncommit_free_chunks: 1.
 - use_allocation_guard: 0.
 - handle_deallocations: 1.


Internal statistics:

num_allocs_failed_limit: 3.
num_arena_births: 278.
num_arena_deaths: 0.
num_vsnodes_births: 5.
num_vsnodes_deaths: 0.
num_space_committed: 473.
num_space_uncommitted: 0.
num_chunks_returned_to_freelist: 3.
num_chunks_taken_from_freelist: 1399.
num_chunk_merges: 3.
num_chunk_splits: 970.
num_chunks_enlarged: 721.
num_purges: 0.
num_inconsistent_stats: 0.

CodeHeap 'non-profiled nmethods': size=119168Kb used=6896Kb max_used=6896Kb free=112271Kb
 bounds [0x000002679c130000, 0x000002679c820000, 0x00000267a3590000]
CodeHeap 'profiled nmethods': size=119104Kb used=19112Kb max_used=19671Kb free=99991Kb
 bounds [0x0000026794ce0000, 0x0000026796030000, 0x000002679c130000]
CodeHeap 'non-nmethods': size=7488Kb used=2907Kb max_used=3018Kb free=4580Kb
 bounds [0x0000026794590000, 0x0000026794890000, 0x0000026794ce0000]
 total_blobs=8758 nmethods=8235 adapters=432
 compilation: enabled
              stopped_count=0, restarted_count=0
 full_count=0

Compilation events (20 events):
Event: 18.145 Thread 0x00000267affea2c0 10265       2       com.sun.tools.javac.tree.TreeInfo::getStartPos (767 bytes)
Event: 18.147 Thread 0x00000267affea2c0 nmethod 10265 0x0000026795665210 code [0x0000026795665680, 0x00000267956669d8]
Event: 18.148 Thread 0x00000267b098c230 10266       3       java.util.LinkedHashMap::clear (15 bytes)
Event: 18.149 Thread 0x00000267b098c230 nmethod 10266 0x0000026795ab1590 code [0x0000026795ab1740, 0x0000026795ab18e8]
Event: 18.159 Thread 0x00000267b5e7c450 nmethod 10178 0x000002679c718110 code [0x000002679c718460, 0x000002679c71a208]
Event: 18.160 Thread 0x00000267affea2c0 10267       3       com.sun.tools.javac.code.Type$ClassType::complete (8 bytes)
Event: 18.161 Thread 0x00000267b5e7c450 10257       4       java.util.stream.AbstractPipeline::wrapAndCopyInto (18 bytes)
Event: 18.161 Thread 0x00000267affea2c0 nmethod 10267 0x0000026795af9c10 code [0x0000026795af9dc0, 0x0000026795af9fa8]
Event: 18.166 Thread 0x00000267b5e7c450 nmethod 10257 0x000002679c5fbf90 code [0x000002679c5fc120, 0x000002679c5fc2a8]
Event: 18.167 Thread 0x00000267b5e7c450 10258       4       com.sun.tools.javac.util.Bits::<init> (20 bytes)
Event: 18.169 Thread 0x00000267b098c230 10268       3       com.sun.tools.javac.comp.Check::closure (81 bytes)
Event: 18.169 Thread 0x00000267b0e89e00 10269       3       com.sun.tools.javac.code.Types$14::visitTypeVar (10 bytes)
Event: 18.169 Thread 0x00000267affea2c0 10270       3       com.sun.tools.javac.code.Types$14::visitTypeVar (23 bytes)
Event: 18.170 Thread 0x00000267b10b84c0 10271       3       com.sun.tools.javac.comp.Check::validate (8 bytes)
Event: 18.171 Thread 0x00000267b10b84c0 nmethod 10271 0x0000026795736090 code [0x0000026795736260, 0x0000026795736648]
Event: 18.172 Thread 0x00000267affea2c0 nmethod 10270 0x0000026795932e10 code [0x0000026795933000, 0x00000267959336a8]
Event: 18.172 Thread 0x00000267b0e89e00 nmethod 10269 0x0000026795664490 code [0x00000267956646a0, 0x0000026795664ec8]
Event: 18.173 Thread 0x00000267b098c230 nmethod 10268 0x0000026795b88e90 code [0x0000026795b89140, 0x0000026795b8a298]
Event: 18.190 Thread 0x00000267b5e7c450 nmethod 10258 0x000002679c56a910 code [0x000002679c56aae0, 0x000002679c56b248]
Event: 18.190 Thread 0x00000267b5e7c450 10272       4       com.sun.tools.javac.comp.Lower::access (770 bytes)

GC Heap History (20 events):
Event: 12.584 GC heap before
{Heap before GC invocations=11 (full 0):
 garbage-first heap   total 137216K, used 93934K [0x000000070a000000, 0x0000000800000000)
  region size 2048K, 24 young (49152K), 1 survivors (2048K)
 Metaspace       used 26682K, committed 27008K, reserved 1073152K
  class space    used 2861K, committed 3072K, reserved 1048576K
}
Event: 12.586 GC heap after
{Heap after GC invocations=12 (full 0):
 garbage-first heap   total 137216K, used 45976K [0x000000070a000000, 0x0000000800000000)
  region size 2048K, 1 young (2048K), 1 survivors (2048K)
 Metaspace       used 26682K, committed 27008K, reserved 1073152K
  class space    used 2861K, committed 3072K, reserved 1048576K
}
Event: 12.872 GC heap before
{Heap before GC invocations=12 (full 0):
 garbage-first heap   total 137216K, used 95128K [0x000000070a000000, 0x0000000800000000)
  region size 2048K, 25 young (51200K), 1 survivors (2048K)
 Metaspace       used 26913K, committed 27264K, reserved 1081344K
  class space    used 2890K, committed 3072K, reserved 1048576K
}
Event: 12.874 GC heap after
{Heap after GC invocations=13 (full 0):
 garbage-first heap   total 137216K, used 46600K [0x000000070a000000, 0x0000000800000000)
  region size 2048K, 1 young (2048K), 1 survivors (2048K)
 Metaspace       used 26913K, committed 27264K, reserved 1081344K
  class space    used 2890K, committed 3072K, reserved 1048576K
}
Event: 13.065 GC heap before
{Heap before GC invocations=13 (full 0):
 garbage-first heap   total 137216K, used 99848K [0x000000070a000000, 0x0000000800000000)
  region size 2048K, 27 young (55296K), 1 survivors (2048K)
 Metaspace       used 26978K, committed 27328K, reserved 1081344K
  class space    used 2895K, committed 3072K, reserved 1048576K
}
Event: 13.069 GC heap after
{Heap after GC invocations=14 (full 0):
 garbage-first heap   total 137216K, used 47496K [0x000000070a000000, 0x0000000800000000)
  region size 2048K, 2 young (4096K), 2 survivors (4096K)
 Metaspace       used 26978K, committed 27328K, reserved 1081344K
  class space    used 2895K, committed 3072K, reserved 1048576K
}
Event: 13.230 GC heap before
{Heap before GC invocations=14 (full 0):
 garbage-first heap   total 137216K, used 102792K [0x000000070a000000, 0x0000000800000000)
  region size 2048K, 29 young (59392K), 2 survivors (4096K)
 Metaspace       used 27065K, committed 27456K, reserved 1081344K
  class space    used 2897K, committed 3072K, reserved 1048576K
}
Event: 13.236 GC heap after
{Heap after GC invocations=15 (full 0):
 garbage-first heap   total 137216K, used 48489K [0x000000070a000000, 0x0000000800000000)
  region size 2048K, 2 young (4096K), 2 survivors (4096K)
 Metaspace       used 27065K, committed 27456K, reserved 1081344K
  class space    used 2897K, committed 3072K, reserved 1048576K
}
Event: 13.413 GC heap before
{Heap before GC invocations=15 (full 0):
 garbage-first heap   total 137216K, used 105833K [0x000000070a000000, 0x0000000800000000)
  region size 2048K, 30 young (61440K), 2 survivors (4096K)
 Metaspace       used 27101K, committed 27520K, reserved 1081344K
  class space    used 2901K, committed 3136K, reserved 1048576K
}
Event: 13.421 GC heap after
{Heap after GC invocations=16 (full 0):
 garbage-first heap   total 137216K, used 49476K [0x000000070a000000, 0x0000000800000000)
  region size 2048K, 3 young (6144K), 3 survivors (6144K)
 Metaspace       used 27101K, committed 27520K, reserved 1081344K
  class space    used 2901K, committed 3136K, reserved 1048576K
}
Event: 13.575 GC heap before
{Heap before GC invocations=16 (full 0):
 garbage-first heap   total 137216K, used 106820K [0x000000070a000000, 0x0000000800000000)
  region size 2048K, 31 young (63488K), 3 survivors (6144K)
 Metaspace       used 27147K, committed 27584K, reserved 1081344K
  class space    used 2903K, committed 3136K, reserved 1048576K
}
Event: 13.583 GC heap after
{Heap after GC invocations=17 (full 0):
 garbage-first heap   total 165888K, used 50486K [0x000000070a000000, 0x0000000800000000)
  region size 2048K, 3 young (6144K), 3 survivors (6144K)
 Metaspace       used 27147K, committed 27584K, reserved 1081344K
  class space    used 2903K, committed 3136K, reserved 1048576K
}
Event: 13.803 GC heap before
{Heap before GC invocations=17 (full 0):
 garbage-first heap   total 165888K, used 130358K [0x000000070a000000, 0x0000000800000000)
  region size 2048K, 42 young (86016K), 3 survivors (6144K)
 Metaspace       used 27149K, committed 27584K, reserved 1081344K
  class space    used 2903K, committed 3136K, reserved 1048576K
}
Event: 13.809 GC heap after
{Heap after GC invocations=18 (full 0):
 garbage-first heap   total 165888K, used 51650K [0x000000070a000000, 0x0000000800000000)
  region size 2048K, 4 young (8192K), 4 survivors (8192K)
 Metaspace       used 27149K, committed 27584K, reserved 1081344K
  class space    used 2903K, committed 3136K, reserved 1048576K
}
Event: 14.217 GC heap before
{Heap before GC invocations=18 (full 0):
 garbage-first heap   total 165888K, used 131522K [0x000000070a000000, 0x0000000800000000)
  region size 2048K, 43 young (88064K), 4 survivors (8192K)
 Metaspace       used 27230K, committed 27648K, reserved 1081344K
  class space    used 2905K, committed 3136K, reserved 1048576K
}
Event: 14.229 GC heap after
{Heap after GC invocations=19 (full 0):
 garbage-first heap   total 165888K, used 53126K [0x000000070a000000, 0x0000000800000000)
  region size 2048K, 4 young (8192K), 4 survivors (8192K)
 Metaspace       used 27230K, committed 27648K, reserved 1081344K
  class space    used 2905K, committed 3136K, reserved 1048576K
}
Event: 14.620 GC heap before
{Heap before GC invocations=19 (full 0):
 garbage-first heap   total 165888K, used 135046K [0x000000070a000000, 0x0000000800000000)
  region size 2048K, 44 young (90112K), 4 survivors (8192K)
 Metaspace       used 27301K, committed 27712K, reserved 1081344K
  class space    used 2905K, committed 3136K, reserved 1048576K
}
Event: 14.632 GC heap after
{Heap after GC invocations=20 (full 0):
 garbage-first heap   total 165888K, used 53050K [0x000000070a000000, 0x0000000800000000)
  region size 2048K, 4 young (8192K), 4 survivors (8192K)
 Metaspace       used 27301K, committed 27712K, reserved 1081344K
  class space    used 2905K, committed 3136K, reserved 1048576K
}
Event: 15.888 GC heap before
{Heap before GC invocations=20 (full 0):
 garbage-first heap   total 165888K, used 132922K [0x000000070a000000, 0x0000000800000000)
  region size 2048K, 43 young (88064K), 4 survivors (8192K)
 Metaspace       used 29072K, committed 29440K, reserved 1081344K
  class space    used 3068K, committed 3264K, reserved 1048576K
}
Event: 15.901 GC heap after
{Heap after GC invocations=21 (full 0):
 garbage-first heap   total 217088K, used 53840K [0x000000070a000000, 0x0000000800000000)
  region size 2048K, 4 young (8192K), 4 survivors (8192K)
 Metaspace       used 29072K, committed 29440K, reserved 1081344K
  class space    used 3068K, committed 3264K, reserved 1048576K
}

Deoptimization events (20 events):
Event: 17.980 Thread 0x000002678cd387f0 DEOPT PACKING pc=0x000002679c46eb74 sp=0x0000008efbcfb6f0
Event: 17.980 Thread 0x000002678cd387f0 DEOPT UNPACKING pc=0x00000267945e23a3 sp=0x0000008efbcfb6b8 mode 2
Event: 18.003 Thread 0x000002678cd387f0 Uncommon trap: trap_request=0xffffff45 fr.pc=0x000002679c47bb80 relative=0x0000000000000100
Event: 18.003 Thread 0x000002678cd387f0 Uncommon trap: reason=unstable_if action=reinterpret pc=0x000002679c47bb80 method=com.sun.tools.javac.code.TypeAnnotations.targetToAnnotationType(Lcom/sun/tools/javac/code/Attribute;Lcom/sun/tools/javac/code/Symbol;)Lcom/sun/tools/javac/code/TypeAnnotatio
Event: 18.003 Thread 0x000002678cd387f0 DEOPT PACKING pc=0x000002679c47bb80 sp=0x0000008efbcfc970
Event: 18.003 Thread 0x000002678cd387f0 DEOPT UNPACKING pc=0x00000267945e23a3 sp=0x0000008efbcfc900 mode 2
Event: 18.082 Thread 0x000002678cd387f0 DEOPT PACKING pc=0x0000026795df38da sp=0x0000008efbcfd2c0
Event: 18.082 Thread 0x000002678cd387f0 DEOPT UNPACKING pc=0x00000267945e2b43 sp=0x0000008efbcfc890 mode 0
Event: 18.130 Thread 0x000002678cd387f0 Uncommon trap: trap_request=0xffffffde fr.pc=0x000002679c7130ec relative=0x000000000000086c
Event: 18.130 Thread 0x000002678cd387f0 Uncommon trap: reason=class_check action=maybe_recompile pc=0x000002679c7130ec method=com.sun.tools.javac.tree.TreeInfo.getStartPos(Lcom/sun/tools/javac/tree/JCTree;)I @ 357 c2
Event: 18.130 Thread 0x000002678cd387f0 DEOPT PACKING pc=0x000002679c7130ec sp=0x0000008efbcfcb40
Event: 18.130 Thread 0x000002678cd387f0 DEOPT UNPACKING pc=0x00000267945e23a3 sp=0x0000008efbcfcad0 mode 2
Event: 18.142 Thread 0x000002678cd387f0 Uncommon trap: trap_request=0xffffffde fr.pc=0x000002679c7130ec relative=0x000000000000086c
Event: 18.142 Thread 0x000002678cd387f0 Uncommon trap: reason=class_check action=maybe_recompile pc=0x000002679c7130ec method=com.sun.tools.javac.tree.TreeInfo.getStartPos(Lcom/sun/tools/javac/tree/JCTree;)I @ 357 c2
Event: 18.142 Thread 0x000002678cd387f0 DEOPT PACKING pc=0x000002679c7130ec sp=0x0000008efbcfc660
Event: 18.142 Thread 0x000002678cd387f0 DEOPT UNPACKING pc=0x00000267945e23a3 sp=0x0000008efbcfc5f0 mode 2
Event: 18.148 Thread 0x000002678cd387f0 Uncommon trap: trap_request=0xffffff45 fr.pc=0x000002679c3afd88 relative=0x0000000000000168
Event: 18.148 Thread 0x000002678cd387f0 Uncommon trap: reason=unstable_if action=reinterpret pc=0x000002679c3afd88 method=com.sun.tools.javac.util.IntHashTable.lookup(Ljava/lang/Object;)I @ 73 c2
Event: 18.148 Thread 0x000002678cd387f0 DEOPT PACKING pc=0x000002679c3afd88 sp=0x0000008efbcfca00
Event: 18.148 Thread 0x000002678cd387f0 DEOPT UNPACKING pc=0x00000267945e23a3 sp=0x0000008efbcfc968 mode 2

Classes unloaded (0 events):
No events

Classes redefined (0 events):
No events

Internal exceptions (20 events):
Event: 18.138 Thread 0x000002678cd387f0 Exception <a 'java/lang/NoSuchMethodError'{0x0000000713e9c668}: 'java.lang.Object java.lang.invoke.DirectMethodHandle$Holder.invokeSpecial(java.lang.Object, java.lang.Object, java.lang.Object, java.lang.Object, java.lang.Object, int)'> (0x0000000713e9c668) 
thrown [t:\workspace\open\src\hotspot\share\interpreter\linkResolver.cpp, line 766]
Event: 18.140 Thread 0x000002678cd387f0 Exception <a 'java/lang/NoSuchMethodError'{0x0000000713ea05f8}: 'java.lang.Object java.lang.invoke.Invokers$Holder.linkToTargetMethod(java.lang.Object, java.lang.Object, java.lang.Object, int, java.lang.Object)'> (0x0000000713ea05f8) 
thrown [t:\workspace\open\src\hotspot\share\interpreter\linkResolver.cpp, line 766]
Event: 18.151 Thread 0x000002678cd387f0 Exception <a 'sun/nio/fs/WindowsException'{0x0000000713ebc878}> (0x0000000713ebc878) 
thrown [t:\workspace\open\src\hotspot\share\prims\jni.cpp, line 516]
Event: 18.152 Thread 0x000002678cd387f0 Exception <a 'sun/nio/fs/WindowsException'{0x0000000713ebcf20}> (0x0000000713ebcf20) 
thrown [t:\workspace\open\src\hotspot\share\prims\jni.cpp, line 516]
Event: 18.152 Thread 0x000002678cd387f0 Exception <a 'sun/nio/fs/WindowsException'{0x0000000713ebde98}> (0x0000000713ebde98) 
thrown [t:\workspace\open\src\hotspot\share\prims\jni.cpp, line 516]
Event: 18.161 Thread 0x000002678cd387f0 Exception <a 'sun/nio/fs/WindowsException'{0x0000000713ed9278}> (0x0000000713ed9278) 
thrown [t:\workspace\open\src\hotspot\share\prims\jni.cpp, line 516]
Event: 18.162 Thread 0x000002678cd387f0 Exception <a 'sun/nio/fs/WindowsException'{0x0000000713ed9908}> (0x0000000713ed9908) 
thrown [t:\workspace\open\src\hotspot\share\prims\jni.cpp, line 516]
Event: 18.162 Thread 0x000002678cd387f0 Exception <a 'sun/nio/fs/WindowsException'{0x0000000713eda740}> (0x0000000713eda740) 
thrown [t:\workspace\open\src\hotspot\share\prims\jni.cpp, line 516]
Event: 18.191 Thread 0x000002678cd387f0 Exception <a 'sun/nio/fs/WindowsException'{0x0000000713fcf998}> (0x0000000713fcf998) 
thrown [t:\workspace\open\src\hotspot\share\prims\jni.cpp, line 516]
Event: 18.191 Thread 0x000002678cd387f0 Exception <a 'sun/nio/fs/WindowsException'{0x0000000713fd0038}> (0x0000000713fd0038) 
thrown [t:\workspace\open\src\hotspot\share\prims\jni.cpp, line 516]
Event: 18.192 Thread 0x000002678cd387f0 Exception <a 'sun/nio/fs/WindowsException'{0x0000000713fd0f20}> (0x0000000713fd0f20) 
thrown [t:\workspace\open\src\hotspot\share\prims\jni.cpp, line 516]
Event: 18.197 Thread 0x000002678cd387f0 Exception <a 'sun/nio/fs/WindowsException'{0x0000000713fdc080}> (0x0000000713fdc080) 
thrown [t:\workspace\open\src\hotspot\share\prims\jni.cpp, line 516]
Event: 18.198 Thread 0x000002678cd387f0 Exception <a 'sun/nio/fs/WindowsException'{0x0000000713fdc720}> (0x0000000713fdc720) 
thrown [t:\workspace\open\src\hotspot\share\prims\jni.cpp, line 516]
Event: 18.199 Thread 0x000002678cd387f0 Exception <a 'sun/nio/fs/WindowsException'{0x0000000713fdd608}> (0x0000000713fdd608) 
thrown [t:\workspace\open\src\hotspot\share\prims\jni.cpp, line 516]
Event: 18.208 Thread 0x000002678cd387f0 Exception <a 'sun/nio/fs/WindowsException'{0x0000000713c04ca0}> (0x0000000713c04ca0) 
thrown [t:\workspace\open\src\hotspot\share\prims\jni.cpp, line 516]
Event: 18.208 Thread 0x000002678cd387f0 Exception <a 'sun/nio/fs/WindowsException'{0x0000000713c05320}> (0x0000000713c05320) 
thrown [t:\workspace\open\src\hotspot\share\prims\jni.cpp, line 516]
Event: 18.208 Thread 0x000002678cd387f0 Exception <a 'sun/nio/fs/WindowsException'{0x0000000713c06078}> (0x0000000713c06078) 
thrown [t:\workspace\open\src\hotspot\share\prims\jni.cpp, line 516]
Event: 18.220 Thread 0x000002678cd387f0 Exception <a 'sun/nio/fs/WindowsException'{0x0000000713c31970}> (0x0000000713c31970) 
thrown [t:\workspace\open\src\hotspot\share\prims\jni.cpp, line 516]
Event: 18.220 Thread 0x000002678cd387f0 Exception <a 'sun/nio/fs/WindowsException'{0x0000000713c32000}> (0x0000000713c32000) 
thrown [t:\workspace\open\src\hotspot\share\prims\jni.cpp, line 516]
Event: 18.221 Thread 0x000002678cd387f0 Exception <a 'sun/nio/fs/WindowsException'{0x0000000713c32e38}> (0x0000000713c32e38) 
thrown [t:\workspace\open\src\hotspot\share\prims\jni.cpp, line 516]

VM Operations (20 events):
Event: 16.420 Executing VM operation: HandshakeAllThreads
Event: 16.438 Executing VM operation: HandshakeAllThreads done
Event: 16.483 Executing VM operation: HandshakeAllThreads
Event: 16.483 Executing VM operation: HandshakeAllThreads done
Event: 16.602 Executing VM operation: ICBufferFull
Event: 16.603 Executing VM operation: ICBufferFull done
Event: 16.822 Executing VM operation: ICBufferFull
Event: 16.822 Executing VM operation: ICBufferFull done
Event: 16.844 Executing VM operation: HandshakeAllThreads
Event: 16.845 Executing VM operation: HandshakeAllThreads done
Event: 16.969 Executing VM operation: HandshakeAllThreads
Event: 16.969 Executing VM operation: HandshakeAllThreads done
Event: 17.108 Executing VM operation: ICBufferFull
Event: 17.109 Executing VM operation: ICBufferFull done
Event: 17.451 Executing VM operation: ICBufferFull
Event: 17.452 Executing VM operation: ICBufferFull done
Event: 17.695 Executing VM operation: ICBufferFull
Event: 17.696 Executing VM operation: ICBufferFull done
Event: 18.190 Executing VM operation: ICBufferFull
Event: 18.190 Executing VM operation: ICBufferFull done

Events (20 events):
Event: 17.000 Thread 0x00000267affeccc0 flushing nmethod 0x0000026795c3e990
Event: 17.001 Thread 0x00000267affeccc0 flushing nmethod 0x0000026795c78090
Event: 17.001 Thread 0x00000267affeccc0 flushing nmethod 0x0000026795c89790
Event: 17.001 Thread 0x00000267affeccc0 flushing nmethod 0x0000026795ca0e90
Event: 17.001 Thread 0x00000267affeccc0 flushing nmethod 0x0000026795cbed90
Event: 17.001 Thread 0x00000267affeccc0 flushing nmethod 0x0000026795cd4310
Event: 17.001 Thread 0x00000267affeccc0 flushing nmethod 0x0000026795cf8e10
Event: 17.001 Thread 0x00000267affeccc0 flushing nmethod 0x0000026795d08210
Event: 17.001 Thread 0x00000267affeccc0 flushing nmethod 0x0000026795d0ac10
Event: 17.001 Thread 0x00000267affeccc0 flushing nmethod 0x0000026795d0bc10
Event: 17.001 Thread 0x00000267affeccc0 flushing nmethod 0x0000026795d26b10
Event: 17.001 Thread 0x00000267affeccc0 flushing nmethod 0x0000026795d49590
Event: 17.002 Thread 0x00000267affeccc0 flushing nmethod 0x0000026795da8b90
Event: 17.002 Thread 0x00000267affeccc0 flushing nmethod 0x0000026795dc1e10
Event: 17.002 Thread 0x00000267affeccc0 flushing nmethod 0x0000026795dc2290
Event: 17.002 Thread 0x00000267affeccc0 flushing nmethod 0x0000026795dcd790
Event: 17.002 Thread 0x00000267affeccc0 flushing nmethod 0x0000026795dd8310
Event: 17.002 Thread 0x00000267affeccc0 flushing nmethod 0x0000026795dfe210
Event: 17.002 Thread 0x00000267affeccc0 flushing nmethod 0x0000026795dfe710
Event: 17.003 Thread 0x00000267affeccc0 flushing nmethod 0x0000026795e8c810


Dynamic libraries:
0x00007ff721f00000 - 0x00007ff721f10000 	E:\developer_tools\Java\jdk-17.0.2\bin\java.exe
0x00007ffc6c320000 - 0x00007ffc6c529000 	C:\WINDOWS\SYSTEM32\ntdll.dll
0x00007ffc6b490000 - 0x00007ffc6b54d000 	C:\WINDOWS\System32\KERNEL32.DLL
0x00007ffc699b0000 - 0x00007ffc69d34000 	C:\WINDOWS\System32\KERNELBASE.dll
0x00007ffc6a050000 - 0x00007ffc6a161000 	C:\WINDOWS\System32\ucrtbase.dll
0x00007ffc48100000 - 0x00007ffc48118000 	E:\developer_tools\Java\jdk-17.0.2\bin\jli.dll
0x00007ffc483a0000 - 0x00007ffc483ba000 	E:\developer_tools\Java\jdk-17.0.2\bin\VCRUNTIME140.dll
0x00007ffc6b180000 - 0x00007ffc6b22e000 	C:\WINDOWS\System32\ADVAPI32.dll
0x00007ffc6b260000 - 0x00007ffc6b303000 	C:\WINDOWS\System32\msvcrt.dll
0x00007ffc6bb90000 - 0x00007ffc6bc2e000 	C:\WINDOWS\System32\sechost.dll
0x00007ffc6b860000 - 0x00007ffc6b981000 	C:\WINDOWS\System32\RPCRT4.dll
0x00007ffc6a2e0000 - 0x00007ffc6a48d000 	C:\WINDOWS\System32\USER32.dll
0x00007ffc69870000 - 0x00007ffc69896000 	C:\WINDOWS\System32\win32u.dll
0x00007ffc6b230000 - 0x00007ffc6b25a000 	C:\WINDOWS\System32\GDI32.dll
0x00007ffc69f30000 - 0x00007ffc6a04e000 	C:\WINDOWS\System32\gdi32full.dll
0x00007ffc53f20000 - 0x00007ffc541c5000 	C:\WINDOWS\WinSxS\amd64_microsoft.windows.common-controls_6595b64144ccf1df_6.0.22000.120_none_9d947278b86cc467\COMCTL32.dll
0x00007ffc698a0000 - 0x00007ffc6993d000 	C:\WINDOWS\System32\msvcp_win.dll
0x00007ffc5f680000 - 0x00007ffc5f68a000 	C:\WINDOWS\SYSTEM32\VERSION.dll
0x00007ffc6c190000 - 0x00007ffc6c1c1000 	C:\WINDOWS\System32\IMM32.DLL
0x00007ffc48390000 - 0x00007ffc4839c000 	E:\developer_tools\Java\jdk-17.0.2\bin\vcruntime140_1.dll
0x00007ffc37a80000 - 0x00007ffc37b0d000 	E:\developer_tools\Java\jdk-17.0.2\bin\msvcp140.dll
0x00007ffbbc8c0000 - 0x00007ffbbd481000 	E:\developer_tools\Java\jdk-17.0.2\bin\server\jvm.dll
0x00007ffc6bc40000 - 0x00007ffc6bc48000 	C:\WINDOWS\System32\PSAPI.DLL
0x00007ffc65cf0000 - 0x00007ffc65d23000 	C:\WINDOWS\SYSTEM32\WINMM.dll
0x00007ffc509d0000 - 0x00007ffc509d9000 	C:\WINDOWS\SYSTEM32\WSOCK32.dll
0x00007ffc6b750000 - 0x00007ffc6b7bf000 	C:\WINDOWS\System32\WS2_32.dll
0x00007ffc68780000 - 0x00007ffc68798000 	C:\WINDOWS\SYSTEM32\kernel.appcore.dll
0x00007ffc480f0000 - 0x00007ffc480fa000 	E:\developer_tools\Java\jdk-17.0.2\bin\jimage.dll
0x00007ffc66f20000 - 0x00007ffc67141000 	C:\WINDOWS\SYSTEM32\DBGHELP.DLL
0x00007ffc65cb0000 - 0x00007ffc65ce1000 	C:\WINDOWS\SYSTEM32\dbgcore.DLL
0x00007ffc69eb0000 - 0x00007ffc69f2f000 	C:\WINDOWS\System32\bcryptPrimitives.dll
0x00007ffc42010000 - 0x00007ffc42035000 	E:\developer_tools\Java\jdk-17.0.2\bin\java.dll
0x00007ffc318f0000 - 0x00007ffc319c6000 	E:\developer_tools\Java\jdk-17.0.2\bin\jsvml.dll
0x00007ffc6a4c0000 - 0x00007ffc6ac85000 	C:\WINDOWS\System32\SHELL32.dll
0x00007ffc677d0000 - 0x00007ffc68032000 	C:\WINDOWS\SYSTEM32\windows.storage.dll
0x00007ffc6bc50000 - 0x00007ffc6bfc6000 	C:\WINDOWS\System32\combase.dll
0x00007ffc67660000 - 0x00007ffc677c7000 	C:\WINDOWS\SYSTEM32\wintypes.dll
0x00007ffc6a1f0000 - 0x00007ffc6a2da000 	C:\WINDOWS\System32\SHCORE.dll
0x00007ffc6b6f0000 - 0x00007ffc6b74d000 	C:\WINDOWS\System32\shlwapi.dll
0x00007ffc69670000 - 0x00007ffc69695000 	C:\WINDOWS\SYSTEM32\profapi.dll
0x00007ffc42640000 - 0x00007ffc42659000 	E:\developer_tools\Java\jdk-17.0.2\bin\net.dll
0x00007ffc62650000 - 0x00007ffc62764000 	C:\WINDOWS\SYSTEM32\WINHTTP.dll
0x00007ffc68c60000 - 0x00007ffc68cc7000 	C:\WINDOWS\system32\mswsock.dll
0x00007ffc3f080000 - 0x00007ffc3f096000 	E:\developer_tools\Java\jdk-17.0.2\bin\nio.dll
0x00007ffc3f060000 - 0x00007ffc3f078000 	E:\developer_tools\Java\jdk-17.0.2\bin\zip.dll
0x00007ffc480e0000 - 0x00007ffc480f0000 	E:\developer_tools\Java\jdk-17.0.2\bin\verify.dll
0x00007ffc47e70000 - 0x00007ffc47e7a000 	E:\developer_tools\maven\apache-maven-3.6.3\lib\jansi-native\windows64\jansi.dll

dbghelp: loaded successfully - version: 4.0.5 - missing functions: none
symbol engine: initialized successfully - sym options: 0x614 - pdb path: .;E:\developer_tools\Java\jdk-17.0.2\bin;C:\WINDOWS\SYSTEM32;C:\WINDOWS\WinSxS\amd64_microsoft.windows.common-controls_6595b64144ccf1df_6.0.22000.120_none_9d947278b86cc467;E:\developer_tools\Java\jdk-17.0.2\bin\server;E:\developer_tools\maven\apache-maven-3.6.3\lib\jansi-native\windows64

VM Arguments:
jvm_args: -Dclassworlds.conf=E:\developer_tools\maven\apache-maven-3.6.3\bin\..\bin\m2.conf -Dmaven.home=E:\developer_tools\maven\apache-maven-3.6.3\bin\.. -Dlibrary.jansi.path=E:\developer_tools\maven\apache-maven-3.6.3\bin\..\lib\jansi-native -Dmaven.multiModuleProjectDirectory=E:\×ÀÃæ\javahotel\heqing99 
java_command: org.codehaus.plexus.classworlds.launcher.Launcher clean compile
java_class_path (initial): E:\developer_tools\maven\apache-maven-3.6.3\bin\..\boot\plexus-classworlds-2.6.0.jar
Launcher Type: SUN_STANDARD

[Global flags]
     intx CICompilerCount                          = 12                                        {product} {ergonomic}
     uint ConcGCThreads                            = 3                                         {product} {ergonomic}
     uint G1ConcRefinementThreads                  = 13                                        {product} {ergonomic}
   size_t G1HeapRegionSize                         = 2097152                                   {product} {ergonomic}
    uintx GCDrainStackTargetSize                   = 64                                        {product} {ergonomic}
   size_t InitialHeapSize                          = 257949696                                 {product} {ergonomic}
   size_t MarkStackSize                            = 4194304                                   {product} {ergonomic}
   size_t MaxHeapSize                              = 4127195136                                {product} {ergonomic}
   size_t MaxNewSize                               = 2474639360                                {product} {ergonomic}
   size_t MinHeapDeltaBytes                        = 2097152                                   {product} {ergonomic}
   size_t MinHeapSize                              = 8388608                                   {product} {ergonomic}
    uintx NonNMethodCodeHeapSize                   = 7602480                                {pd product} {ergonomic}
    uintx NonProfiledCodeHeapSize                  = 122027880                              {pd product} {ergonomic}
    uintx ProfiledCodeHeapSize                     = 122027880                              {pd product} {ergonomic}
    uintx ReservedCodeCacheSize                    = 251658240                              {pd product} {ergonomic}
     bool SegmentedCodeCache                       = true                                      {product} {ergonomic}
   size_t SoftMaxHeapSize                          = 4127195136                             {manageable} {ergonomic}
     bool UseCompressedClassPointers               = true                           {product lp64_product} {ergonomic}
     bool UseCompressedOops                        = true                           {product lp64_product} {ergonomic}
     bool UseG1GC                                  = true                                      {product} {ergonomic}
     bool UseLargePagesIndividualAllocation        = false                                  {pd product} {ergonomic}

Logging:
Log output configuration:
 #0: stdout all=warning uptime,level,tags
 #1: stderr all=off uptime,level,tags

Environment Variables:
JAVA_HOME=E:\developer_tools\Java\jdk-17.0.2
PATH=C:\Python313\Scripts\;C:\Python313\;C:\Program Files\Common Files\Oracle\Java\javapath;C:\Windows\system32;C:\Windows;C:\Windows\System32\Wbem;C:\Windows\System32\WindowsPowerShell\v1.0\;C:\Windows\System32\OpenSSH\;C:\Program Files (x86)\NVIDIA Corporation\PhysX\Common;C:\Program Files\NVIDIA Corporation\NVIDIA NvDLISR;C:\Program Files\dotnet\;C:\Program Files\Microsoft SQL Server\130\Tools\Binn\;C:\Program Files\Microsoft SQL Server\Client SDK\ODBC\170\Tools\Binn\;C:\WINDOWS\system32;C:\WINDOWS;C:\WINDOWS\System32\Wbem;C:\WINDOWS\System32\WindowsPowerShell\v1.0\;C:\WINDOWS\System32\OpenSSH\;E:\developer_tools\Java\jdk-17.0.2\bin;E:\developer_tools\Java\jdk-17.0.2\jre\bin;E:\developer_tools\mysql-5.7.24-winx64\mysql-5.7.24-winx64\bin;E:\developer_tools\maven\apache-maven-3.6.3\bin;E:\developer_tools\Android\android-sdk_r24.4.1-windows\android-sdk-windows\platform-tools;D:\VS2019\freeglut-3.4.0.tar\freeglut-3.4.0;D:\VS2019\freeglut-3.4.0.tar\freeglut-3.4.0\freeglut-3.4.0;E:\developer_tools\apache-tomcat-8.5.68-windows-x64\apache-tomcat-8.5.68\bin;E:\developer_tools\Git\cmd;E:\developer_tools\Xshell 7\;E:\developer_tools\Xftp 7\;E:\developer_tools\nodejs\node_modules;C:\ProgramData\chocolatey\bin;C:\Program Files\nodejs\;C:\Program Files\Docker\Docker\resources\bin;C:\Program Files\MySQL\MySQL Shell 8.0\bin\;E:\developer_tools\anaconda3;E:\developer_tools\anaconda3\Library\mingw-w64\bin;E:\developer_tools\anaconda3\Library\usr\bin;E:\developer_tools\anaconda3\Library\bin;E:\developer_tools\anaconda3\Scripts;C:\Users\ÉÏÉÆÈôË®\AppData\Local\Programs\Python\Launcher\;E:\developer_tools\Python\Python311\Scripts\;E:\developer_tools\Python\Python311\;C:\Users\ÉÏÉÆÈôË®\AppData\Local\Programs\Python\Python39\Scripts\;C:\Users\ÉÏÉÆÈôË®\AppData\Local\Programs\Python\Python39\;C:\Users\ÉÏÉÆÈôË®\AppData\Local\Microsoft\WindowsApps;C:\Users\ÉÏÉÆÈôË®\.dotnet\tools;D:\Microsoft VS Code\bin;E:\developer_tools\IntelliJ IDEA Community Edition 2021.3.2\bin;;D:\QQÓÎÏ·\QQGameTempest\Ha
USERNAME=ÉÏÉÆÈôË®
LANG=zh_CN.UTF-8
OS=Windows_NT
PROCESSOR_IDENTIFIER=AMD64 Family 23 Model 96 Stepping 1, AuthenticAMD



---------------  S Y S T E M  ---------------

OS:
 Windows 11 , 64 bit Build 22000 (10.0.22000.2538)
OS uptime: 0 days 5:19 hours
Hyper-V role detected

CPU: total 16 (initial active 16) (16 cores per cpu, 2 threads per core) family 23 model 96 stepping 1 microcode 0x0, cx8, cmov, fxsr, ht, mmx, 3dnowpref, sse, sse2, sse3, ssse3, sse4a, sse4.1, sse4.2, popcnt, lzcnt, tsc, tscinvbit, avx, avx2, aes, clmul, bmi1, bmi2, adx, sha, fma, vzeroupper, clflush, clflushopt, hv

Memory: 4k page, system-wide physical 15742M (1490M free)
TotalPageFile size 51030M (AvailPageFile size 5M)
current process WorkingSet (physical memory assigned to process): 433M, peak: 449M
current process commit charge ("private bytes"): 507M, peak: 516M

vm_info: Java HotSpot(TM) 64-Bit Server VM (17.0.2+8-LTS-86) for windows-amd64 JRE (17.0.2+8-LTS-86), built on Dec  7 2021 21:51:03 by "mach5one" with MS VC++ 16.8 / 16.9 (VS2019)

END.
